139.098 8.57853
141.781 8.56951
140.697 9.11545
144.389 9.538
140.552 9.64446
140.07 8.82109
142.418 8.99202
140.096 8.3311
141.751 8.76786
143.751 8.4237
141.449 8.90219
137.936 8.50256
136.35 8.59917
135.592 8.80816
138.144 8.2447
138.558 8.72188
137.211 7.82277
139.789 8.57459
143.431 8.32893
142.897 7.85458
143.221 8.66305
140.157 9.58738
142.858 7.63901
139.24 8.90429
140.916 8.48881
139.903 9.18061
140.639 7.55796
142.999 8.56829
140.468 7.74266
140.102 8.08185
138.435 8.97936
139.098 9.24093
140.556 7.60063
140.221 7.04678
138.644 8.7109
140.512 8.47802
143.7 8.03479
145.75 8.31109
144.866 8.23027
142.772 8.92439
144.185 8.92399
141.677 9.67203
139.879 10.193
138.14 9.76943
138.368 9.54903
141.068 8.25739
143.871 8.28791
144.813 7.85402
142.96 9.18916
141.489 8.81637
142.362 8.4984
143.91 8.71062
145.041 9.13695
145.31 7.98059
143.634 8.93631
142.394 9.1166
142.522 9.06639
141.604 9.254
143.051 9.94398
143.111 8.16397
143.891 8.70983
145.686 8.38856
148.101 7.41197
147.291 8.10629
145.836 8.00795
143.702 9.40413
146.569 8.9925
146.154 8.51222
146.552 8.51821
146.578 9.05355
144.907 8.72472
144.337 9.30751
144.893 8.06028
141.276 9.53339
138.541 8.60719
137.901 8.29232
139.2 8.94293
140.581 8.27983
136.878 8.63525
140.625 9.17994
140.774 8.61354
141.07 8.06397
139.604 8.82516
140.238 8.74435
144.208 8.61019
140.656 9.24969
142.698 8.28506
139.317 8.70133
140.011 8.7817
146.713 8.25941
145.439 7.9069
140.923 8.44622
140.311 9.34367
138.264 8.76968
143.433 9.48401
143.613 8.45155
143.52 8.77303
144.641 9.0752
138.711 9.88623
136.515 9.02666
136.311 8.78953
138.023 9.34832
136.845 7.9649
135.717 8.60296
140.001 7.7642
137.359 8.14132
138.447 7.56567
138.512 8.79709
140.504 8.18688
145.382 8.47179
142.085 8.747
142.006 9.18411
142.63 8.54825
139.506 9.01441
143.999 7.92587
144.205 9.07804
144.718 9.27018
143.361 8.88043
145.997 8.02082
145.431 8.00674
146.205 8.01395
145.893 7.92534
141.903 8.45437
144.07 8.99345
148.242 7.34623
148.057 7.52697
149.29 8.70739
146.774 8.38483
147.742 7.87985
150.165 7.87013
146.433 9.67515
144.694 8.3306
143.428 9.38811
142.47 9.467
142.321 9.26017
144.593 8.80192
142.895 8.29071
140.822 8.37694
141.163 8.07489
146.137 8.20795
143.782 8.29677
143.025 9.10535
141.986 8.76302
142.191 8.83608
143.236 8.36395
143.705 8.4678
145.392 8.56016
143.432 8.1219
145.498 7.85449
141.219 9.06422
141.413 9.41606
141.471 8.62523
141.459 8.51662
140.828 8.82529
141.397 8.14708
143.765 7.49551
141.171 9.17668
138.098 8.81795
141.614 8.57562
139.835 8.26703
140.114 8.20872
142.656 8.70671
142.865 9.12756
142.73 7.94004
140.269 7.84734
139.176 7.85635
137.996 8.0108
143.444 7.93356
143.375 9.26019
142.828 7.45745
147.045 8.29502
145.364 8.68361
145.664 8.62434
147.196 8.06685
149.023 8.52592
140.613 9.10087
139.028 7.8939
138.292 9.58111
142.376 7.911
140.475 9.0596
140.265 9.03305
139.583 9.26159
139.535 8.98023
143.32 8.75459
139.323 8.31867
141.248 9.33678
141.556 8.38157
140.832 8.62554
141.856 8.26067
139.357 9.34748
139.826 8.74365
140.106 9.09599
137.429 8.09892
137.491 8.67334
139.011 8.30299
138.125 7.74352
142.712 7.648
144.119 8.50741
141.621 7.41543
141.55 8.45894
141.801 8.40231
142.5 9.20873
141.51 8.79119
144.964 9.00737
146.856 8.20102
144.979 10.1587
147.787 8.20074
145.508 7.71856
144.102 8.43313
143.913 7.87362
144.097 8.9762
141.178 8.06377
141.143 8.47543
139.422 9.50062
138.689 8.36793
141.156 7.97989
138.282 8.6184
139.504 8.3201
144.378 7.89916
140.48 9.54566
141.118 9.1165
137.709 8.55226
140.666 8.60434
139.578 8.32885
139.363 7.61591
140.2 8.26628
142.194 7.75069
141.052 8.07334
140.865 8.12344
141.713 8.58328
143.177 9.28691
142.611 7.86723
139.543 8.94678
139.859 8.64971
137.362 9.50504
137.464 9.03811
140.454 9.13888
138.721 8.53537
138.394 8.27351
140.328 8.24059
141.179 9.20731
140.26 8.40362
142.669 8.61704
141.913 9.05603
144.69 7.43411
142.808 9.4864
139.177 8.34977
139.068 8.97321
136.597 8.53625
138.293 8.64413
137.025 8.76196
137.742 9.30391
139.261 8.34135
142.174 8.24561
141.78 8.44836
139.183 9.06103
140.65 8.29025
138.902 8.1007
140.098 8.78256
140.325 9.1443
138.996 7.89876
139.558 7.82513
139.078 8.81559
142.248 7.11913
144.55 8.48926
142.818 8.28889
141.618 7.99182
141.457 8.19591
138.015 9.19879
136.843 9.11579
135.642 8.62044
139.865 8.87032
138.896 8.87267
142.029 8.87918
138.521 8.92436
141.171 7.53596
139.275 8.12518
138.494 8.79409
142.766 8.46325
143.487 9.22133
140.462 9.27885
140.817 10.0411
140.109 8.04185
140.769 7.7499
141.595 10.084
137.666 9.45336
138.094 8.95427
140.082 9.1716
143.795 8.23981
143.4 7.86204
140.837 8.51251
143.521 7.73518
140.457 8.23423
141.489 8.2005
144.039 7.23172
141.993 7.07315
142.8 7.76604
142.369 8.46977
141.023 8.0656
142.355 9.00524
140.377 8.04264
141.097 9.01354
143.51 8.83964
140.409 8.27984
141.2 7.80625
141.739 8.74674
137.78 9.28449
140.381 8.6368
139.087 8.47439
141.826 8.54096
142.748 9.03619
142.287 8.96284
142.518 8.62672
140.834 8.43974
140.475 8.71057
142.319 8.90405
140.717 8.39367
144.823 8.20585
143.614 9.65123
142.567 8.75882
145.291 8.44143
142.302 8.41257
140.395 8.02626
138.766 9.32113
140.406 9.00898
135.524 9.69279
139.407 7.6367
143.744 8.06806
145.653 7.01358
142.574 7.97603
140.074 8.93988
139.166 7.90792
138.606 8.65983
137.673 8.06813
137.424 8.15939
139.674 8.75492
137.605 8.6077
135.899 8.45502
142.566 8.82485
141.967 8.02475
140.356 7.49746
142.823 8.07947
141.169 9.51105
145.55 8.365
143.625 8.26926
141.828 9.05525
140.056 8.89825
138.852 8.00829
139.143 8.5214
144.221 9.53533
143.328 8.84492
143.357 8.47367
140.663 8.12043
142.086 9.34245
142.093 9.62685
145.183 8.55637
141.736 8.5092
146.206 8.04213
148.905 8.06494
146.263 7.82708
148.118 8.91326
148.632 8.82484
146.792 9.38758
144.146 8.51435
146.379 8.92308
143.721 8.06275
142.961 7.20726
138.862 8.59069
137.173 8.32501
140.236 8.3736
138.821 7.49957
135.998 7.54285
143.509 9.25982
143.348 8.68726
141.968 8.72354
149.361 8.42487
143.974 8.19326
140.698 8.05867
140.665 7.98181
141.252 8.06311
141.283 8.5049
144.79 9.05008
139.558 8.8138
145.294 9.31114
146.879 9.21325
143.498 8.22024
144.358 8.28569
143.332 8.92245
143.251 7.75014
141.828 9.05133
142.062 9.69571
141.713 8.68023
142.101 7.94337
142.079 8.21928
141.832 7.92703
141.901 7.84307
143.017 8.61197
144.226 8.26187
143.542 8.53538
145.628 8.86146
141.52 8.28514
141.364 8.95934
139.988 9.11916
141.282 9.26892
142.793 6.75214
143.277 8.72735
137.93 9.12644
139.032 7.58941
138.874 8.38891
140.763 8.57525
138.611 8.94001
142.231 8.6025
140.82 8.06857
142.877 8.07224
144.233 9.18638
141.779 8.93709
142.523 9.3331
142.024 9.31147
142.192 9.15528
141.799 9.08251
143.18 8.57988
136.268 8.39943
140.172 8.99174
143.389 8.55981
141.236 8.69915
143.204 8.44408
144.178 7.08666
141.047 8.17051
145.018 8.59475
145.3 7.9511
144.431 8.45585
143.088 8.12741
142.494 8.12605
143.933 8.37307
143.806 8.97848
143.76 9.17088
142.621 8.52504
142.614 8.93519
142.997 8.31516
144.737 7.70825
146.35 8.79354
142.385 8.87246
146.25 8.7321
143.111 9.66309
142.775 7.076
146.638 9.47581
143.836 9.16211
143.543 7.21743
142.679 9.87381
148.435 8.66424
145.233 8.91478
146.052 8.91215
146.18 8.98046
143.858 7.72342
144.152 7.79912
142.532 7.96187
146.337 7.92907
143.423 8.29322
142.851 8.32542
143.917 8.63562
146.782 8.61817
139.85 8.1465
139.857 7.71399
145.552 8.34575
143.727 9.03393
144.151 8.51743
145.752 8.65898
141.843 8.71289
144.323 8.59561
143.742 7.67605
143.65 9.33467
137.789 9.67341
139.463 9.2728
142.35 7.9124
142.364 8.28382
143.599 8.65047
142.213 8.76174
142.561 8.52342
139.061 7.9849
142.234 8.31167
141.181 8.51737
140.61 8.55262
140.773 8.46342
138.504 9.42099
140.698 9.34325
143.284 8.83148
143.114 9.08941
145.008 8.50493
141.413 7.54488
142.481 9.5425
143.747 8.4514
147.326 7.39748
144.007 9.83266
144.201 8.88054
142.458 8.38733
143.957 7.32272
142.938 9.12112
145.491 8.19326
146.774 7.50803
143.154 8.21882
146.732 8.81643
144.912 7.4007
141.537 9.66623
143.7 8.37528
143.35 7.95789
142.95 9.15617
138.491 8.35119
139.37 8.51103
146.913 8.02454
146.721 7.81458
142.627 8.02272
139.269 8.57092
139.939 7.98557
142.246 8.17288
141.144 8.93123
143.194 9.36982
138.487 9.38185
138.15 8.23606
140.03 8.92004
140.905 7.81036
140.767 9.22633
137.017 7.92312
137.425 8.83602
138.321 9.56483
140.558 8.37254
142.119 9.48592
139.517 8.88117
145.938 8.56616
145.196 7.89204
143.596 8.06017
140.289 8.65665
140.02 8.73556
138.432 8.03314
142.482 8.77024
143.508 8.71283
141.292 8.20416
139.392 8.39745
143.632 7.07873
140.726 8.02022
139.499 8.56239
138.012 7.84577
136.334 7.99625
138.437 8.03801
138.378 8.11826
139.903 8.22852
138.988 8.55831
140.155 9.29538
146.887 8.59901
144.355 8.70129
144.914 9.59376
142.79 9.34692
143.874 8.90275
141.908 8.98157
143.366 8.3106
140.321 8.63944
143.883 7.69638
144.735 8.68987
143.771 8.73274
146.531 8.7131
144.774 8.39492
140.441 9.02348
139.934 8.45558
142.68 8.9362
141.935 8.77115
143.577 9.14915
140.651 7.44852
140.277 8.76564
147.716 8.59952
148.478 9.35777
141.975 8.45054
144.847 7.90668
142.622 8.10452
142.941 8.05243
144.079 9.44743
142.189 9.12591
140.813 8.23876
138.474 7.97997
137.304 7.92798
141.26 8.00405
142.478 8.34435
139.145 8.12459
142.64 8.15562
139.73 8.68482
139.063 8.78527
145.114 8.34365
143.831 8.94571
146.733 7.88296
147.55 7.86753
145.493 7.87957
146.535 8.15911
142.113 8.88685
144.324 8.54579
138.374 8.5628
140.334 8.19565
135.901 7.91777
139.096 7.83093
137.31 9.60811
137.203 9.005
137.127 9.143
139.273 9.32459
143.078 8.62131
143.175 8.56906
140.632 7.70875
140.906 8.34864
139.604 8.06094
141.037 8.26327
140.468 8.98791
143.28 7.44282
143.4 8.13446
142.792 8.93616
140.929 9.44782
143.414 9.37647
142.066 8.85556
141.57 8.17925
144.039 7.80048
146.039 8.25861
148.773 7.43551
147.369 8.10653
147.485 8.84319
147.7 8.84766
142.366 8.48582
143.046 8.07812
143.622 9.18464
148.35 9.23391
144.857 8.6718
144.007 9.78982
146.825 8.20448
145.177 8.80706
145.216 8.11559
147.302 9.33774
147.302 7.75407
148.398 8.58835
146.443 8.23942
149.473 7.99713
143.897 8.51592
145.429 8.3465
146.382 9.41488
148.6 9.09834
145.299 8.4823
147.513 8.55292
145.055 8.00235
146.534 7.96097
148.419 8.56364
145.924 8.69027
142.688 8.77318
140.209 9.1821
139.279 8.85869
140.567 8.91184
141.564 9.12439
139.073 8.27624
139.21 8.78931
138.415 8.80076
138.26 8.54141
137.412 8.3416
139.016 9.08226
139.385 8.39623
138.897 8.35149
141.36 8.08727
144.79 8.11795
143.3 9.25152
145.011 9.44955
147.895 7.82716
145.173 7.94101
146.235 8.55708
145.791 8.60653
144.897 8.23498
147.899 7.83099
142.916 8.83498
140.509 9.7951
141.932 8.19248
142.109 8.86932
141.808 8.50111
140.536 9.27122
141.168 7.69365
143.861 8.18272
145.869 8.66437
144.995 8.05807
141.2 8.04232
140.622 7.88207
147.609 7.76258
145.282 8.66385
143.387 8.65711
145.79 8.44775
147.055 9.24773
142.781 8.3605
145.568 8.77557
145.166 8.5076
145.731 9.03199
146.245 7.4056
149.444 8.4361
145.732 9.76334
146.23 8.40268
145.566 8.76168
148.868 9.04384
148.014 7.99787
148.014 8.66572
146.19 8.89101
145.513 8.49084
143.407 8.66331
143.546 8.24244
145.848 8.23505
149.657 8.54837
147.63 8.65091
145.441 8.33088
140.928 7.93653
143.98 8.10227
144.375 8.21218
145.29 8.68234
150.789 8.72419
149.788 7.84841
147.056 8.66123
150.687 8.59558
147.041 8.24373
149.056 8.92622
143.432 8.04972
145.851 8.32428
143.204 7.97392
143.321 7.73372
142.36 7.54682
141.085 9.04962
143.009 7.66705
140.812 7.61442
142.204 8.10827
140.875 8.92422
141.953 8.85601
141.471 9.40096
138.217 8.659
137.317 8.52109
141.091 7.90126
140.971 8.35251
141.47 7.43778
141.428 8.15428
141.881 7.5152
142.921 8.77607
143.718 8.2187
140.067 9.14206
141.03 9.06286
140.534 8.14791
139.364 8.41952
137.609 8.45308
137.666 9.46265
136.721 8.43125
139.508 7.15101
138.246 7.79677
137.819 8.65459
138.713 8.93894
137.627 8.81378
138.925 9.07538
143.492 9.00803
145.135 8.19996
144.074 8.43226
146.514 9.31567
142.82 8.63917
144.554 8.54482
139.368 8.03663
140.353 8.36901
138.904 9.57063
142.193 8.17876
140.489 7.79234
142.321 8.71992
144.293 8.59766
144.678 7.68315
144.024 8.22553
144.097 9.46428
140.54 8.60871
140.358 8.2717
141.606 9.94421
138.764 8.8077
135.932 8.27802
140.606 8.15697
139.95 9.56926
140.849 8.04021
141.786 7.94077
142.674 7.91872
142.683 6.95317
139.133 8.64457
139.357 7.877
140.037 8.52533
142.019 8.7656
136.314 8.738
139.43 8.73607
138.332 8.72948
141.703 8.75274
139.524 8.68687
140.519 8.58136
138.108 8.70308
137.327 8.38471
138.815 8.4429
136.17 9.07655
139.777 8.14812
138.759 8.68719
138.942 8.92703
144.977 7.77506
143.332 9.54127
140.079 8.61627
143.054 9.31558
142.862 8.87551
142.109 8.7412
138.451 7.86363
139.35 9.09237
140.578 8.10149
137.593 8.56922
140.376 8.71069
138.97 8.91526
135.248 9.04754
141.639 7.46223
138.322 9.12385
138.171 8.86329
137.118 8.09431
136.73 9.25747
138.456 9.42307
138.024 10.3981
143.334 9.03558
139.776 8.97606
140.518 9.39771
140.315 8.64785
139.006 9.57125
139.485 7.2714
140.876 8.06314
141.542 8.45831
143.209 8.94043
142.797 8.75606
142.912 9.13778
143.213 8.05565
148.31 8.46612
142.023 9.15449
143.073 10.1267
143.022 8.8803
145.415 8.22924
145.135 8.53939
143.324 8.67817
143.059 9.13842
144.994 8.68357
143.896 9.45553
143.532 7.70976
139.63 8.22969
140.602 8.32942
139.041 8.64014
140.971 8.34437
141.061 8.3672
142.959 8.69755
138.966 8.74386
141.005 9.01596
137.694 9.06317
134.785 8.60116
138.237 8.02459
136.326 9.14176
135.984 8.17654
137.68 8.1742
137.704 7.55512
137.377 9.14375
142.848 8.08289
142.534 8.95466
141.459 8.89076
143.948 7.7992
136.916 9.16061
143.713 8.68619
143.741 10.0977
145.661 7.92957
142.044 9.20782
145.764 9.1408
146.769 8.17971
141.813 9.12056
142.872 8.80638
143.31 8.51539
142.194 8.33596
146.99 9.06907
143.93 6.56673
150.055 8.23133
148.974 8.46617
147.005 7.55562
146.464 8.69821
144.737 8.92965
146.913 9.07581
145.72 8.80845
149.959 8.76434
144.617 9.33771
147.88 9.44746
145.118 8.51868
145.77 9.02496
144.061 9.07778
142.645 9.14595
143.109 8.72666
141.113 8.7522
141.999 8.63188
144.468 8.50286
145.7 8.04517
139.918 9.18414
142.943 9.36064
140.629 9.52584
140.519 9.13284
143.419 9.20308
135.802 8.63899
138.957 10.2575
137.439 6.59891
138.312 9.70406
137.626 9.29202
138.697 8.76427
137.205 9.45694
140.654 9.58477
141.589 8.90734
137.077 7.73612
140.03 7.62996
139.895 7.60417
138.446 8.19658
138.681 9.06793
140.795 9.1192
141.539 9.13612
140.672 9.48352
140.025 8.22034
136.056 9.05793
138.297 8.81449
139.99 8.88795
140.406 8.76276
140.197 9.12403
139.844 8.39116
140.175 7.96927
142.893 7.88134
144.287 8.54914
145.313 9.11443
143.874 8.8939
145.067 8.05582
141.854 8.66053
143.903 8.72735
144.495 7.99742
144.696 8.85436
141.027 8.98467
140.44 9.6797
140.191 9.33687
144.789 8.39528
138.005 8.27506
144.284 8.09264
145.869 8.12104
145.636 8.39918
145.759 7.88622
145.759 7.41457
145.307 8.14356
140.772 8.3795
140.88 8.41123
141.425 8.04368
138.715 8.60288
142.048 8.15514
142.187 8.92295
142.975 9.52378
139.612 7.89401
140.879 8.48789
139.646 8.42678
139.489 8.42919
139.813 8.18463
142.232 7.24858
140.37 9.13031
141.016 8.58484
141.974 7.76313
140.609 7.2585
142.84 8.36599
142.502 8.37835
141.434 7.87986
138.859 8.82967
136.752 8.77324
141.538 9.19492
144.493 8.54752
135.795 9.15238
142.468 8.01761
141.363 9.29884
138.512 8.95404
139.251 9.13198
140.345 8.84382
145.165 8.96079
143.791 8.14524
138.131 8.30565
139.242 7.94451
141.745 8.91035
142.134 7.42572
138.833 8.14409
143 7.59635
141.872 8.94377
142.654 9.48389
140.374 7.93265
142.862 7.82267
139.207 8.48891
139.791 7.84112
138.504 8.38898
140.016 9.65744
141.926 8.05217
142.304 8.66243
143.066 8.96053
140.696 8.72641
142.026 8.06086
143.776 8.47702
141.166 8.98188
141.722 8.63288
141.545 7.79712
146.465 8.1819
144.496 9.34916
142.34 8.19363
149.631 7.23347
149.024 9.19586
147.335 7.38505
147.494 8.24546
143.144 9.56845
144.94 9.43018
149.201 8.26818
148.527 7.88768
148.803 7.7859
148.68 8.12142
150.823 8.60495
146.951 8.35973
149.333 8.1276
148.45 7.98174
144.837 8.40882
146.64 8.42193
145.607 8.43291
143.862 9.34018
139.82 8.90806
142.256 9.6308
142.445 8.4447
143.015 8.44189
143.772 8.89294
143.002 7.46355
142.76 7.45923
143.047 8.85591
141.064 9.53782
140.776 9.64602
143.568 8.62656
145.928 8.0141
141.629 8.68092
143.194 7.67671
143.107 8.04255
141.71 8.83731
143.195 8.39951
142.499 9.74374
141.419 9.37351
147.245 9.54235
144.735 8.99164
144.682 8.63133
145.954 8.94715
147.299 9.24223
147.562 9.43804
146.089 8.40486
142.029 8.4541
145.981 7.3855
143.59 9.02307
140.051 6.70009
141.406 8.50953
138.468 7.56639
144.496 7.79045
140.618 8.87183
141.495 8.35206
143.062 8.02611
143.571 8.15037
139.693 9.21018
139.62 8.31423
136.449 8.98529
138.424 9.01328
140.39 8.71705
143.249 8.28341
139.486 8.64034
141.096 9.45401
141.615 8.07751
141.794 8.53925
143.352 8.84923
143.218 8.22821
143.041 8.65495
141.445 8.91566
140.084 7.48929
141.654 7.74797
142.972 9.12728
142.888 9.10106
140.657 9.06933
144.129 9.06342
145.148 9.08502
144.229 9.06147
146.988 8.0062
146.619 8.5316
144.597 9.11259
145.616 8.10972
146.203 9.48441
140.701 8.34687
142.272 8.82685
145.413 8.25678
139.509 8.47809
141.462 8.48366
141.75 8.55233
142.137 9.42066
144.167 8.9948
143.025 8.50446
142.543 8.79657
141.473 8.69294
137.887 8.57521
143.8 8.73352
142.043 8.885
138.942 8.9938
143.758 8.68287
146.333 8.13278
139.413 7.97017
140.912 8.20237
138.419 8.35383
140.045 8.29632
139.561 8.41967
144.212 7.96515
141.352 8.93286
140.851 9.39546
139.991 9.30265
137.961 8.67502
135.805 8.93141
138.579 8.40407
139.677 8.87999
144.517 8.3751
137.834 8.77885
141.695 8.18159
142.082 8.15159
142.457 8.36247
140.004 8.939
141.804 8.21594
140.79 8.33885
144.337 7.87156
142.81 9.36859
141.386 10.1391
141.044 7.52656
141.395 8.98205
142.574 9.66132
140.232 8.26543
140.867 8.43119
140.575 8.52239
140.73 9.21528
139.589 8.651
139.848 9.00522
136.918 7.99423
137.547 10.0282
139.284 8.7423
138.4 8.58488
139.163 7.76589
139.641 8.22836
143.013 8.12292
142.034 9.16997
139.499 7.77267
137.746 8.68905
143.897 8.59034
142.532 8.06728
142.726 8.42966
146.779 8.64201
148.708 8.33328
142.63 9.40452
148.478 8.29983
143.157 9.64025
142.298 8.96631
141.994 7.68518
145.298 7.52305
147.577 9.17802
144.156 9.07783
143.969 8.8317
142.958 7.83109
139.664 9.01848
142.245 8.95311
140.396 9.09743
142.626 8.87295
142.62 7.53428
141.412 9.26667
140.55 7.01564
139.011 8.87685
142.569 7.46399
139.882 8.34908
140.763 8.09485
141.846 8.53646
142.474 8.36178
138.673 8.59154
139.285 8.82524
141.269 8.83532
139.871 8.07891
139.033 7.82501
138.786 8.97449
138.761 8.93375
138.085 8.93712
139.785 8.1053
140.727 7.68555
135.155 8.433
138.056 9.22776
141.597 8.48974
143.685 8.03876
141.019 8.15137
137.662 9.05127
141.018 8.40642
138.307 8.68278
138.185 9.21188
137.694 9.76941
137.138 7.94654
136.819 8.72053
135.192 8.25135
139.21 8.07808
140.894 8.98242
142.074 8.76547
136.019 9.00101
138.546 8.94214
145.112 8.85493
142.061 8.54617
145.673 8.97412
148.672 8.07405
142.457 9.14686
142.567 8.96398
142.269 8.48765
143.192 9.17862
142.435 8.81798
144.438 8.08054
144.438 7.79322
145.125 8.77364
144.923 8.08507
142.722 8.57765
140.485 9.2977
140.728 9.61584
141.447 8.38446
141.531 9.11543
141.736 8.67655
141.12 7.78749
142.052 7.41477
144.339 9.11016
144.37 6.54777
143.534 8.80156
145.834 8.78161
145.939 7.89662
143.415 9.63323
148.152 7.97643
144.62 8.15098
143.133 8.38367
141.37 8.42551
141.437 9.1913
142.048 8.77103
141.706 8.17831
142.075 7.97438
141.131 8.66273
142.949 8.90165
142.414 9.18492
140.223 8.51454
142.41 8.03854
140.306 7.85312
141.845 8.25954
139.815 8.44204
141.921 8.37706
140.188 8.53597
142.618 8.46192
141.637 7.53724
142.042 7.50423
138.525 7.78847
139.288 7.54462
139.704 8.34833
143.683 10.0007
146.061 8.80755
142.136 8.957
143.406 8.70317
140.06 8.54806
144.051 7.98917
137.631 9.00634
138.65 8.85608
138.432 8.84816
136.908 8.37314
138.797 9.09792
143.513 7.7064
136.547 8.07398
139.987 8.08539
136.05 8.04929
141.462 8.37059
143.517 8.27495
145.037 8.86736
144.965 9.14103
145.031 8.99069
141.981 8.80835
137.431 8.35643
140.002 8.63285
139.542 8.56255
139.483 7.68363
139.686 7.96623
139.248 8.86955
141.598 8.09078
142.631 7.68254
140.991 10.1088
139.188 8.44957
140.683 8.38142
142.086 6.92982
140.647 8.14163
138.05 8.76456
141.636 8.73826
137.202 9.37586
137.42 8.1023
135.957 8.67429
139.517 8.50158
137.473 8.36381
143.589 8.81175
143.523 8.87089
141.105 8.61699
143.982 9.08847
142.41 8.56529
142.535 8.47864
140.131 9.31431
143.637 9.04063
147.97 8.43112
146.535 9.11546
144.184 8.23454
142.451 7.52242
145.726 8.86327
143.796 9.15996
141.531 8.35702
141.904 9.04615
139.973 8.0869
139.839 8.9475
140.723 8.42339
139.531 9.25819
145.415 9.99756
142.13 8.76654
145.31 8.99006
139.378 8.32413
138.44 8.39014
136.389 8.32223
135.787 8.7091
141.552 8.06424
142.474 8.17973
142.047 8.99474
142.419 8.48542
138.159 7.98872
138.218 9.3759
139.847 10.7633
137.888 8.6633
139.554 7.95374
144.792 7.78081
142.282 8.69795
140.831 7.92424
141.612 8.91068
140.277 8.1245
138.513 8.30969
139.346 7.82569
139.342 9.59905
138.402 7.72931
139.738 8.54022
136.812 9.30257
138.412 8.01306
141.906 7.72765
140.677 9.16581
146.167 7.336
148.586 7.07258
144.82 8.58868
141.079 7.26249
137.322 8.97498
139.932 8.50467
143.812 7.75096
143.324 9.1311
139.311 8.46519
142.882 8.73716
140.265 7.8869
140.861 8.56012
139.295 8.1634
139.81 8.58587
140.15 8.06476
139.473 7.77766
140.498 10.4165
139.599 9.15042
142.625 8.67017
142.613 8.98055
139.787 8.50578
142.021 9.55436
140.601 8.64232
143.969 8.77258
142.144 9.28014
142.956 9.17321
141.5 8.93031
141.155 9.62987
141.667 8.2895
142.794 9.18776
142.56 9.57959
143.757 8.30021
143.653 8.37155
144.889 9.6209
143.989 9.13363
139.019 9.11862
142.685 10.0587
141.017 8.49775
141.936 8.32432
139.527 8.26433
140.966 8.17166
140.26 7.91218
140.742 7.53196
143.949 7.96602
143.64 7.73304
141.38 8.7418
144.051 8.55964
143.763 8.45717
142.587 8.33197
141.756 8.38101
143.343 8.45777
142.415 8.3638
140.03 9.42553
143.952 8.56309
142.764 7.53551
142.732 9.26361
140.987 9.42816
137.813 8.88956
140.195 7.75122
143.088 8.6815
143.629 8.54584
143.296 8.04093
143.202 8.93691
143.148 9.62823
144.231 8.80474
147.606 8.56275
144.82 9.20554
147.63 8.54322
142.316 8.56207
146.056 8.36037
146.365 7.52081
148.27 8.2645
149.216 9.07642
145.702 9.30815
143.039 8.00714
140.861 9.34631
143.171 8.79045
140.635 8.36785
141.946 8.57442
141.51 8.17397
141.469 9.31847
142.651 9.89826
144.266 8.12446
141.157 8.4009
141.397 8.64364
136.736 8.74776
136.89 8.25228
141.805 8.12643
140.086 8.13549
140.713 8.88358
139.21 8.61047
138.398 8.97204
139.683 8.82251
139.156 8.89708
139.433 8.28504
140.522 9.82397
141.347 8.83319
143.594 8.02145
140.88 8.27255
143.896 8.71817
144.487 8.67271
139.496 7.80486
140.883 9.33588
139.023 8.85762
137.903 9.33985
136.616 9.54167
137.87 9.11368
134.84 9.39096
137.122 9.15025
141.24 6.86685
137.862 8.08249
141.438 7.94265
144.161 7.3415
146.106 7.46314
142.723 8.94876
140.978 8.44087
141.525 8.17859
142.109 8.41614
141.805 8.68586
143.835 7.81829
140.256 7.74994
138.625 9.01362
138.944 7.7327
140.829 7.82268
142.152 8.94204
141.67 9.07779
138.958 9.22939
143.703 9.04626
147.576 8.89584
143.037 7.84409
143.419 8.1412
143.201 7.23987
142.108 7.37024
141.748 7.77696
141.774 8.70622
143.909 7.94278
139.167 8.6175
141.052 8.731
140.422 8.37302
141.716 7.14683
138.852 8.07078
141.466 8.75289
139.236 7.9719
142.55 8.27421
141.189 9.04571
142.301 9.04057
140.599 7.85224
144.023 7.65838
144.572 8.2585
142.728 7.83796
143.899 7.77136
139.939 9.10301
145.839 7.90833
146.356 8.24431
145.886 8.37263
144.045 7.72585
146.795 8.14696
145.659 8.85457
141.516 7.75946
139.819 8.0879
140.51 7.42289
142.044 8.52194
138.878 8.82752
139.187 9.46938
139.377 8.17363
139.482 8.34728
140.753 7.72647
140.349 8.20041
138.562 9.33306
138.454 9.0342
139.549 8.26052
142.444 7.75125
138.924 9.19589
141.438 8.72208
139.224 9.63112
140.98 8.13404
141.113 8.75985
141.182 8.83544
141.288 7.49393
141.003 7.47629
143.443 8.27358
140.458 8.2097
140.418 8.41031
138.819 7.70709
137.934 7.35083
139.863 9.14346
137.497 8.38645
138.366 7.5014
141.831 8.71153
143.608 9.44113
139.957 9.32958
143.186 7.59907
143.642 8.17803
138.244 8.71431
138.244 8.8764
142.579 8.27361
144.94 8.39137
141.731 8.4886
142.033 8.41634
141.91 9.15752
144.965 8.46612
145.276 7.77434
141.888 9.29084
140.163 9.34655
139.885 8.74011
139.331 8.22463
144.166 7.51985
145.355 8.70886
142.929 9.21039
140.764 8.60004
144.463 8.34396
143.29 8.79112
142.921 7.24784
142.7 7.85156
142.929 7.78112
142.579 9.28908
145.392 9.15684
145.51 7.59798
143.186 7.66152
146.392 8.35911
146.129 9.02879
141.679 8.79303
143.172 7.70604
143.805 8.48925
144.361 8.63825
143.502 8.33154
145.864 7.73384
143.271 7.62513
145.812 7.90875
142.996 8.89244
146.752 9.47621
142.942 9.47901
147.257 9.0438
146.016 8.40263
144.916 9.22015
140.549 9.08936
147.012 9.03905
144.676 8.17935
146.032 7.62239
144.787 7.56697
146.728 8.39636
145.878 9.10592
145.701 8.70875
144.204 6.9055
143.905 9.10583
142.131 7.31428
143.83 8.37862
143.479 8.08612
143.954 8.53171
141.812 9.41701
142.033 8.94396
141.972 8.96173
142.558 8.87106
146.075 7.89521
142.673 8.01207
144.907 8.22712
146.763 8.19406
143.469 8.8102
144.522 8.41984
144.949 8.73787
143.366 9.0916
141.082 8.20205
140.378 8.03883
143.315 9.3055
142.456 9.57841
141.774 8.3499
141.429 8.08262
142.121 7.59346
140.128 8.10728
138.236 8.08913
141.031 7.8189
141.498 7.69343
139.786 9.19912
142.115 7.91135
142.684 7.85983
139.403 8.34076
139.474 8.40058
136.703 8.66485
137.95 8.35934
141.025 8.46561
143.21 7.68705
139.696 8.08417
140.632 8.64345
141.765 9.26612
142.199 8.12675
142.155 8.24322
138.856 8.22002
136.109 8.87175
135.743 9.50806
138.731 8.49796
138.042 9.17269
139.173 8.95659
139.167 8.44132
139.35 8.7318
139.325 8.45222
135.971 9.03731
137.822 9.48259
139.73 9.09104
139.544 8.98396
144.784 8.17818
143.01 8.71076
143.198 7.59485
140.363 7.865
141.474 8.18483
141.448 8.92049
140.915 8.92973
141.671 9.92059
143.696 8.57406
139.137 10.2785
143.843 7.66155
142.82 8.15914
139.744 7.45795
140.245 8.06698
139.848 8.60135
139.508 8.1925
139.839 8.46918
137.308 8.80879
137.59 9.11038
141.116 8.66221
142.141 8.78777
138.825 9.3824
139.739 8.60603
138.863 9.16718
141.111 9.48458
144.882 7.95565
140.586 8.17918
142.292 8.1038
139.275 9.07193
139.007 9.84862
138.933 8.58234
140.854 8.05159
138.257 9.4213
141.388 8.75026
138.182 8.89259
137.521 8.90054
133.41 10.0774
136.576 9.01404
141.568 6.61725
137.34 9.208
143.388 9.61857
141.315 7.18777
144.233 8.47037
140.707 9.36727
144.583 9.50815
141.053 9.46968
140.178 8.83251
144.442 8.53623
143.158 8.13052
143.819 8.4265
142.223 8.51916
139.613 8.67291
137.871 7.9444
136.176 8.14964
140.832 8.03071
137.951 9.36141
138.175 7.8687
139.694 8.08738
139.682 7.85358
139.752 8.00042
141.61 8.92452
141.927 9.05823
137.327 9.54921
143.834 8.51458
139.534 8.49016
141.672 8.98934
141.171 9.0515
138.584 8.15544
141.375 8.60616
143.021 9.05202
138.679 7.21519
144.737 7.57047
145.395 9.21855
145.463 8.71739
143.63 9.03637
142.431 7.69683
138.157 7.66063
138.332 8.42153
140.47 8.63446
137.045 9.0337
137.408 9.0519
141.931 8.28143
139.624 7.87588
138.316 8.01191
142.237 8.90817
140.544 8.38624
139.455 8.55523
140.285 8.53419
139.648 8.63746
139.428 8.04148
138.525 8.8471
138.1 8.39835
139.854 8.20256
142.674 8.26335
143.233 8.71401
140.323 8.66991
142.427 8.45248
141.152 8.39174
142.007 8.44197
144.878 7.67149
139.85 8.21716
139.366 8.75658
142.467 9.19677
142.242 7.84521
144.434 10.084
138.188 8.62566
138.898 8.69957
136.988 8.74653
139.068 8.1179
139.392 9.01378
139.425 8.76433
136.059 8.7122
137.171 9.80397
141.999 7.97675
142.052 7.5843
140.742 8.52532
141.078 7.64997
141.664 8.8866
141.664 8.67327
141.47 8.11853
139.997 8.04466
140.135 7.75185
140.744 9.53881
143.435 6.8757
144.261 7.64973
146.794 9.1252
146.8 8.85182
146.492 7.63525
147.022 8.09502
142.761 8.6832
142.121 8.18899
142.424 7.73776
143.354 8.71772
139.942 8.3795
143.076 7.45496
138.455 8.6129
139.174 7.88828
141.344 8.80171
139.835 8.91206
137.667 8.72893
142.934 7.86311
140.683 9.76829
140.964 9.49159
140.747 8.06756
140.58 8.81876
139.745 8.26605
138.662 8.50705
136.545 7.57155
140.759 6.81427
138.843 9.83845
142.2 9.52916
137.955 7.8494
139.14 9.6184
136.648 9.6851
140.086 9.64532
142.362 8.16307
142.301 7.40023
142.713 8.43044
143.169 8.14444
134.996 7.61604
137.323 9.13597
138.618 9.19384
138.808 8.59639
141.674 7.91069
138.17 7.73184
140.309 8.46527
139.612 8.76404
139.8 8.86085
140.457 8.80863
141.765 7.96672
141.37 8.36239
140.656 8.65375
138.806 9.2612
142.95 8.65104
142.823 8.45128
145.873 7.49998
143.985 8.14165
142.613 7.17353
142.942 9.12042
144.157 8.1832
142.481 8.64921
141.007 7.914
142.495 7.8895
140.568 8.01452
136.463 8.21912
141.934 7.59935
142.539 8.38417
139.051 8.46678
138.868 8.68891
140.612 8.42525
138.557 8.6762
143.209 9.15492
143.183 9.59515
145.903 8.7464
145.728 7.94549
143.274 8.03229
140.782 8.54276
139.082 8.55933
139.447 8.11139
143.056 8.31147
141.655 8.72369
144.931 8.49184
144.678 8.59275
143.465 8.57415
143.623 8.65651
139.557 8.60719
142.212 9.20637
140.786 8.48788
143.999 9.64347
142.167 7.82715
141.684 7.99994
144.746 7.31138
142.545 7.4042
142.281 7.76027
143.138 8.45322
142.283 9.39267
142.782 8.30267
140.908 8.24059
143.882 8.13091
145.684 8.96264
140.77 8.39187
141.318 8.4602
141.545 8.31252
142.398 8.63876
145.893 7.46392
146.96 8.78925
146.262 8.37689
145.25 8.68847
142.981 9.24327
143.928 7.72097
144.693 7.3451
143.722 7.55667
140.921 8.25549
143.909 8.27415
143.292 8.5694
139.689 8.59175
139.171 9.5212
145.791 8.80821
147.021 7.42828
147.881 9.26131
144.359 8.74644
146.677 7.71308
146.612 7.67019
146.474 7.78376
145.359 7.97391
142.296 7.8692
143.533 8.79979
144.136 7.94756
141.319 9.42779
138.679 8.52545
136.632 8.47992
141.177 8.41067
139.59 8.33887
141.101 8.04624
139.511 8.82158
142.769 9.37125
142.363 7.95043
140.253 7.36411
142.486 9.02719
142.451 9.47343
146.925 6.74882
142.088 9.41994
142.726 8.41325
142.039 8.80215
141.781 8.64424
143.177 8.15786
141.632 8.17051
146.989 7.7691
138.974 9.17834
143.313 9.4042
141.869 8.54074
142.812 8.09147
143.585 8.0985
141.84 8.70834
140.167 7.5539
143.885 7.66722
141.89 8.06877
140.73 8.00762
142.04 6.9976
141.738 9.249
141.902 9.37887
138.903 7.8843
142.608 8.01294
144.228 8.00172
147.876 7.97454
144.127 8.91703
144.134 8.25858
144.258 8.38214
146.523 8.17833
144.561 8.45053
142.34 8.07751
148.118 8.24682
142.436 8.76121
145.716 8.86532
145.386 6.69335
144.816 8.83299
145.184 9.57926
146.774 8.83364
149.929 7.42126
145.48 7.59259
147.13 9.06678
145.86 9.35644
149.527 7.97546
148.06 7.90382
146.326 8.74569
147.053 8.34783
148.55 8.01505
147.727 8.35257
146.074 8.47022
141.84 7.68926
142.837 9.19579
141.473 8.3831
143.341 8.67025
144.191 9.12525
141.633 7.625
139.651 8.31404
139.818 8.80344
143.927 8.11282
146.947 7.94616
142.445 8.79513
138.496 8.82283
142.872 8.98215
141.004 9.0255
139.662 8.63575
141.604 8.70571
138.605 8.08844
139.538 8.83362
140.797 7.44928
140.333 8.75526
143.278 9.12609
144.999 8.57524
145.15 7.83879
143.367 7.5509
141.216 8.78506
142.544 7.96125
137.523 8.18478
135.698 8.78411
143.654 8.93548
145.094 8.85224
144.779 8.97821
140.113 8.10151
138.795 8.45763
139.303 8.75769
138.274 8.71575
140.484 9.41412
143.588 9.05656
143.444 7.66073
142.301 7.66073
139.094 7.25419
140.165 8.98287
140.685 8.85612
137.565 8.37331
138.431 9.41107
136.869 9.12732
141.053 6.84131
144.287 7.30416
140.396 8.81199
140.985 7.86081
139.728 8.6997
135.84 9.22595
139.187 9.66874
140.994 9.66215
137.703 9.66009
139.631 8.95352
138.577 9.51405
140.358 9.59104
142.707 8.91434
142.519 8.67179
140.806 9.54706
140.912 8.06131
140.501 8.04639
140.373 9.12109
138.721 8.01458
137.901 9.0675
138.633 7.93739
138.268 8.56632
140.696 8.89607
139.399 7.64472
141.599 7.72896
142.53 8.15012
142.865 8.40833
142.697 8.84764
142.366 8.54719
143.134 8.24285
145.491 9.19456
144.52 8.85777
145.965 8.49316
144.874 8.50197
142.141 8.50477
141.167 8.65535
142.519 7.92191
142.541 8.2356
141.083 8.36133
139.793 8.99112
141.2 8.45519
141.115 8.83299
139.929 6.8963
140.924 9.26197
144.062 8.49453
142.635 8.74742
146.55 8.8822
144.633 9.52621
145.607 7.58717
140.466 9.07923
140.466 7.52508
144.173 8.27495
142.153 8.17907
145.101 7.96364
140.761 9.64059
144.546 9.18621
141.321 8.60086
142.539 10.3196
145.231 7.81518
142.73 8.09698
141.342 8.93259
142.159 8.10085
141.66 8.21911
139.88 8.18558
140.82 8.16342
141.06 8.94832
143.565 8.32101
146.551 9.43649
141.459 8.54982
138.292 7.84923
138.992 8.68742
141.155 8.72698
136.904 8.88117
139.95 9.25248
143.934 8.96098
141.296 8.35714
139.351 8.54595
141.003 8.83054
139.186 8.26413
136.664 8.87905
134.224 8.1617
138.264 7.7531
143.173 7.88763
139.937 8.54454
136.13 8.65354
140.725 8.3862
142.207 8.81917
141.434 8.66579
135.093 8.98998
136.637 8.94081
136.248 9.53529
141.009 9.27382
143.545 9.15676
143.823 8.3666
142.026 9.42596
143.474 7.74606
142.019 8.99097
143.257 9.04315
139.93 8.10945
139.476 8.53396
138.62 9.03353
140.488 8.31744
143.26 8.17748
138.028 7.90638
143.074 8.05263
138.758 8.9785
138.209 9.08552
137.065 7.53434
137.242 8.47684
138.852 9.2763
138.227 8.27954
140.775 9.17082
137.724 8.96482
139.615 8.55316
140.856 8.78956
140.297 7.61371
139.866 7.08986
136.975 9.55358
140.516 7.77086
142.069 8.25998
140.173 8.26628
139.937 8.34235
140.796 8.97153
138.743 8.41383
141.713 9.72749
140.35 10.1845
136.378 9.07206
138.409 8.39005
136.172 9.42114
137.344 8.66859
138.509 8.36602
139.057 8.53828
139.195 9.94995
140.219 8.4088
140.814 7.34634
146.149 8.17013
139.748 8.34232
144.569 9.7425
145.553 9.38887
144.487 9.35645
140.881 9.12256
139.5 8.13229
140.979 8.08778
140.196 7.19062
138.912 8.194
141.596 8.52976
139.533 7.73949
137.742 8.39318
137.742 8.94839
137.655 8.37975
139.365 8.64972
138.804 8.52909
140.948 8.76094
135.675 8.89961
134.521 8.2722
141.415 7.29678
142.807 8.83772
143.855 10.0606
139.57 9.13734
138.562 8.42911
138.015 9.13424
135.768 10.0494
137.618 8.50336
139.442 8.44286
139.539 7.90096
141.121 8.36138
142.815 7.63884
143.454 8.20262
143.696 8.28182
141.065 8.09502
138.624 8.53956
141.641 9.05341
141.118 7.9691
144.353 8.67582
142.721 8.5203
141.252 7.76013
141.59 8.60316
140.646 9.73894
141.461 8.39971
141.214 9.34716
147.413 7.95527
138.207 8.8984
139.773 8.34117
141.273 8.20019
141.293 9.03896
142.026 9.11292
141.307 7.70713
139.788 8.30764
143.247 8.31036
141.123 8.30284
139.361 7.67339
142.35 8.33772
141.634 8.34866
141.493 8.17405
142.316 8.18457
142.754 8.29338
144.003 8.47291
143.485 7.98731
148.314 7.70914
146.604 9.4989
144.657 8.76991
144.404 8.76767
144.92 9.04153
138.718 8.90184
144.825 8.95121
142.227 8.97077
146.606 8.96015
144.837 8.96138
140.882 8.96051
137.473 8.95921
140.82 8.8915
140.999 8.88078
140.173 9.08468
144.195 8.8121
144.732 9.01122
141.968 7.74232
143.459 7.68036
146.078 7.59436
143.53 7.82427
143.645 9.24641
143.055 9.15087
147.748 7.79228
145.823 8.32804
144.093 8.09368
143.766 8.17008
146.809 8.1668
146.474 8.62124
146.6 7.66699
148.455 9.10177
147.945 8.69876
151.108 8.63308
149.287 9.86649
147.551 6.62728
148.594 8.08088
149.464 9.4464
149.657 9.03302
147.6 8.35841
147.407 8.58596
147.486 10.1368
147.843 8.05897
148.994 9.04067
146.97 6.98554
149.71 7.64564
151.392 7.66191
144.452 7.34361
148.045 7.84739
148.853 7.88453
147.795 8.18261
148.373 7.85849
141.616 7.38494
143.276 8.1878
146.374 7.9668
146.577 8.96205
144.093 8.40446
140.649 8.18174
144.52 9.10546
144.914 8.18336
145.092 8.25883
142.882 9.35253
140.919 9.17304
142.79 8.40142
148.639 8.79776
144.849 8.40172
144.419 8.70994
145.57 8.66518
146.642 8.88268
142.916 7.84169
145.246 8.50483
143.351 8.78986
143.18 9.15867
143.327 9.14636
141.92 8.37517
142.413 8.77046
142.294 8.10003
139.812 8.70111
142.279 8.44984
143.997 9.38191
142.398 9.21358
143.399 7.22694
140.969 9.22982
143.534 9.02347
144.462 8.78312
144.614 8.5598
144.614 9.20191
144.052 9.02207
143.591 7.75656
147.142 7.26908
148.716 7.72399
147.792 7.96782
145.998 8.08529
142.45 8.8991
142.133 7.30544
141.084 6.17422
142.496 8.16685
142.524 9.43669
141.396 8.58551
141.425 8.25489
144.534 8.48152
148.335 8.25832
146.684 8.54226
142.722 8.79163
142.603 8.07167
137.221 9.27273
139.148 8.94838
140.35 9.08106
144.717 7.59748
143.841 8.14843
141.011 7.83557
141.987 8.22412
142.079 8.92363
146.266 7.74552
143.48 8.7522
143.702 7.98674
141.136 8.4016
141.588 9.27142
145.964 7.92438
145.22 8.03642
139.331 8.58088
139.977 9.43544
142.826 8.0791
141.42 9.09162
142.149 8.79589
141.625 8.32089
141.512 8.49459
147.23 7.97686
138.999 9.78846
136.206 8.57049
139.856 9.72496
145.442 8.56059
141.335 8.28079
143.923 7.69511
143.253 8.27943
145.389 8.16807
144.455 8.27869
144.802 7.90312
147.087 8.36787
146.224 8.2358
145.388 9.42147
145.502 8.59006
144.392 8.16157
145.959 7.6684
142.97 9.53172
141.937 8.40514
142.856 8.2498
143.716 9.47689
145.35 8.93266
143.149 7.62111
143.889 7.8554
143.645 8.53575
145.689 7.53303
144.132 7.28924
143.833 7.62838
142.823 8.2575
143.064 9.10359
142.646 8.79427
142.863 8.14823
141.143 8.292
140.424 8.65516
141.945 8.56625
141.703 8.42195
144.32 9.59546
144.366 8.34332
146.537 9.06835
142.943 8.93386
142.932 7.5559
143.49 7.39061
139.536 8.78203
143.53 8.86072
145.256 8.27295
141.895 8.20527
142.647 8.2783
145.526 7.83391
139.481 9.65236
139.975 9.17671
142.83 7.5125
141.509 7.36009
138.009 7.94297
139.929 8.02265
142.059 9.00078
142.97 8.98072
142.177 9.05569
140.073 7.94615
141.422 8.41753
141.408 9.80905
144.994 7.67392
138.628 8.00164
140.365 8.68718
138.234 8.14617
139.113 8.58612
134.696 7.89539
139.506 8.8248
139.178 8.30051
141.257 7.93511
141.448 8.4056
138.956 8.02233
139.083 9.07756
139.171 9.08902
137.746 8.26714
137.952 8.37181
138.423 8.35782
137.211 8.4636
135.305 8.85484
139.184 9.34385
138.415 9.75235
138.026 9.20234
140.052 8.5794
136.716 9.29912
134.866 9.64491
139.931 8.25272
139.471 8.86055
138.911 8.73528
136.643 9.43198
139.43 8.34844
143.127 8.20627
142.075 8.29102
139.22 9.50848
140.239 8.45305
138.64 8.56188
136.075 8.75726
138.833 8.41581
142.227 8.00616
136.709 8.21942
138.09 7.84349
137.527 9.50844
136.719 8.36106
140.074 7.83386
142.779 8.63188
139.699 9.35197
140.636 9.09188
142.008 9.08792
142.351 8.6484
141.194 8.84313
139.178 8.97221
140.004 9.13049
141.728 7.85411
140.991 9.5873
135.964 9.15277
138.574 8.50327
139.17 9.8351
141.556 8.55842
140.894 8.90602
139.198 8.90389
137.678 9.25796
135.123 9.7453
139.61 9.59265
137.023 8.66728
139.857 7.54974
137.203 9.36669
141.799 8.32405
139.653 8.30647
139.895 8.07646
140.919 8.80764
140.139 8.90033
141.463 8.39256
138.345 7.69697
138.584 8.8544
137.613 9.55281
140.103 8.47265
141.709 8.43124
137.32 7.9574
133.268 9.79507
137.055 8.19697
137.622 9.27646
144.183 9.1136
140.368 8.40222
140.013 8.86196
135.867 8.68786
135.437 8.5076
137.015 8.97636
137.161 8.46024
141.245 9.65533
139.789 8.76104
139.924 8.08635
139.909 8.65605
142.532 8.95356
140.249 9.47428
139.884 8.76523
142.382 8.98478
138.345 9.06299
137.442 8.98486
138.225 7.85634
138.665 8.7931
136.805 8.97996
136.751 9.13817
139.915 8.93433
142.622 8.76945
143.248 8.44629
145.522 7.95329
144.989 8.85891
142.138 7.69849
143.885 8.75104
141.034 8.63809
139.844 8.67294
140.006 7.80603
141.977 9.5849
141.802 8.02423
135.948 8.19768
142.097 9.08205
140.418 8.49701
140.799 8.16582
139.692 10.0666
143.918 8.92956
141.77 8.22778
143.084 9.75188
139.762 8.48677
138.984 8.43888
140.591 8.80094
140.459 8.6657
141.293 7.97885
141.324 8.50331
143.396 8.49553
141.334 8.89232
142.224 8.15247
141.044 7.12148
137.777 8.86098
142.088 7.856
138.698 8.69844
136.917 8.35296
139.959 8.20538
138.897 8.82551
139.585 9.09751
141.391 9.2134
141.567 8.30804
140.004 8.17059
138.819 8.19543
141.532 7.9877
139.731 9.12581
143.79 9.25106
143.538 9.31941
143.179 8.50057
142.895 8.85308
142.227 9.49731
141.14 9.02884
140.689 8.77435
141.707 8.5877
141.654 8.24461
142.868 7.91384
139.187 8.59905
143.221 7.9493
141.37 9.13113
142.37 8.63861
143.07 7.90782
139.604 8.08572
140.695 8.14937
141.878 8.84834
140.969 8.54494
140.019 8.54797
140.364 8.67046
139.283 8.69336
144.175 8.35866
141.523 9.33985
143.008 9.72693
141.766 8.91749
139.498 8.80255
138.753 8.65796
143.7 8.24103
140.125 7.46222
142.117 8.66541
140.901 8.78667
136.722 8.92758
140.49 8.92958
148.549 8.28246
142.071 7.99943
141.207 7.68452
140.843 7.99217
140.994 7.98027
142.386 8.29361
143.226 9.66188
143.888 7.70446
143.751 8.29269
141.093 8.79307
135.541 8.13514
138.681 9.04168
139.91 9.40676
139.844 8.37989
139.702 8.58563
139.357 7.54748
141.899 8.71089
138.675 8.58777
135.18 8.08845
139.379 8.5415
141.146 8.94911
142.682 8.06988
139.869 8.89176
143.292 8.45479
144.839 8.84748
142.472 8.68014
144.48 8.73335
139.623 9.45138
147.333 8.9867
144.934 8.51789
145.762 9.07865
147.584 7.02539
145.17 7.78508
146.633 7.84377
144.826 8.23876
146.033 8.59905
143.535 7.87665
143.581 9.80737
146.526 9.35347
142.277 8.5046
142.377 9.42054
146.451 9.79521
145.375 8.32513
142.13 9.07239
139.353 8.06623
144.169 8.18184
141.413 7.98095
141.509 7.87356
141.542 8.37512
140.08 8.26712
139.808 9.48901
143.859 9.27
145.491 8.24468
144.903 8.70914
143.06 8.57625
141.941 8.55586
142.205 8.30717
143.58 8.44422
139.482 8.85292
141.889 8.5418
142.969 8.56407
141.026 9.09668
146.349 8.22947
146.44 8.8004
142.283 8.0892
140.318 8.47978
139.705 7.39266
138.872 8.4006
142.438 9.05382
141.674 8.63072
143.403 10.1037
144.96 8.14461
138.024 8.57475
140.644 9.16191
139.501 9.88416
140.186 9.10591
140.747 8.90383
143.322 8.67652
140.119 8.21475
139.617 8.73222
143.972 9.49617
144.505 7.97728
138.719 8.21028
137.168 7.77995
139.82 7.40697
136.72 8.59465
137.98 8.73386
140.259 9.46848
142.481 8.84402
143.586 9.67181
141.44 9.78778
139.278 9.1284
137.216 10.0641
137.099 9.20008
136.324 8.62656
138.875 9.1254
137.77 8.74296
141.137 7.38631
140.75 8.34185
140.741 8.03326
137.224 8.65508
132.628 8.22959
143.322 8.07828
140.308 7.68821
141.378 8.96414
141.713 8.99537
141.164 9.13536
142.391 9.02588
141.066 8.58316
141.192 7.39062
138.641 7.78802
144.605 8.12956
144.023 8.20776
140.73 8.1899
141.63 8.38725
143.775 8.74367
138.572 8.6232
141.19 8.34914
143.608 8.74179
142.523 9.08889
141.225 8.22967
142.241 8.46627
143.086 8.55445
142.921 8.6116
144.543 9.15202
143.044 8.48533
141.457 8.34385
140.688 8.11943
142.963 7.75007
140.469 7.99569
141.756 8.20035
145.358 7.29297
145.294 7.9407
141.756 7.88731
138.813 8.30499
143.396 8.16051
141.936 8.93717
138.547 9.03398
139.666 8.12742
139.797 9.18423
139.496 8.9742
137.956 9.01749
136.514 8.86922
136.57 9.57124
138.54 8.80365
138.761 8.95296
135.618 8.81118
136.879 8.59737
139.081 8.81171
140.464 8.34057
140.329 9.32849
137.594 8.21898
138.417 8.08435
139.641 8.45097
140.153 8.60498
138.711 8.79477
138.665 7.27221
140.17 9.03415
138.414 8.86688
140.024 8.29813
142.605 8.93526
145.413 8.95172
137.821 10.5642
137.278 10.5433
137.278 9.01435
140.556 8.1603
141.348 8.04615
140.22 8.87233
143.672 8.68419
142.467 7.58407
141.695 7.69449
142.319 7.99162
139.613 8.56271
141.907 8.0405
144.022 8.08377
138.495 7.52098
141.833 8.79899
142.081 8.08286
142.432 7.92203
141.988 8.33135
142.178 8.9134
139.128 9.12054
140.656 7.39305
139.387 9.17618
142.44 9.1075
142.563 9.01853
143.235 8.88531
139.214 8.99554
137.923 9.21034
139.065 8.01849
140.147 8.34101
138.442 8.50865
137.39 8.68243
138.5 9.6918
144.082 8.20713
140.886 7.64563
142.473 7.07039
142.316 8.5257
142.282 8.3903
137.994 8.5946
137.08 8.3166
138.776 8.7331
141.226 8.72366
143.669 8.76987
140.886 9.19247
141.723 9.37541
136.795 8.79801
137.88 7.98341
140.135 9.16909
137.067 9.24162
137.472 9.61441
138.829 8.35676
138.878 8.61087
142.001 8.0281
144.406 7.91485
144.567 8.39912
139.022 8.99349
140.744 8.66368
143.108 8.47816
139.788 8.8126
143.698 8.68606
140.444 8.80339
141.08 8.79848
136.014 8.84708
141.567 8.46335
142.377 8.33767
139.656 8.24279
140.244 8.12605
143.754 8.61983
143.407 9.02232
145.145 8.5865
145.492 10.1617
147.765 7.64979
148.258 8.40483
142.927 8.57835
140.205 9.08354
142.533 8.57971
145.245 9.41542
143.278 7.13026
140.339 9.91042
143.076 9.28697
140.14 9.24493
140.408 10.0352
142.196 7.72901
141.386 8.23039
142.245 8.57072
141.005 8.01943
145.363 8.24613
143.819 8.42076
142.649 8.80377
140.441 8.66711
143.467 8.81638
144.059 8.0586
143.731 8.04993
141.315 8.19075
144.687 8.29046
148.798 7.70952
142.18 7.90042
141.524 8.25087
141.508 8.42803
141.874 8.21813
141.851 6.586
142.237 7.05908
141.2 9.55346
139.809 8.30479
144.438 7.98526
139.861 8.50702
136.371 7.46633
140.209 8.92386
137.676 10.0922
135.031 7.85311
139.962 8.07798
139.434 7.17744
143.205 7.1995
140.947 8.3343
139.083 8.43072
138.197 8.80858
139.814 8.04306
142.935 8.83571
141.411 7.33218
141.664 7.50092
139.122 8.97762
143.905 8.03869
140.771 9.36433
139.55 8.18909
144.26 8.30492
141.35 8.85257
142.097 8.36354
143.039 7.52214
143.119 8.683
140.203 8.79618
140.281 9.71401
140.92 8.73835
139.439 8.31767
141.178 8.1587
140.164 8.89389
140.511 9.43428
140.514 7.97389
141.203 9.07642
139.578 7.83682
138.438 8.13038
138.124 8.24059
139.088 7.94082
139.905 8.74215
138.967 9.31558
142.104 8.40902
140.579 9.29376
143.507 8.52207
141.533 8.71071
140.828 8.38994
141.299 8.97882
136.641 9.25303
141.661 8.89327
144.652 7.97119
140.294 8.44782
141.357 10.0052
139.128 9.37191
139.214 8.91869
138.655 8.54866
140.476 8.61828
141.772 7.59567
141.839 8.2413
137.266 9.34883
136.945 9.36014
137.06 9.20862
136.897 9.17732
138.503 9.42989
137.427 8.96098
141.833 9.19378
137.329 9.15987
137.15 8.89642
138.414 8.75617
142.694 8.65767
144.783 7.32285
141.386 8.82415
139.139 8.7417
139.633 8.99735
141.76 7.7515
138.726 9.37636
142.806 8.34693
142.246 7.91501
138.646 7.05441
143.439 8.92977
144.003 7.85365
141.815 8.43017
141.594 8.55748
141.594 7.98667
141.126 8.14403
140.908 9.73941
142.161 7.56396
140.376 7.2832
141.076 9.256
139.503 10.2178
141.857 8.1886
141.945 8.42217
142.395 8.60387
139.95 8.48145
143.332 7.94413
137.325 7.70603
137.234 8.9074
135.989 7.87858
140.12 7.85609
138.884 7.6452
138.928 8.21458
137.751 8.4653
139.325 8.1036
143.836 8.44285
142.699 7.43108
142.121 8.21709
138.219 7.39293
138.792 8.90331
140.566 9.04556
141.291 9.2548
137.689 8.00816
137.311 8.55785
137.607 8.50507
142.091 8.40721
144.679 9.04636
145.437 9.46508
141.803 8.00454
142.908 9.29719
145.671 8.07314
145.895 8.71687
142.582 7.56124
143.716 8.07321
137.938 9.33313
139.813 8.75263
138.969 8.59773
144.985 9.30625
137.713 9.76551
141.8 8.88876
141.371 8.53623
138.593 8.26307
141.98 8.25057
143.61 7.41224
137.087 7.89596
138.312 8.19436
137.033 8.673
138.869 8.06134
139.09 8.26507
140.33 8.14331
141.159 8.37921
139.74 8.74524
138.461 8.9763
138.314 7.75928
136.79 9.29499
138.604 8.40192
139.449 7.81331
142.975 7.71594
142.34 9.41249
141.701 9.55132
141.311 9.2808
140.658 8.91942
141.949 8.52258
140.845 8.61971
140.027 9.17807
141.784 9.44409
142.647 9.9527
140.953 8.98695
144.826 8.44352
143.214 8.08654
140.938 9.14764
142.696 9.02893
139.895 8.6856
136.523 9.63609
138.549 9.27926
137.857 8.65565
137.322 8.90885
140.676 9.2287
140.202 9.16334
140.746 9.37885
143.769 8.69025
139.884 8.55896
140.937 8.52629
143.257 8.99004
145.687 9.08155
141.6 9.38663
141.964 7.7726
144.8 9.19792
138.814 9.43523
142.078 7.77628
146.952 8.92148
145.627 8.58351
145.256 8.97491
143.604 8.70755
144.636 7.81205
144.959 8.11713
141.375 8.35225
140.69 8.72117
143.84 8.81454
140.164 9.20651
138.052 8.41381
138.792 7.01466
140.673 6.94347
141.774 8.39284
136.525 8.82331
139.912 7.98004
139.571 8.77047
139.082 8.59201
141.462 7.85866
139.938 7.98433
139.191 9.13592
137.535 8.93665
135.261 8.96687
140.409 8.26779
136.824 8.3947
138.03 8.72853
138.669 7.82317
138.34 10.2851
138.948 8.10737
137.562 8.58841
138.072 8.60138
138.922 7.13038
138.416 8.34764
137.774 9.49105
142.666 8.85104
137.903 9.0697
141.881 8.07141
138.159 8.3721
139.54 8.98756
140.872 7.67731
140.972 9.4374
142.408 9.65213
142.237 8.66085
140.02 8.13812
142.949 8.82542
146.214 9.43547
146.87 8.70013
142.699 8.94367
148.772 8.76307
147.902 7.9083
144.959 8.07123
145.282 7.713
145.136 9.64998
146.139 7.83972
145.306 9.15224
146.317 8.53888
144.467 8.13214
145.063 8.80416
142.231 8.99702
142.056 8.02097
144.399 8.47802
142.981 8.71811
141.716 8.00612
142.153 8.50579
142.1 8.46196
141.69 8.05875
141.118 8.26331
143.185 8.18525
143.104 8.05932
143.348 8.24442
141.431 8.62313
143.643 8.32055
146.807 8.06183
142 8.7047
144.636 8.25495
146.642 8.75381
144.006 8.24158
144.694 8.78222
148.451 8.88831
144.988 9.62211
139.044 9.00086
144.4 9.37873
136.898 9.30998
140.112 8.80332
138.105 8.93307
142.599 9.19489
140.688 8.19563
137.969 8.48586
144.295 9.54108
144.444 8.75608
141.374 8.36058
136.901 9.54439
136.843 9.24949
137.675 9.73514
134.967 8.90379
136.268 8.66213
141.17 8.50368
139.802 8.13374
137.835 9.62979
139.149 7.92206
140.066 8.83697
142.865 9.32013
136.704 8.16732
140.378 7.72735
140.833 8.61123
139.655 8.1772
139.273 7.35465
143.034 8.88203
143.533 8.45477
138.293 10.5876
140.381 8.96234
138.309 8.62828
142.924 8.16039
146.526 7.8418
141.472 9.31174
139.587 9.3634
140.69 9.16632
141.597 8.13435
143.418 8.31825
140.929 7.97637
146.252 8.33385
142.526 7.7801
143.699 9.24531
141.968 8.35658
140.337 7.86537
140.245 7.95789
139.669 8.14074
140.257 9.05777
138.467 8.41865
139.503 9.13335
142.649 8.37192
140.557 8.04011
137.946 8.9602
138.872 8.75915
137.942 7.63918
139.797 9.70621
140.022 9.11571
140.504 8.17275
139.428 8.34018
137.345 7.80326
135.919 7.8953
137.033 7.8953
138.555 8.72676
140.659 9.03027
141.352 7.9132
136.125 8.14986
140.316 7.97601
136.587 10.1658
138.245 8.66991
138.705 8.9742
138.105 9.55393
138.811 8.83338
136.679 9.09133
136.596 7.75176
138.303 8.41291
140.537 9.04037
139.328 9.01132
142.991 7.87217
142.804 9.19991
144.436 8.20481
141.316 7.89985
143.759 8.80207
144.363 8.60983
145.46 9.55892
143.021 9.50273
143.847 9.60812
144.038 9.57415
144.297 9.58185
146.368 9.07496
145.372 8.21434
146.388 8.3889
148.149 8.40524
143.055 8.62591
145.855 8.03145
147.367 8.39896
145.773 8.29738
149.202 9.14481
147.604 8.19819
146.212 7.7994
146.508 8.10897
144.844 8.40894
141.843 8.73966
147.603 8.51924
138.902 7.90073
139.577 7.95005
142.048 8.47951
141.768 8.5824
142.509 7.8218
142.135 8.10059
144.997 8.33861
146.742 8.01979
145.62 8.095
142.785 8.29185
139.967 8.57125
141.508 9.2575
138.208 8.51763
138.685 8.39228
138.239 8.84103
137.963 8.73129
139.658 8.8117
140.534 7.95081
142.613 7.07857
140.212 9.32076
138.386 8.84017
139.143 8.18314
142.184 8.23986
141.894 7.88061
142.54 9.20657
140.483 8.63469
143.577 8.62971
147.723 9.42009
148.406 9.2247
148.908 8.73203
145.258 8.70344
147.598 8.61802
144.939 8.84516
141.483 8.36031
140.449 7.94675
146.588 8.06463
148.209 7.13766
146.653 8.48247
150.153 9.53636
145.285 7.7828
143.561 7.03487
146.224 8.748
146.526 7.31344
143.395 8.45088
143.174 9.18483
137.321 8.73704
140.169 7.95891
138.901 8.214
140.504 7.98446
144.099 8.96996
145.83 8.53599
148.007 8.52364
146.283 9.35827
138.948 8.51296
141.509 8.51536
143.484 8.45038
142.929 8.57946
141.131 9.1067
142.79 8.78739
139.404 8.59519
139.892 8.66337
138.766 8.65912
141.057 9.26594
142.587 9.0073
142.864 8.34325
147.032 7.63689
144.516 8.63625
147.191 8.33179
145.871 8.96844
144.681 9.03454
143.346 7.91488
144.801 7.92156
143.457 9.86482
143.032 9.00861
143.546 9.5342
147.262 8.53012
142.436 8.88629
141.301 7.02811
141.44 8.78456
139.856 7.38586
142.217 8.0125
140.999 9.31085
140.101 8.16924
139.452 7.63427
142.052 7.97274
133.762 9.36763
139.647 9.64431
138.903 8.11544
140.529 8.65045
139.878 7.37451
139.65 8.18521
138.412 8.37083
144.478 8.71176
142.039 9.09373
144.287 8.87908
143.002 8.88462
139.87 8.65181
141.16 7.86044
142.78 8.42468
140.381 8.73239
143.419 8.70473
144.248 7.67058
144.11 9.48553
142.347 7.78359
143.675 7.84569
140.162 7.61044
139.824 8.33547
139.038 9.38569
139.569 7.29536
139.826 7.54798
140.898 8.41712
137.206 8.48888
141.261 7.93468
144.188 8.79899
143.797 8.71338
145.799 9.54896
144.882 8.37501
141.288 9.06778
144.201 9.77867
146.043 9.92683
144.664 7.81049
147.635 7.89578
147.532 8.41725
146.655 9.09053
150.018 7.41502
146.067 7.56549
145.232 7.92822
145.838 8.65003
143.793 7.59376
141.048 8.78638
143.974 9.64914
142.324 8.42052
143.265 8.61475
144.936 8.62781
142.933 7.79748
144.512 8.39178
146.913 8.55594
144.732 9.21603
143.071 8.44838
143.35 7.59315
144.116 8.44842
147.733 8.71135
146.57 8.20962
140.833 9.22316
140.57 7.66178
141.49 9.09437
141.436 8.12254
142.577 7.6316
139.759 8.15341
140.371 8.72174
140.641 8.02712
142.981 7.53535
143.79 8.39891
139.447 8.88063
137.593 7.84374
137.586 9.15671
140.518 8.18741
135.863 9.58442
139.246 7.2461
138.122 8.25829
139.048 9.25881
137.588 8.76026
136.563 8.76071
135.658 9.17703
136.404 9.07913
137.855 8.6965
135.987 9.17622
142.677 8.59141
141.146 8.43096
138.565 9.33793
143.547 8.39389
138.909 8.41895
139.879 8.40023
140.708 8.70205
139.799 8.40194
140.287 8.29697
140.268 8.00149
143.345 8.86503
142.415 7.97122
141.051 8.73153
141.909 8.58337
144.998 9.44406
143.812 8.95896
144.755 7.85784
144.465 8.96526
141.643 8.23236
139.519 8.94504
136.089 8.36404
139.474 8.59355
138.067 8.42266
139.626 9.47808
144.394 9.03284
146.815 8.12686
146.178 6.80311
145.467 8.9069
147.388 8.71753
147.271 9.02679
147.004 8.69122
145.146 8.90894
141.654 9.20453
142.257 9.70592
137.255 9.28871
141.808 8.54016
142.605 8.40649
140.797 8.21427
141.991 8.76511
139.931 8.7297
142.39 8.64107
139.602 8.50442
141.922 8.47897
141.343 8.12299
142.513 8.15851
141.115 8.93541
139.235 9.05135
142.093 7.3035
137.512 8.68083
135.843 8.41346
137.559 9.27837
138.855 8.07175
139.662 8.64367
137.697 9.63586
138.042 9.14401
140.503 8.28082
141.278 7.33423
140.486 8.90516
146.598 8.18242
142.225 8.82315
140.674 9.34963
144.528 8.22067
146.619 8.91162
144.951 8.83109
141.403 8.48055
140.832 7.71007
141.228 8.37934
140.883 9.39794
140.421 8.22763
140.713 8.85881
140.327 8.94556
140.111 9.03759
140.539 8.47767
138.816 8.46368
139.698 8.04154
137.893 9.03967
135.275 9.17423
132.875 8.90814
140.189 8.62731
141.747 8.8328
143.547 8.5861
145.86 7.89989
143.585 8.02522
141.41 9.33456
142.568 7.79175
142.689 8.95621
142.689 8.695
142.066 7.53846
141.819 8.23241
144.742 8.66324
146.078 9.57872
144.978 8.04173
145.755 7.9419
144.83 7.75523
145.24 8.76071
140.262 8.65589
142.195 8.914
141.91 8.30287
138.332 8.45519
146.622 9.5182
144.167 7.66335
142.16 8.63495
141.248 8.78704
141.786 7.50727
141.399 8.20632
139.847 7.43492
136.155 8.73797
139.062 8.88965
142.05 8.28483
143.784 7.67917
145.977 9.22312
143.136 6.54352
140.692 9.75503
140.063 8.61801
140.148 9.33595
137.201 9.49224
138.134 9.13035
138.507 8.60162
136.167 8.91455
136.186 7.87581
138.703 8.25363
137.106 8.58351
136.423 8.16766
138.767 8.29041
140.759 8.83234
141.77 8.16705
145.144 6.97259
140.485 8.97464
139.47 9.50849
138.038 8.93219
143.224 9.08265
139.833 8.75772
136.208 8.74632
142.361 9.19817
143.127 8.49093
139.468 9.58177
141.452 7.65542
138.569 8.37776
139.866 7.45369
141.735 7.92465
141.368 8.60765
138.129 7.75877
138.823 8.4191
140.816 8.51736
139.512 9.28301
140.765 9.42314
138.039 9.25143
145.191 8.33972
141.53 7.86859
141.715 8.29456
144.111 8.48816
146.996 8.73932
142.099 8.07152
143.084 7.96975
140.672 7.98179
141.18 8.371
144.781 8.22893
150.099 8.95799
148.727 9.34245
143.635 10.0278
144.692 7.45405
144.403 7.8685
140.827 8.56314
141.434 8.62588
144.456 8.62645
144.364 8.56639
141.29 8.58279
141.984 8.65355
143.16 8.65998
142.297 8.64138
139.854 8.91473
142.439 8.82256
142.544 9.14182
141.372 8.59518
144.244 8.43936
138.224 6.96348
142.595 7.36527
140.65 8.66707
138.161 8.45389
138.829 8.6814
142.387 8.99431
140.787 8.3865
144.552 8.05987
143.056 7.72617
144.88 7.30358
139.541 9.50993
139.791 7.92023
141.525 7.52321
143.392 8.96755
143.035 8.85602
141.751 8.75491
137.879 8.667
136.319 9.03284
137.555 8.63579
140.036 8.15419
139.555 8.64548
145.616 8.63699
144.584 8.55513
144.007 8.98997
146.898 8.53432
143.498 8.39053
140.671 8.45684
138.445 8.51876
136.143 9.11946
138.025 7.61195
140.487 7.65723
139.761 9.1324
141.341 8.59422
139.855 7.67158
142.854 7.37344
139.556 7.87402
140.712 8.6519
140.153 8.30214
140.168 7.30769
139.758 9.08207
138.749 8.4052
140.38 9.78036
140.749 8.7973
136.054 9.40292
138.989 7.66041
142.552 7.7572
141.218 8.3365
141.052 8.35485
141.24 9.09253
141.352 8.00469
138.758 9.16726
144.655 8.78231
143.277 9.21477
143.582 6.88809
142.19 9.44672
141.638 9.02464
141.214 8.45657
142.772 8.29202
144.159 8.76765
145.767 8.78373
147.842 8.05754
140.577 9.13398
140.545 8.06909
144.37 7.60771
142.741 7.8159
139.252 8.36929
137.543 9.1768
140.118 9.58809
140.897 8.52383
139.772 8.10442
143.751 8.18307
139.886 7.93309
137.694 10.1477
138.08 9.59936
138.236 8.65182
140.073 9.31549
137.214 8.50446
138.541 7.84868
136.905 9.90001
140.059 9.09462
139.073 9.4114
142.497 8.82654
141.364 9.85238
142.428 8.18931
140.962 7.93109
140.54 8.44007
139.042 8.86858
139.002 8.96387
142.357 8.66372
140.807 9.19125
143.275 7.84396
140.348 7.92402
142.561 8.80065
142.782 8.69428
144.449 8.50203
139.994 8.32252
139.457 8.44362
138.824 8.12612
140.393 9.26942
137.837 8.42299
137.652 9.51918
140.069 9.20498
139.546 8.73972
140.685 8.52833
139.212 8.44563
141.584 8.68764
141.458 8.7816
141.406 8.5475
137.83 8.80842
137.322 8.42038
139.955 8.76254
140.23 7.17055
141.756 8.8108
142.714 7.84625
145.252 8.64895
142.388 9.33415
144.659 9.3259
142.565 7.32047
142.347 8.87194
141.496 8.17152
143.734 8.17739
138.741 7.64796
139.323 9.2715
137.947 8.48341
144 7.75981
141.993 8.03146
142.271 8.32066
138.414 8.62081
138.934 9.66849
140.921 8.16377
144.893 8.58044
146.526 9.14743
141.951 8.68919
139.982 8.43212
141.973 8.85419
139.524 8.38365
142.646 8.54606
142.753 8.3106
139.921 9.37135
143.89 7.95711
142.83 8.64174
141.175 8.76503
141.299 9.71439
141.876 8.26847
142.441 8.1196
139.441 8.75638
140.76 8.74462
140.729 7.76588
141.119 9.21125
135.834 9.14458
137.725 9.22661
136.723 8.4348
139.388 8.6728
140.136 8.83603
140.185 8.70221
137.799 9.60375
143.5 8.04099
142.104 7.9289
142.508 8.22347
143.751 7.75738
142.961 7.39203
141.93 7.63647
141.36 8.4923
137.5 8.84311
141.751 8.5115
140.961 9.78208
144.66 9.05832
144.665 8.02631
143.501 7.40936
145.798 8.78147
144.873 8.61134
144.093 8.20269
148.473 6.81994
141.82 9.68091
144.234 9.02488
146.241 9.04342
145.917 8.32804
148.097 8.55551
143.353 8.40802
149.344 9.02762
147.236 8.00876
145.761 9.53152
148.565 8.40917
148.565 8.3787
144.85 8.72998
146.303 8.15635
144.631 8.31112
145.399 9.12849
145.803 9.01528
144.808 9.08219
143.84 7.8235
143.531 8.06295
140.459 8.24817
141.413 7.70538
144.42 8.50765
145.829 8.74785
147.681 7.53188
144.943 8.58391
141.688 8.50587
146.753 7.69907
143.479 7.44657
144.741 9.15175
142.421 8.98276
141.005 9.72649
139.674 9.04391
138.895 7.62809
140.8 7.77108
139.621 8.55263
142.029 8.60328
144.874 8.00406
146.716 8.41746
142.898 8.14158
142.663 9.95926
141.229 9.39801
143.032 8.35481
137.884 8.46521
138.822 7.44811
142.18 7.86282
141.36 9.71112
142.256 8.43403
141.831 8.37146
143.021 7.7275
142.725 9.71545
143.693 9.78684
142.419 9.19973
142.97 8.56318
141.324 9.05196
138.898 8.58193
136.332 7.64358
138.568 8.14871
141.434 7.24157
139.111 8.55706
136.098 8.49951
139.974 8.893
139.515 6.92993
140.085 9.91469
138.503 8.33728
144.813 7.96464
141.366 9.88943
141.458 7.69232
139.899 8.74215
139.876 8.63318
138.386 9.00084
137.689 7.862
137.962 7.78201
143.485 7.81077
142.386 9.50173
141.657 8.03233
143.999 8.38794
141.609 8.97648
145.433 7.62048
145.005 8.35847
142.385 7.95175
144.374 8.97112
141.292 9.52358
142.419 8.42541
144.005 8.50759
145.18 8.44193
144.315 8.22865
146.314 8.71947
143.146 8.45487
145.702 8.41281
148.136 8.68216
146.405 9.17033
142.387 8.92457
142.557 8.26866
145.284 7.81378
142.903 8.92297
141.073 10.4427
139.883 8.62427
144.204 8.38903
142.473 8.36457
145.959 8.02532
144.432 8.57033
142.101 8.95519
141.1 9.10823
142.877 8.54834
142.877 8.48468
139.909 8.43926
138.565 8.90383
135.143 9.13377
139.099 7.64111
138.717 8.40715
140.756 8.06863
142.851 7.86348
141.104 9.05646
139.223 8.39293
137.655 9.53537
140.355 7.66468
137.379 8.44162
140.566 8.19947
139.731 7.2704
142.318 7.70901
137.765 7.66879
137.57 8.53813
137.079 9.55236
139.12 8.75901
143.079 8.52901
143.751 9.31372
145.223 9.47057
148.953 9.40883
145.908 9.75803
144.73 9.23387
144.486 8.57743
145.07 8.37302
148.08 8.73873
147.879 6.85381
147.39 7.2973
142.51 8.17361
142.948 9.28165
142.893 9.76607
143.437 7.84901
142.485 8.20509
145.076 7.83221
143.77 8.82823
144.899 9.45405
140.723 9.89027
142.406 10.0671
143.737 8.80914
143.206 8.60889
143.59 7.83043
142.412 6.91441
139.678 9.03204
141.325 9.18337
137.247 8.45604
143.203 9.52772
141.082 8.61733
141.097 8.40106
143.195 8.25156
147.307 9.44832
143.18 9.28063
141.656 8.33833
139.838 8.71898
140.246 8.82341
143.156 9.06582
141.169 7.88364
137.425 8.97462
141.124 8.29024
141.393 8.21713
136.831 10.0629
140.448 8.88982
140.205 9.2775
140.64 8.58688
138.916 8.11203
141.759 8.41653
141.455 9.77662
139.683 9.64978
140.001 6.96451
141.547 9.0057
138.495 8.64209
142.089 8.68956
138.438 8.73735
141.743 8.81778
138.887 8.85584
139.37 8.06515
139.615 8.22648
136.517 8.53126
133.824 9.17931
137.212 8.4541
145.542 8.55365
141.892 8.62548
141.014 8.64866
138.141 8.63124
142.245 7.90396
142.365 7.66005
140.099 7.83116
140.347 8.95533
140.638 8.825
140.132 8.86938
139.159 8.53304
142.479 7.98481
144.582 9.26647
142.13 8.74808
140.18 8.36211
138.824 7.57356
139.51 8.4121
140.49 9.22127
139.014 8.36062
138.286 9.3298
141.014 8.27206
143.164 8.54664
141.616 8.14445
143.296 8.78933
136.784 8.92867
136.151 9.31108
137.183 8.62335
137.807 8.56443
137.723 8.27977
138.037 8.16904
136.547 8.84999
143.055 7.29516
142.885 7.55814
140.651 7.89823
137.649 9.98636
141.799 9.45225
140.827 8.24306
141.497 8.38539
137.082 8.48154
136.543 8.67657
139.341 9.27468
147.11 7.50943
146.917 7.26878
139.387 8.55144
140.161 9.34992
140.871 9.14944
143.353 7.7507
142.848 8.2347
139.056 8.72661
139.609 8.92491
138.185 8.56742
146.085 7.88101
142.482 8.82618
135.685 9.12101
137.66 8.83051
140.284 7.84787
142.322 8.43204
140.064 8.46751
139.988 9.60255
139.377 9.21177
139.8 7.951
139.126 9.07416
139.123 8.42639
139.175 7.40321
137.811 7.04245
136.904 8.89272
140.897 7.94154
140.702 8.42665
141.269 9.16409
142.837 8.60126
143.355 7.25965
136.798 8.27868
138.401 9.54755
137.051 9.15153
138.592 8.72962
141.46 9.02396
140.089 8.64249
140.873 8.26839
140.732 8.1573
140.883 8.07792
140.38 7.99897
140.644 8.54026
140.301 8.20455
138.814 8.90341
135.227 8.80315
136.736 8.38534
138.615 8.73294
143.079 8.46644
141.778 8.38227
142.706 8.1042
144.251 8.21889
142.077 8.42537
140.99 7.94544
145.998 8.39095
148.272 7.44324
143.674 8.82349
141.448 8.09246
139.544 9.91296
140.569 9.0908
141.337 9.54853
143.322 7.86732
141.911 7.86504
144.089 7.70264
147.727 8.50663
148.267 7.09062
145.967 7.84401
145.42 7.4991
141.781 8.74336
145.709 8.85552
142.469 9.07098
142.665 8.75335
142.299 8.7045
147.766 8.69592
146.376 8.34499
147.364 8.53803
149.173 7.95686
147.96 8.71767
145.799 9.2349
144.461 9.27568
145.025 7.46222
148.141 8.82266
153.5 7.93882
145.276 7.88287
147.642 8.71954
147.584 8.6856
149.672 7.98471
144.255 8.93236
141.623 9.09339
142.661 9.45218
144.887 8.97451
147.224 8.19925
143.297 8.56421
143.236 7.91518
142.805 8.20805
144.765 8.59457
145.2 7.61578
144.323 8.43353
141.288 9.87539
141.655 9.78524
144.654 9.62661
139.786 9.63342
143.682 9.33631
143.782 8.13869
143.347 8.55902
141.878 8.60938
143.951 7.44579
141.953 8.97886
142.297 8.21436
143.167 7.87636
140.83 8.57572
141.155 9.2355
139.788 10.5415
140.635 7.26078
144.772 8.46961
142.442 9.33261
142.134 10.0619
138.167 7.98253
140.113 9.13598
144.821 9.18301
145.529 7.80613
147.425 9.03245
149.565 8.48136
149.743 7.56106
144.879 8.47084
143.5 9.55389
145.989 9.13389
140.78 8.83426
142.213 9.04556
144.324 7.83237
145.793 8.65341
144.885 8.33467
145.428 7.63659
143.156 8.25473
140.903 8.98893
139.614 9.99808
142.492 8.24432
142.908 9.66175
141.531 9.17975
143.478 8.83836
144.326 8.83126
144.169 8.22463
145.667 7.75471
139.814 7.69669
142.989 8.34707
145.862 9.12508
142.44 9.4537
141.487 8.60499
141.17 8.25256
143.372 7.46975
142.935 7.88828
143.736 7.28341
137.859 8.71132
138.899 8.71803
139.231 9.37292
141.211 7.51071
139.634 8.18198
139.955 8.32491
138.391 8.19388
141.703 8.1879
140.368 8.58517
142.644 8.28354
140.519 8.34413
138.862 8.34725
138.653 8.69277
138.696 8.64421
142.642 8.83467
140.688 9.02534
141.948 7.83625
141.14 7.78392
140.746 8.15799
142.139 8.25349
143.707 9.09344
145.266 8.35078
142.874 8.2745
145.843 8.49414
140.774 8.43558
138.463 8.9142
138.838 8.69153
140.817 8.40342
140.135 9.00389
140.524 8.42503
140.604 7.9552
141.51 9.2196
141.834 8.80026
139.536 8.3248
138.253 10.2547
143.767 8.24124
142.867 8.69438
140.941 8.74348
142.48 8.86563
142.228 9.69871
144.272 8.31115
145.038 8.63552
145.433 8.86612
145.487 9.82569
144.582 8.31772
144.397 7.93449
141.598 8.17733
142.148 9.1161
143.218 8.36898
146.267 8.51173
139.524 9.59464
138.996 8.94713
142.817 8.70444
140.994 8.23474
140.465 9.25617
141.406 8.99662
142.806 9.03643
142.806 8.07715
144.083 8.38392
137.29 9.33147
141.336 8.92299
140.279 8.1356
140.086 8.91032
140.525 9.71059
145.011 6.68479
141.223 8.35381
139.712 8.08557
141.201 8.19259
141.654 8.31871
140.928 7.30504
143.019 7.30885
140.145 9.585
142.365 9.54402
139.484 8.96054
134.982 8.67447
138.744 7.84473
138.744 8.3598
137.704 7.93453
140.833 8.0611
142.597 6.86512
143.382 7.76951
140.226 7.77404
139.253 8.65825
138.756 8.29701
136.464 9.60349
135.185 9.94416
139.304 9.46359
138.513 8.54513
137.094 7.97418
141.533 8.16713
136.434 7.88702
139.249 8.30374
141.107 8.30714
138.36 8.80303
138.852 8.41739
139.002 8.74524
142.873 8.22093
136.721 8.36285
138.433 8.2783
138.08 8.47368
138.877 8.50681
140.941 8.99161
140.634 8.31703
135.424 8.66304
139.007 9.10806
141.542 7.63514
141.097 8.71579
143.247 9.3866
142.239 8.22979
146.122 9.21336
136.139 8.32456
138.245 8.77606
140.906 9.03934
137.886 8.06435
138.405 8.82235
143.986 8.62885
142.82 8.49369
138.637 8.77081
136.635 8.55079
141.988 8.95288
139.047 7.85128
139.293 9.01406
142.055 8.23531
143.118 7.60943
139.042 10.3672
137.851 9.51134
140.711 7.79037
140.668 9.05883
140.332 8.35215
140.64 7.70126
145.553 7.94261
145.347 8.9859
144.094 8.41899
145.472 8.66983
143.696 8.57967
145.27 8.1612
143.905 7.7946
146.859 8.84955
146.181 7.6372
145.846 8.08934
148.175 8.17471
147.209 7.77715
147.999 8.04187
145.368 9.48395
145.435 8.4315
142.609 9.41
144.859 8.80296
146.165 9.8944
146.803 8.04475
144.117 8.36692
144.58 8.9205
143.433 7.62777
142.461 7.98607
146.53 8.74572
146.372 9.18959
142.729 9.07808
144.284 9.56417
143.7 9.07605
148.181 8.71615
145.544 8.26701
142.42 8.85747
144.654 9.07568
142.497 8.92355
144.185 9.67638
145.699 9.26429
142.163 8.44077
143.857 8.58491
140.859 8.39546
140.988 9.00132
144.201 9.85549
146.08 8.17607
144.668 8.4597
145.932 8.21637
141.982 8.93998
143.829 9.86765
146.349 8.81681
145.047 7.68177
142.74 8.07605
140.813 8.96837
143.481 9.06276
144.355 9.45995
144.505 9.73209
146.179 9.14945
147.243 8.10801
147.255 8.28267
146.541 7.70012
147.238 8.35535
141.671 9.8191
143.775 9.73726
142.806 8.19427
146.497 7.60895
145.295 9.07375
144.55 8.1529
148 8.36276
146.05 8.92011
144.627 8.80888
145.184 8.8599
146.464 8.98065
147.788 8.61915
148.917 10.1682
145.89 8.84439
147.794 8.09434
150.103 8.48811
146.778 7.24752
142.53 8.07746
147.309 8.58517
145.092 8.0568
143.072 7.94954
141.772 7.87047
141.87 7.88309
142.791 7.96716
140.143 8.61596
143.685 9.5365
142.733 9.20161
139.082 8.22058
143.923 8.87882
150.119 8.07429
141.756 8.33981
143.769 8.07021
144.184 8.4554
141.231 7.82973
142.13 7.84689
141.507 8.41045
140.404 8.58634
142.417 8.76513
143.499 8.22616
144.109 7.78405
144.873 9.3989
142.758 9.00498
147.599 8.47058
144.628 8.2637
142.173 8.7953
144.838 8.98024
141.266 8.99221
143.712 8.92231
144.227 8.6677
142.675 8.16817
143.55 8.74756
139.405 8.94604
138.752 9.02322
141.753 7.84011
140.156 8.58133
140.046 8.71068
137.505 8.68952
137.213 8.5901
141.915 8.48152
138.519 9.04584
138.209 9.03634
139.33 7.80668
139.723 8.42823
140.443 6.96221
146.96 8.34703
137.929 9.18045
140.738 9.72037
143.758 7.45733
141.309 8.18711
141.497 8.6609
141.81 8.72867
142.562 8.72358
145.838 8.1286
145.012 7.84643
145.351 8.32355
143.826 8.09318
144.32 8.12766
143.031 8.6126
145.272 8.21286
142.577 9.2033
146.602 9.2033
144.584 9.60521
140.334 8.63791
140.307 9.25633
140.935 8.23894
141.557 7.87781
137.258 9.64276
139.485 9.51272
136.499 7.90698
139.963 9.17794
142.83 7.78824
143.119 8.44572
143.904 7.75573
139.165 8.26948
141.191 8.3534
141.813 8.60557
139.32 8.65731
145.369 7.93998
142.473 8.43833
141.112 9.25925
144.823 9.11091
142.355 8.7459
143.926 8.74269
139.873 8.53307
138.824 8.44282
140.618 9.5385
142.176 8.60947
139.816 8.55071
133.82 8.71233
139.382 8.69663
139.429 8.96744
141.246 8.6859
138.075 9.08688
141.103 8.29569
138.997 9.60156
137.417 9.78872
140.208 8.94459
141.93 8.48789
138.081 8.36573
137.767 8.55421
140.291 9.1147
141.095 8.86572
142.048 8.32635
139.867 8.60607
142.763 9.62644
141.753 8.35152
141.199 8.34174
140.89 8.49449
141.76 9.1484
142.14 6.62171
143.162 8.04097
144.237 8.569
140.719 8.54257
144.106 8.06177
141.874 9.07221
143.589 8.36099
139.938 7.75542
142.733 9.02466
142.522 8.26466
136.45 9.66138
138.795 8.99827
139.085 8.64037
139.513 7.98564
137.908 8.73871
137.572 8.67337
139.721 8.22382
143.982 8.93838
140.221 8.61213
139.381 7.83217
140.607 7.33802
146.242 7.7184
143.216 8.41111
144.252 9.30324
138.796 8.38967
143.955 8.59128
145.078 8.64575
139.412 9.25583
139.155 8.79438
138.983 9.19132
141.203 9.78822
141.503 8.64963
136.736 9.07365
138.688 9.08479
137.318 8.98801
138.731 8.7618
140.031 8.91445
138.91 8.2651
139.796 9.3351
138.121 8.35482
135.753 8.09374
141.869 8.81432
136.919 9.42773
137.065 7.59135
139.232 8.78242
139.843 8.93902
144.526 9.37488
144.073 9.95483
142.24 8.49348
145.405 8.58323
143.565 8.07316
147.191 8.08733
146.146 8.07527
143.386 7.45585
141.054 9.38111
143.058 8.32203
141.615 8.59617
143.951 7.98806
143.474 7.64742
142.735 9.89685
143.264 7.36585
141.097 9.54999
139.752 9.15938
142.829 9.25072
142.771 9.09308
141.168 8.13006
140.838 9.869
142.596 8.56988
140.788 8.93682
141.672 8.79742
146.166 9.07562
142.155 8.35444
138.639 8.86864
141.982 9.18575
141.183 9.53723
143.688 8.59149
143.615 7.86352
139.019 8.93871
141.288 8.8456
146.484 7.62364
143.363 7.76125
146.102 8.1062
143.195 9.97774
141.152 9.18375
140.576 8.77502
140.197 8.13425
142.894 8.2577
140.591 8.97121
137.655 7.96016
142.951 9.87982
139.027 8.59848
139.892 8.26081
137.522 8.32576
138.303 7.85396
138.77 7.85824
140.582 10.0804
142.016 8.59379
138.943 9.05157
138.438 8.71369
139.93 9.06416
137.111 8.92382
141.567 8.3787
143.458 7.1104
142.789 8.82538
140.909 8.94035
136.47 8.9227
138.727 8.70664
138.038 9.41216
138.643 9.34619
140.839 9.1065
139.013 7.42154
141.149 8.68209
137.632 8.32745
139.002 8.32773
142.163 8.28269
145.747 8.2552
138.954 8.84567
139.381 8.28969
139.039 8.10426
137.543 8.72956
140.905 8.80207
141.125 8.965
143.168 9.39779
140.806 8.88573
141.35 8.60883
143.069 7.67053
144.141 8.08043
144.686 8.85329
143.625 8.94653
142.184 8.75702
137.852 9.93164
141.76 7.96803
139.418 7.75319
140.537 8.64301
139.967 8.96752
144.211 8.3428
144.995 8.25051
141.848 8.18285
140.629 8.36772
142.591 9.00754
136.049 8.84642
144.01 9.4604
144.281 8.56023
146.945 8.63561
144.856 9.63558
140.988 8.88676
144.6 8.15131
146.318 7.013
144.428 8.82424
150.741 8.95724
146.19 8.59053
149.423 7.97798
150.736 8.03432
151.973 7.76526
151.922 8.55618
149.946 8.83835
150.413 8.651
146.291 7.35794
144.925 7.88463
146.816 8.52345
147.357 9.03538
146.14 8.59278
148.856 8.86388
149.277 8.72322
149.32 8.41208
144.263 9.86368
148.367 9.13552
147.46 10.0899
144.449 9.1773
144.713 8.5303
146.396 9.66074
144.662 8.50669
142.087 8.8099
141.262 9.12093
143.132 8.10496
142.198 8.154
141.704 8.11994
140.63 8.88951
138.071 7.88044
140.646 7.94433
142.88 7.71968
139.405 8.78868
143.103 8.28581
144.283 8.55044
138.934 8.15136
147.813 8.58504
143.117 8.26139
145.359 8.13665
143.938 8.2305
141.149 9.82121
141.62 8.83182
139.234 8.24077
139.299 7.49749
139.156 8.64109
137.183 8.36927
137.086 9.42458
138.924 8.80861
146.784 8.4462
145.536 8.73744
139.371 8.3417
139.348 8.74027
137.339 9.28346
140.496 8.90105
140.408 8.67627
139.574 9.58823
138.4 10.2518
143.362 7.9812
141.595 8.96134
139.764 8.0628
139.884 9.03308
140.833 8.98336
138.721 7.81423
144.584 8.50979
144.079 8.80177
139.707 8.18161
142.098 8.21848
138.784 8.31753
140.885 8.92428
138.488 9.31876
137.959 9.1973
142.39 8.59336
138.314 8.40414
139.813 8.87155
138.634 8.60633
139.382 9.37189
140.485 9.46798
138.051 9.19617
141.38 8.8985
140.004 8.38343
141.221 8.32654
141.955 8.43097
142.398 7.55796
143.93 7.52329
146.278 7.51274
143.864 8.79609
139.251 8.19185
137.275 8.97431
136.812 7.62984
138.665 8.14578
139.815 9.06413
140.681 9.24696
139.267 8.93205
140.493 7.95733
138.799 8.00593
141.671 8.2691
140.96 8.49023
138.603 8.61337
137.965 7.88355
139.297 8.08267
140.476 7.37442
141.108 9.08713
143.874 9.16199
139.431 8.32497
138.233 9.56637
140.372 8.26011
139.598 8.59465
138.327 7.62797
139.593 7.83454
139.585 8.14581
140.264 8.82868
139.407 7.89547
139.753 8.70736
139.691 8.51143
139.728 7.12271
136.299 8.16349
141.508 8.76212
140.823 9.26277
139.797 8.30701
137.923 8.27096
143.385 9.03291
143.123 7.86864
140.932 7.43679
143.546 7.20782
145.067 7.43804
140.555 7.90554
142.817 7.87299
137.493 8.37207
138.593 9.33518
141.235 9.62823
140.465 8.50535
141.392 7.67519
142.682 8.56827
142.05 8.86197
144.314 8.89778
139.346 9.11213
144.979 8.82698
146.38 7.84406
144.51 8.62925
144.44 8.98066
144.427 9.5654
145.405 9.02849
141.961 8.50963
145.022 8.32737
147.927 8.53823
141.866 8.75849
141.946 8.17698
140.313 8.20298
137.887 7.56591
138.874 7.30938
141.942 8.72045
137.329 8.63882
139.878 7.79638
135.082 8.80304
142.255 9.4027
142.485 9.11273
142.352 8.94874
139.092 8.06694
140.051 8.76457
138.89 9.12872
136.233 9.23299
137.164 8.93497
139.328 8.61352
140.116 10.2324
142.372 9.4042
142.331 9.21159
140.263 9.34573
141.818 8.25361
141.703 8.06669
141.746 9.53497
143.248 7.43579
145.968 8.3109
144.34 8.89905
142.237 8.06016
140.003 9.08985
142.876 8.63267
143.065 8.04659
139.992 7.97234
141.999 7.92579
140.809 7.38762
141.645 7.5298
140.886 7.54549
142.011 7.19834
142.563 8.51379
144.009 9.4642
143.785 8.6781
142.901 8.86016
140.311 9.03304
137.249 9.45055
135.748 8.52934
141.577 7.441
139.493 7.88249
139.882 8.53806
141.006 8.20476
138.895 8.51645
138.793 6.722
140.301 8.11483
141.073 8.16965
143.693 7.86154
141.767 7.91172
142.244 9.15344
143.404 8.29935
142.03 9.13531
146.27 9.07171
150.354 9.44956
146.709 7.86201
145.816 9.37274
147.061 8.98017
142.334 9.0804
142.3 9.02381
143.115 8.72008
145.697 9.50174
142.968 8.61323
140.401 7.88407
144.195 8.08936
143.871 7.788
147.16 8.8786
143.811 7.3418
141.723 8.05478
142.298 9.04728
143.297 7.49001
142.686 8.4327
140.59 7.91584
140.142 6.4905
138.364 8.24888
134.829 9.25572
135.406 9.03016
135.474 8.55248
137.677 9.50007
137.104 8.03179
137.011 8.70696
138.038 8.20955
137.883 8.39637
137.453 9.25501
136.738 9.34251
137.5 8.33883
140.757 7.52097
139.768 8.43465
139.089 6.67138
135.461 8.67093
145.12 7.34583
142.588 8.81234
142.523 7.78277
142.956 7.66219
141.798 7.76821
146.19 9.32774
148.412 7.67665
142.075 8.14509
145.008 8.48515
146.921 8.35717
146.363 8.03063
145.246 8.08511
143.009 10.0253
141.526 8.12921
142.499 8.16765
144.338 8.5753
135.732 7.93074
139.916 8.34088
139.277 8.40911
143.728 7.05388
144.489 8.9058
144.278 7.1868
142.052 7.5054
140.786 8.4249
140.993 8.37706
143.287 8.46691
143.533 8.17917
140.433 9.09213
139.788 8.06322
141.01 8.67884
143.098 7.9687
138.824 7.70916
140.027 7.23243
139.553 9.7234
140.441 7.58995
140.138 9.11625
143.213 8.2088
143.577 8.1164
138.403 8.4548
138.976 8.63984
140.354 9.50398
138.597 9.07032
138.149 8.42018
137.104 7.78094
137.878 9.12592
139.634 7.05793
140.908 9.151
145.712 8.75374
145.736 7.95565
142.322 7.93846
142.301 8.36937
141.911 8.33315
146.123 8.77046
139.352 8.38138
141.777 8.63832
140.492 9.62789
144.746 9.17096
142.774 9.08556
137.439 9.03999
139.619 7.75604
144.117 7.39492
140.298 8.3331
140.945 8.58824
141.213 8.87922
141.072 8.86771
139.552 8.85647
141.424 9.37067
139.205 8.69914
142.458 9.18945
139.807 9.02773
144.555 8.54684
142.696 8.16492
142.696 7.77654
145.721 8.6296
143.247 9.4728
144.673 7.85269
143.127 7.71615
146.647 8.99307
143.765 8.62003
145.51 9.22666
146.419 8.41976
145.909 8.90178
145.191 9.31831
142.11 8.68013
137.713 8.51426
138.166 8.88509
138.09 9.27126
141.618 9.08061
142.547 8.12276
142.944 8.42316
142.943 8.60281
137.311 9.38438
137.077 8.45218
138.829 8.32901
140.379 8.21971
138.111 8.86522
137.988 9.10169
135.386 8.66466
139.337 7.87374
136.442 8.2053
142.14 8.49229
141.707 8.74365
143.745 8.39775
141.906 7.96016
143.878 9.35948
142.627 8.33562
139.494 8.25763
138.987 8.43457
139.314 8.61713
140.046 8.34471
142.386 9.67207
139.94 8.77071
139.051 9.20925
142.336 7.22084
135.433 9.16251
144.036 8.54912
140.58 8.65864
145.887 9.37096
136.036 9.95322
140.665 9.09046
140.82 8.13601
138.241 7.93666
137.488 8.0872
137.852 8.57086
138.226 8.70157
141.572 10.159
139.951 7.8451
138.118 8.6103
143.435 9.08126
140.577 9.22375
141.254 8.13905
141.528 8.52805
141.881 7.4923
134.824 7.78446
139.284 8.893
136.105 8.25299
140.198 8.01785
138.862 8.08862
141.682 8.7345
139.158 8.73889
141.681 8.80826
142.614 9.13211
142.094 9.00117
139.413 9.41938
144.249 9.59884
143.049 8.1004
140.798 8.43534
139.655 8.81047
140.205 9.41773
141.571 8.63624
144.98 9.05809
141.823 8.22611
145.023 8.63908
145.464 8.95518
143.843 8.82859
144.781 8.68526
144.277 8.73741
144.666 7.59778
145.195 8.39296
143.62 8.94026
143.059 8.12483
143.616 8.10121
140.737 8.01778
142.056 8.5385
139.053 7.48958
140.362 7.66247
141.861 8.18157
143.237 8.58156
138.327 8.30742
136.407 8.29256
144.141 8.32471
145.238 8.40489
142.649 8.86518
138.19 8.571
139.4 9.12812
142.404 8.3581
142.797 9.27715
143.042 9.05703
146.357 8.63206
141.856 8.59534
146.86 8.55756
141.809 8.43533
142.675 8.81998
141.871 8.57693
138.523 8.918
140.245 9.27321
137.527 9.18696
138.45 9.08558
139.211 9.0621
142.142 10.2347
139.442 8.17386
141.807 8.07433
141.547 7.44373
139.741 8.97557
141.226 7.42102
142.439 8.62962
142.439 8.65116
143.14 8.06043
143.66 8.32776
141.825 8.22588
146.731 8.23846
143.518 8.27866
144.125 8.28467
140.167 8.3156
139.28 8.69028
144.153 8.27366
147.524 10.1436
137.812 9.07724
139.375 8.39064
141.781 8.45221
139.243 9.36351
145.422 7.75295
143.098 6.96456
145.767 9.09567
141.881 8.84122
145.767 8.14407
142.071 7.74948
140.683 7.92759
140.904 7.56549
139.685 8.36519
142.288 9.00231
138.909 8.01814
140.994 7.48252
140.204 9.31517
137.479 8.36811
138.2 8.67838
140.715 8.24773
140.318 8.65284
139.173 8.26786
138.226 8.0064
136.516 9.14812
135.534 9.55778
135.912 8.02977
141.906 9.41212
135.725 8.59537
135.163 8.13756
137.739 9.97057
138.051 9.77842
137.789 8.8422
140.68 8.57251
140.019 9.09852
141.33 8.88987
142.429 7.92307
143.372 7.43066
144.201 8.29128
146.08 8.60146
145.468 8.20043
147.356 8.11294
145.891 8.01038
141.681 8.03089
147.961 7.94965
144.216 7.9264
143.632 9.07237
143.821 8.9377
143.215 9.63595
142.53 8.97691
143.186 9.06473
144.832 8.26848
142.095 8.3415
141.329 7.90871
137.74 9.8613
137.659 7.7596
138.299 8.46299
140.052 8.70625
139.71 7.78454
142.004 8.41344
142.126 7.74559
143.862 8.35536
142.676 8.57155
145.97 8.28188
144.925 8.91651
143.67 8.69101
141.005 8.61518
142.638 8.64835
141.56 8.61385
142.809 7.79104
140.383 7.96897
141.114 10.0865
137.057 8.0588
139.112 9.0484
144.081 8.27738
143.213 9.16397
143.334 8.89335
144.329 8.28825
141.72 7.98719
140.75 9.44663
140.134 9.11186
144.317 8.86335
143.84 8.4684
141.518 8.05648
142.503 8.16897
137.27 8.91895
141.689 8.75275
144.722 8.63531
145.097 8.21687
143.058 8.41876
145.642 9.38953
142.451 9.95043
142.673 8.10595
147.031 9.31714
144.484 8.41857
145.897 8.04007
142.688 8.01961
142.26 8.37818
145.342 8.35685
145.847 8.73653
141.076 7.45092
143.957 7.30896
144.085 8.05061
144.015 7.53999
142.857 8.11833
142.545 8.17311
142.104 8.07566
142.827 9.57893
145.884 8.23271
141.115 8.49043
140.758 9.24955
143.932 8.98201
144.184 8.99137
142.913 9.9452
142.747 9.45738
141.647 8.98502
144.815 8.63684
141.716 7.76698
141.805 6.98271
143.461 8.63727
141.044 8.69384
144.936 8.77251
144.077 8.76504
142.58 8.23744
142.552 9.19611
139.373 8.77229
143.537 8.46652
141.955 8.91477
140.82 9.08232
140.772 8.47441
143.829 8.62715
144.009 9.95718
145.943 8.43901
144.401 8.05961
142.357 9.50176
141.136 9.38252
145.481 9.18916
148.108 7.62599
147.196 8.80119
144.272 8.05526
146.759 7.48218
146.687 7.61551
145.263 9.16634
148.419 8.28912
144.294 8.60101
143.701 8.96977
147.333 7.99821
146.018 8.76778
148.039 8.78483
149.069 8.545
150.564 8.78379
146.209 8.11235
146.918 7.65245
147.033 8.08278
147.576 8.41142
147.887 8.90401
142.013 7.94648
145.148 9.18385
143.822 8.93337
143.035 9.17467
139.139 7.86684
139.708 8.87656
143.089 8.40937
144.46 9.65648
147.705 8.69053
151.653 8.47081
146.99 7.61366
147.135 9.52317
147.101 8.78279
145.521 8.10444
144.532 7.91872
144.316 7.40073
145.976 8.05803
146.712 8.05417
146.322 7.95522
146.964 9.54891
143.18 8.93421
141.262 8.94257
142.529 8.98514
142.391 8.50234
142.883 8.56137
142.35 8.99146
145.7 8.9772
145.255 8.57929
143.399 8.79252
140.838 8.87041
142.681 8.09453
144.316 8.17587
142.07 7.63478
145.637 8.2906
146.312 8.99858
139.936 9.25222
142.041 8.00766
144.479 7.68793
144.048 8.78821
142.976 7.18169
149.225 7.04395
145.754 9.81604
144.755 9.81541
142.95 9.16279
141.65 9.18585
142.992 8.52957
144.231 7.79421
142.897 8.85436
138.559 8.03291
137.459 8.31864
136.557 8.91515
138.186 8.39579
138.212 9.09381
139.233 8.73403
139.361 8.62803
139.202 8.45577
138.971 8.40527
139.004 8.65482
135.749 9.47873
137.748 9.45426
137.113 9.31048
137.616 9.66623
136.408 7.9458
140.28 8.02248
137.244 8.80255
137.935 8.79146
138.192 8.45908
139.462 8.12971
144.223 8.75425
142.557 8.90306
139.733 8.90465
138.91 8.39011
139.887 8.9411
138.46 9.81983
140.043 8.26197
143.545 8.13378
142.731 9.27473
145.063 8.1919
144.337 8.96848
145.973 8.14037
148.621 7.45409
145.625 8.17892
145.364 7.187
146.286 7.77676
146.869 8.14398
146.91 8.29294
144.546 8.86352
142.383 7.58144
144.379 9.46828
142.301 8.26825
139.382 9.60412
143.823 8.98524
147.727 9.36875
143.432 9.49986
142.71 9.19539
141.184 7.49492
145.122 7.37267
139.616 8.04298
140.755 9.3967
139.016 7.79321
141.287 8.86807
141.945 8.68805
145.272 8.53138
139.975 8.94956
139.123 9.17963
143.093 8.71002
139.231 7.68879
140.316 8.19914
141.282 8.86844
141.427 8.23467
140.249 8.64536
139.634 9.3013
137.841 9.98418
138.027 9.77333
139.045 7.52409
140.618 8.06609
138.889 8.5148
135.109 9.30363
140.538 8.96981
148.247 7.89584
136.884 8.63317
141.394 8.60573
142.195 8.74355
145.3 8.7531
139.643 8.41221
140.197 9.05243
143.946 8.03049
140.788 8.7719
144.375 8.27109
142.816 9.42596
145.581 8.47404
144.113 8.27205
147.285 8.18525
144.768 8.45616
142.84 9.00605
145.28 8.8777
146.244 7.94425
147.03 7.76066
145.244 8.89053
145.348 9.07323
142.327 9.07988
145.879 8.73566
145.204 8.82311
144.413 8.80264
143.853 8.82713
142.829 9.46696
143.417 8.60948
140.972 8.90635
146.677 7.71896
147.618 8.5004
144.859 7.39058
142.077 8.45226
146.292 8.2066
142.86 7.72607
142.635 8.86464
140.288 8.77671
142.049 8.28202
141.739 8.87281
139.322 7.834
141 7.99405
140.679 8.29501
140.354 9.28899
138.482 9.4541
139.093 8.50717
141.173 7.86966
137.899 8.83595
135.7 7.77879
139.697 8.52239
137.809 8.58381
140.791 7.94039
137.925 9.12996
138.098 8.99406
142.109 8.18888
141.829 8.31655
139.599 7.47199
140.06 8.90866
140.184 8.95817
140.043 8.78573
141.353 7.69029
141.642 8.23345
140.842 8.53072
140.227 8.99812
142.909 8.43832
138.842 8.77348
141.372 9.39734
142.412 9.11816
140.657 8.42405
142.739 8.36499
141.354 8.00331
140.017 8.53805
141.702 9.08181
138.854 8.47026
136.624 9.07114
142.591 8.63157
141.506 8.63444
143.497 6.49568
143.787 9.36167
138.58 8.36784
137.626 7.19716
139.554 7.78469
141.803 8.11823
143.689 9.64335
141.324 9.85616
143.75 7.64082
142.62 8.73635
144.477 7.81296
142.237 9.34723
143.062 8.36088
141.321 8.0913
142.258 10.1439
143.949 7.89666
140.243 7.94309
141.176 8.57041
140.15 8.85531
142.358 7.75722
142.146 7.71543
143.798 9.36744
139.403 9.00173
143.568 8.1686
142.892 8.72335
141.782 7.52109
141.605 7.59564
144.665 8.6215
142.452 9.65414
144.694 7.45488
146.298 6.70587
138.373 9.82263
146.474 8.52043
137.18 9.42537
137.339 8.74798
143.405 8.42147
141.997 8.38415
141.724 7.75236
144.201 7.30494
143.783 7.82292
140.799 7.85552
141.565 7.50174
140.409 9.54237
142.519 8.05234
142.619 8.63163
141.674 8.89947
141.522 9.7716
139.341 9.14597
145.288 8.52934
139.657 8.0386
144.461 9.00489
144.461 8.96942
144.396 9.04528
140.307 8.75166
141.791 9.39423
139.218 9.50471
137.949 8.0976
138.414 8.59091
141.068 8.50468
142.394 7.5434
146.926 9.41438
144.52 8.51092
143.705 8.45883
144.198 8.52581
139.93 8.66619
140.693 8.06235
139.085 9.06819
139.528 9.06674
141.069 8.8434
144.141 8.48905
143.741 7.67255
140.521 8.34244
143.009 8.50403
142.269 8.77442
140.305 8.95838
140.54 8.96858
135.623 8.95136
138.452 8.97977
138.493 8.80927
137.159 8.1105
139.44 8.42853
139.138 9.48584
143.676 8.3007
143.722 8.56631
140.968 8.52339
140.79 8.38102
140.996 8.44833
140.894 8.22104
144.891 8.03669
142.903 8.09485
142.716 8.31106
142.922 8.94642
145.83 8.50735
141.776 8.03425
142.056 8.34657
139.978 7.6547
140.15 8.08128
139.308 7.51417
135.94 8.42514
141.615 9.00623
141.692 8.96819
140.092 8.05089
140.595 9.46832
135.298 8.86569
136.909 8.9582
141.782 8.05596
141.292 8.28586
139.871 7.84839
137.177 7.6467
139.533 8.51906
137.425 7.47714
135.418 9.18683
139.593 8.73107
140.165 9.28482
137.988 8.14351
139.385 9.06188
140.825 8.95909
140.237 9.7534
149.343 9.43708
145.924 8.69594
143.797 9.45072
143.534 9.50029
141.94 7.71727
142.533 8.65882
142.474 8.42204
142.455 7.77894
143.459 7.51788
149.992 7.47571
149.661 7.46792
145.827 9.43821
143.607 9.10809
143.863 10.457
144.975 8.19021
144.218 8.29204
139.833 8.11423
142.541 8.01977
143.883 7.86027
143.267 7.86705
141.713 7.62393
140.466 7.1617
141.972 7.84403
144.541 8.19809
142.936 7.39051
143.001 7.8311
142.691 7.82078
144.08 8.70499
139.913 7.6427
139.963 7.52485
137.9 9.59697
137.9 9.10134
140.57 8.37524
142.739 7.93009
138.877 7.98377
138.128 8.07229
137.788 8.44987
141.878 9.7967
139.754 9.03537
139.216 8.48229
136.21 9.31551
144.584 8.07354
143.787 8.98463
141.338 8.57572
142.406 8.07244
141.447 8.84785
140.254 8.62095
139.87 7.44037
139.456 8.49655
141.086 7.33471
143.962 8.63942
143.044 8.18468
136.825 8.07372
135.883 9.62895
138.021 8.35197
135.934 8.13746
140.289 7.70825
139.088 8.1672
138.127 8.37646
139.43 9.10585
139.736 7.53928
139.26 9.8269
141.294 7.4472
137.968 8.70423
140.724 7.84743
140.717 8.7821
141.514 9.113
144.441 7.58992
140.465 8.16933
137.073 9.28481
141.372 8.28399
141.879 9.07807
141.787 7.54383
142.905 8.15548
142.698 7.82295
141.156 7.90948
140.336 8.96738
142.069 9.45044
140.465 9.29004
143.871 7.91299
138.577 7.69576
141.477 9.48095
138.261 9.62119
140.23 8.81137
139.933 8.08295
143.423 9.17419
146.478 8.49245
146.173 7.08833
143.646 8.86639
141.016 8.84783
140.989 7.45465
142.702 9.00385
144.41 8.53544
144.397 8.67104
142.764 8.46888
141.49 8.05089
142.185 9.18814
141.858 9.19243
142.561 9.76971
143.91 8.68811
141.998 8.13591
141.913 8.56943
139.977 8.74468
143.327 9.47465
142.134 8.33971
139.837 8.13865
143.907 8.06704
138.441 8.00528
136.546 9.25188
139.193 7.65339
139.277 8.02266
139.478 9.15366
140.411 8.37929
139.598 8.21709
139.935 9.27597
139.597 8.67281
136.797 9.52246
137.254 8.6804
139.487 7.91314
138.873 8.15864
136.597 8.80537
138.943 7.86415
136.2 9.37802
142.456 8.70924
141.649 8.22931
143.311 8.48894
143.334 7.52623
143.257 7.95879
142.633 8.42827
139.032 7.64932
139.472 7.32182
137.312 8.52833
141.29 8.19698
138.846 8.25858
139.54 8.21689
140.095 7.69892
140.271 8.02852
140.543 8.72709
141.834 8.36448
143.5 8.02765
140.986 9.20244
138.692 9.27237
135.514 9.55629
146.847 7.99826
140.62 9.2888
143.017 9.39692
141.388 9.47224
139.237 8.58654
139.855 8.3535
142.97 8.56592
141.282 8.43218
141.97 8.71747
139.631 8.25306
140.928 8.3485
142.804 8.28168
144.356 8.28168
141.631 10.1797
140.635 8.31154
138.947 8.58726
140.667 8.00167
140.791 8.27643
139.781 8.0885
145.398 7.95548
147.542 8.68028
146.743 8.87467
144.605 8.77336
145.788 8.78996
144.709 8.83961
146.678 8.11261
145.618 8.56271
142.488 9.48287
137.545 9.18786
142.184 9.02685
141.184 8.26082
141.804 8.82537
143.554 8.60877
142.997 7.08424
