137.83 8.84537
139.514 8.89397
139.869 8.45798
137.25 9.15996
136.95 9.04831
139.761 9.56066
138.2 9.20142
136.432 8.29273
135.757 8.46442
136.556 9.62907
137.945 8.22799
138.135 9.21364
139.38 9.07947
140.542 7.09361
134.571 9.21292
137.239 7.12436
137.438 8.88014
136.929 8.87387
137.012 9.0914
135.723 8.94219
133.554 8.9285
135.109 8.7945
133.584 8.06243
137.21 8.82439
137.055 8.88136
139.593 9.12175
136.745 9.27271
137.961 7.42152
141.404 8.18923
137.975 8.48164
139.476 8.3111
138.276 7.70441
139.344 9.26041
141.211 9.15484
140.756 7.74777
138.487 8.45746
138.719 6.91856
135.965 9.49086
139.213 9.23727
140.037 9.27091
139.575 9.38648
137.892 9.47059
136.946 9.11212
137.057 8.5436
137.173 9.26836
140.921 8.33097
138.982 7.70358
135.645 9.06436
138.159 8.44759
138.473 8.41397
138.61 8.41439
139.059 8.41664
137.603 8.42085
139.371 8.39818
136.807 8.66176
136.394 8.10287
139.894 9.09502
137.251 8.65599
137.28 9.1642
138.453 8.99186
140.875 9.061
140.127 7.66278
139.656 8.67875
138.819 9.24372
139.737 9.22032
138.894 9.51984
139.908 8.29916
137.281 8.83357
138.721 9.082
139.797 8.54401
136.759 8.66324
139.304 8.42699
139.524 8.74172
140.219 9.08943
140.902 8.03532
140.235 8.98319
136.381 8.24128
137.114 10.024
136.039 8.70334
137.65 8.11558
136.778 8.64647
137.825 8.63716
140.067 9.18767
138.605 8.84896
138.23 7.22639
138.615 7.63638
139.326 7.91301
138.831 8.34927
142.435 8.89472
139.288 8.66549
137.016 7.85941
137.985 8.94869
135.14 7.89543
135.273 7.58008
140.918 8.88212
136.942 8.80268
137.937 9.09569
138.394 9.02392
136.117 8.97915
135.474 9.42123
134.35 9.41584
137.999 9.15244
137.64 9.22619
142.462 8.53383
139.198 9.26169
141.017 8.1303
137.709 8.79149
139.905 8.74146
140.125 8.55801
136.914 8.33451
135.497 9.213
139.573 8.67564
138.991 8.81619
138.447 8.34728
138.321 8.27607
137.517 8.62121
137.071 9.64556
140.667 8.15148
141.459 8.0119
140.624 9.58665
143.145 6.84621
136.959 9.30699
136.803 7.95741
139.806 7.65405
139.774 8.10661
142.301 8.02134
139.752 8.77679
140.018 8.05915
140.489 9.80613
136.677 8.71524
135.167 8.18432
136.951 8.32756
136.713 8.41938
139.072 9.74745
135.116 8.7964
139.315 8.7776
138.309 9.70334
143.046 8.70974
138.105 8.82142
135.261 9.44338
139.171 8.96243
138.643 8.37794
140.848 8.70741
137.653 9.21453
138.851 8.58975
135.936 8.58446
136.425 7.51563
137.845 8.00421
138.543 9.916
138.661 8.88471
134.443 8.3763
138.404 8.84335
137.758 9.14702
136.501 8.79619
139.119 7.94435
137.647 9.14312
137.647 9.38141
136.849 8.77149
138.114 9.09597
136.408 8.81583
138.688 8.71075
139.272 8.74086
139.086 8.07632
139.322 8.44988
139.346 8.34076
142.549 8.71715
140.449 9.48911
137.393 8.96472
139.518 9.01828
138.883 8.4537
135.955 9.57213
139.754 8.07828
140.35 7.80221
140.097 8.77155
140.956 8.36185
139.178 7.96382
137.581 8.68362
137.099 9.50198
137.56 8.65656
137.543 8.56552
137.614 7.89072
137.607 8.36053
139.369 8.14094
137.639 9.02522
138.356 8.36227
139.106 7.9726
141.055 7.98652
135.599 9.1252
140.772 8.41243
141.019 8.04413
139.368 9.02291
141.315 8.57001
138.122 7.81725
137.597 8.36509
139.069 8.07932
140.98 8.25212
139.3 8.19604
141.417 8.05907
139.226 8.70086
136.792 9.18864
136.926 9.25072
137.473 7.94152
138.37 7.78534
139.856 7.38946
141.036 8.12921
142.138 8.54862
143.642 7.41851
140.814 7.43547
139.529 7.54831
135.571 7.38652
140.871 8.60511
140.331 7.8109
136.28 8.26386
141.706 9.36451
139.872 7.90297
138.376 8.98194
137.454 9.25372
137.978 7.87881
134.55 8.9436
137.763 7.5716
138.42 8.84018
139.997 8.90999
140.258 8.43596
139.206 8.14403
140.603 8.58688
138.888 8.62922
139.204 8.56763
143.545 8.63869
139.006 8.77095
137.2 9.062
142.502 8.08273
138.793 7.21328
139.561 8.17582
139.634 8.00933
139.764 9.07018
139.768 8.49555
142.804 8.47601
139.595 9.83638
136.664 8.49382
138.177 8.48994
136.683 9.74032
137.013 9.21693
137.385 8.28631
138.261 9.15896
140.084 7.93809
138.45 9.08701
142.026 9.01628
142.23 7.69781
138.621 10.0801
138.349 8.00805
138.774 7.98636
135.02 8.65124
137.853 8.35959
136.4 8.21679
139.125 8.26258
137.021 8.90644
138.642 8.38548
138.303 8.83714
140.987 8.07029
138 10.0824
135.105 9.86418
139.304 8.00777
138.538 7.76413
138.201 7.76988
137.787 8.54858
140.858 9.41338
142.179 7.68412
137.107 8.59985
136.692 8.33902
137.852 8.84345
135.518 8.77091
136.005 8.97448
136.054 8.8852
140.385 8.3475
137.579 8.98113
137.019 8.86926
139.239 8.42816
136.883 9.81082
138.639 10.1016
138.319 8.02223
136.998 8.3161
136.816 8.28716
136.709 8.91461
137.526 9.09281
136.524 8.83504
135.969 8.06116
139.966 8.01793
139.791 7.82845
138.338 8.5559
140.265 8.85244
142.471 8.76702
139.063 9.17019
137.425 7.7577
141.522 8.18818
139.928 8.63663
137.186 8.52343
136.695 8.56947
138.46 8.88825
136.548 9.09842
136.462 8.26203
139.717 8.80535
139.194 7.50504
142.214 7.65456
138.767 8.25398
140.556 7.63754
140.776 8.31256
140.129 8.29174
140.09 7.24299
141.863 8.7207
139.043 8.77335
137.878 8.10293
140.974 8.4265
139.492 8.37329
139.076 8.30885
138.887 8.63928
139.095 7.93604
138.788 8.21341
136.344 9.48185
138.379 8.39445
138.705 8.64697
139.697 8.84568
134.669 8.7082
138.54 8.66939
141.541 7.60153
138.123 8.84104
140.198 7.04935
139.044 8.12768
140.15 9.6137
137.503 8.74015
141.194 7.91311
141.875 8.54683
139.715 8.69056
138.55 9.05738
139.11 9.28978
141.62 8.56583
138.564 9.35142
136.915 9.30105
137.002 7.82145
138.907 7.38299
139.351 8.7208
140.638 9.34994
139.735 10.299
139.378 7.36947
139.627 8.15378
138.267 8.38595
140.212 8.11094
140.802 8.83121
138.031 8.81757
139.979 8.94609
138.974 8.0782
137.241 8.795
135.8 9.19311
137.654 8.79117
136.396 8.75591
136.58 8.76421
136.422 7.96506
138.955 9.20839
138.853 8.85216
137.638 9.41686
138.093 8.98728
139.243 7.46219
143.01 9.79915
140.698 8.76237
141.666 8.89643
139.503 8.8966
139.974 8.85172
138.034 8.30193
138.591 8.57493
137.601 9.17083
136.751 8.77117
138.068 9.00447
136.131 9.93285
137.787 7.99217
139.238 7.6834
139.83 8.31314
137.44 8.36106
137.843 8.86584
136.111 9.57613
139.321 8.24054
135.906 8.16561
138.144 7.79413
137.018 9.36721
134.794 9.08149
138.919 8.93127
136.449 8.494
137.478 9.54986
136.47 9.373
137.626 8.11906
138.736 7.99778
138.364 8.89354
136.375 8.6446
141.923 9.70778
137.808 7.27495
135.897 8.1862
138.454 8.54286
137.302 9.17818
140.106 9.1029
137.736 9.01923
136.841 8.71964
136.879 9.38267
138.644 7.92723
137.702 8.89226
137.045 9.40637
137.89 8.13413
138.924 7.83013
137.289 8.5689
137.039 8.50873
137.089 8.48258
139.279 8.29809
137.643 9.17952
136.452 8.18508
136.48 9.83856
136.195 7.34625
138.718 8.3305
138.453 8.95338
138.513 8.8089
137.359 8.36727
137.41 8.13522
141.469 6.92095
139.052 7.48699
138.823 9.25973
138.677 8.51248
138.472 9.05662
137.98 8.07996
141.066 8.81296
138.527 8.66361
139.863 9.26845
140.311 8.74922
139.815 9.25623
141.452 9.23645
139.806 8.86613
139.359 8.0956
137.982 8.77088
140.42 8.48215
137.302 7.30871
140.802 8.0758
141.448 8.78709
142.432 7.91224
141.577 8.71815
139.803 9.18252
139.076 8.56205
137.675 9.25097
138.539 8.95262
137.277 8.7361
136.077 9.25993
138.729 9.18755
139.342 7.23447
136.943 8.69393
139.725 8.51192
140.981 8.24472
140.28 8.60222
138.125 8.92658
142.875 9.84285
138.342 9.26344
140.18 9.67666
139.444 8.13508
139.31 8.08083
137.522 9.14991
140.06 7.71204
137.762 9.24088
131.999 9.04931
139.297 7.42619
138.434 8.18016
136.897 8.05133
136.135 7.95409
136.879 8.8755
136.974 8.20522
136.957 8.68038
139.646 8.30046
138.463 8.66222
142.192 7.99348
141.103 8.72193
138.322 8.88898
141.074 7.93871
140.474 7.79973
136.281 9.21838
138.78 8.33022
140.584 6.97935
141.274 9.04663
140.863 8.12436
142.171 8.89311
137.339 9.29073
134.062 9.47142
136.579 9.4824
135.552 9.27668
137.335 8.46054
137.416 7.4106
136.518 8.84546
137.15 8.45174
137.891 9.07937
138.136 8.77369
139.576 8.12377
139.022 8.07448
138.584 7.97576
136.623 8.84892
137.002 8.45858
137.895 7.7393
139.483 7.42644
139.617 8.26527
140.115 7.48129
138.907 9.00227
136.367 9.48481
137.493 8.69318
138.199 9.37165
137.683 8.72896
142.6 8.9347
136.77 9.68995
137.308 9.35896
136.188 9.90574
140.159 7.62118
138.027 7.76634
139.872 8.48253
140.032 8.77983
140.878 8.87317
137.377 8.39778
138.746 9.52464
138.909 8.0673
139.028 7.91599
138.963 8.09382
139.139 8.468
137.733 9.22742
138.974 8.67116
138.977 9.48708
138.57 8.3474
138.117 8.49476
140.453 9.51303
140.635 8.25202
137.915 8.45568
140.984 9.11573
141.11 8.58776
141.973 8.61879
140.408 8.84646
138.873 8.72731
135.663 8.23306
136.527 8.49956
137.03 9.26152
137.902 9.31235
138.593 8.16913
138.612 8.53968
138.399 7.3382
139.83 7.28753
139.902 9.08336
139.942 8.49275
137.943 8.73505
136.429 8.85976
136.311 10.0297
137.807 8.88218
138.049 8.41235
139.992 7.99314
137.525 8.3779
136.984 8.89788
140.787 7.95861
139.647 8.58927
139.192 8.47113
137.424 8.52909
141.485 7.82433
139.621 9.4324
139.449 8.02642
137.595 7.84872
137.973 7.69359
140.354 7.60295
137.694 8.39115
137.041 8.56916
138.999 8.2647
137.424 8.71635
137.695 8.99612
136.976 8.86068
134.211 8.87306
142.831 9.42947
139.739 8.94453
136.208 8.06357
137.563 8.0638
140.202 8.46324
138.613 8.38768
138.47 8.51461
136.745 8.3971
140.844 8.673
135.137 9.26699
138.089 8.53073
141.788 7.85146
140.735 8.92039
137.078 8.94093
138.417 8.53326
138.881 8.65475
139.927 8.03982
138.998 8.42952
140.071 9.00936
138.462 8.30382
141.88 8.42482
140.715 8.457
137.701 8.51299
140.611 7.55697
135.677 8.80767
137.82 8.67911
140.381 8.10591
140.03 8.12708
139.659 8.67177
134.913 8.56097
138.561 8.54267
137.2 8.26492
139.91 8.73765
141.051 7.71727
139.892 8.04999
139.294 9.63997
140.193 8.56234
137.507 9.35499
137.05 8.35678
136.802 9.62238
137.984 8.97523
137.59 9.81716
139.681 8.49909
135.05 8.34804
140.274 7.93213
139.333 7.97862
138.735 8.50487
133.614 8.52761
138.134 9.65627
138.028 8.92735
138.764 8.67897
140.392 8.21937
141.332 8.97794
138.325 8.02696
139.889 8.8543
138.314 9.28302
138.869 8.09911
138.638 8.35449
138.671 8.78077
139.478 8.37512
140.012 8.24146
139.013 8.65497
142.457 8.93525
134.996 8.4118
133.967 9.01511
138.145 8.88296
141.684 9.08642
139.132 8.98914
139.136 8.97018
137.8 8.72072
139.058 8.21781
139.024 8.78332
139.75 7.95349
139.004 9.87169
139.617 8.42876
140.102 8.90719
138.281 8.72957
138.37 8.08604
136.496 10.0896
136.164 8.89171
136.763 8.20961
137.3 8.47229
138.275 8.52142
140.598 9.04748
135.766 9.02192
137.872 8.34234
139.348 8.97875
134.487 9.43652
136.906 9.29892
134.967 8.41976
136.784 8.657
137.046 9.02622
138.472 8.66434
141.258 8.6766
139.151 7.31292
139.731 8.84686
139.407 8.5222
136.415 8.8534
136.445 8.37697
135.224 8.99363
135.012 8.7059
135.894 7.7537
139.887 7.72893
136.743 9.2145
136.825 7.46372
137.696 8.7574
136.265 8.50636
135.336 8.45504
134.202 8.71115
135.877 8.64515
134.735 8.41145
135.393 8.40594
139.441 8.63779
135.656 7.87158
137.088 8.30567
139.159 9.38238
139.832 7.94359
138.977 8.6408
137.715 8.93178
136.066 7.81037
137.609 8.50068
138.701 8.48713
137.37 8.48617
137.827 9.08662
139.664 8.45971
137.196 8.63842
133.828 9.30312
135.829 9.29497
133.727 9.06984
137.018 8.28573
138.77 8.58606
137.616 9.17403
137.977 8.51268
137.393 9.28869
137.806 8.9611
135.724 10.1726
135.755 7.74724
139.468 9.2467
139.956 8.63893
139.199 8.74404
139.108 8.02954
139.04 9.00358
138.232 9.24096
137.715 8.14113
139.281 8.34623
137.692 8.10713
139.499 8.95877
135.742 7.93724
139.395 8.64812
135.61 9.08782
137.977 9.0168
140.194 8.27522
137.488 8.1913
137.592 8.72363
138.72 8.10303
140.781 7.66208
137.24 10.0351
139.997 8.88698
136.324 9.05622
137.219 9.03868
139.361 9.08766
137.546 9.99813
137.501 9.23838
137.588 8.77253
136.98 8.54785
136.96 8.67729
140.068 8.55443
144.263 9.49266
141.066 8.17403
136.452 9.5669
135.957 8.53748
134.697 8.89431
137.145 8.77446
134.568 8.72173
138.646 9.16643
135.282 9.11436
137.665 8.88087
137.838 8.9871
141.606 7.75997
140.206 8.39151
142.474 9.20851
143.301 8.90848
142.812 7.7415
141.732 8.07068
140.241 8.37546
138.563 10.0188
139.583 8.45291
136.584 8.78122
139.723 8.99458
139.404 9.27728
141.234 9.27259
141.33 9.01405
138.77 7.6487
139.355 9.48433
135.916 8.71676
137.984 8.93884
138.729 7.76732
139.753 8.39617
139.029 8.28579
138.938 8.17059
137.592 10.2547
138.545 7.6489
139.814 9.02055
137.402 9.59466
136.587 9.15822
137.358 9.22015
140.678 8.63278
137.081 8.55445
136.991 10.2286
138.491 10.4407
138.521 9.02978
140.155 8.46912
140.162 8.88802
138.979 8.16111
140.573 8.09547
138.513 8.93984
137.556 8.56779
138.448 8.11878
135.967 9.05223
136.772 8.38938
138.206 8.22342
138.621 8.98213
136.38 9.53225
135.426 9.93724
134.736 9.65162
138.396 7.78749
138.397 8.44548
139.477 7.19462
137.814 7.61132
136.099 8.29247
134.384 8.45466
137.871 8.31934
138.968 7.78913
138.371 8.93271
139.183 9.291
139.434 7.29136
140.329 7.60379
141.947 9.06336
140.634 8.26715
142.927 8.68306
140.053 8.85134
142.726 8.82198
139.37 8.82847
140.13 8.55103
138.474 8.98917
139.952 8.57223
140.772 9.0502
140.883 7.85143
137.076 8.47715
139.617 8.75316
137.127 9.11832
138.759 8.38564
139.352 8.41173
136.944 8.31661
138.158 7.66177
141.105 8.82137
139.635 7.79006
136.573 9.23718
135.867 8.89605
138.816 8.64231
135.592 9.52129
136.666 8.21685
137.449 8.67672
136.741 8.63373
135.43 8.57134
135.716 7.90377
138.694 8.74656
138.806 7.73077
141.163 7.29094
138.721 8.76167
139.296 8.64959
136.07 8.8571
136.361 10.2014
139.528 8.04684
136.965 7.82748
136.491 9.28369
142.341 9.01352
140.896 8.78474
139.15 8.05708
140.889 8.23068
137.353 8.27451
137.978 7.78116
139.581 8.10798
140.05 7.488
140.126 9.79937
137.414 8.62481
138.254 8.72373
138.419 9.29342
137.296 8.49446
135.491 8.14189
137.911 7.96674
137.855 8.55041
138.826 8.22903
135.844 8.82466
138.677 8.49043
135.527 8.76477
136.035 8.48875
139.237 7.88531
138.836 7.7696
139.8 8.45929
139.904 7.77289
140.235 8.13934
138.363 7.96048
137.08 8.75274
134.349 9.03677
137.325 8.73079
134.779 8.65506
135.681 8.43275
141.013 9.02465
135.017 9.52527
135.55 7.95492
136.788 7.72652
136.915 7.68742
137.479 9.04503
135.501 8.6623
139.733 8.88513
137.52 8.58278
140.354 7.74936
138.457 9.42383
138.323 8.39894
136.749 7.32541
137.228 7.18454
139.685 9.67296
139.503 8.79086
137.841 7.8058
139.213 9.16107
139.673 8.99432
138.51 8.91238
139.475 9.05223
134.905 6.94727
137.205 8.04569
139.253 7.79424
140.329 9.73323
139.152 8.97793
139.698 7.97343
135.48 9.91283
136.026 9.1587
139.997 8.25563
140.146 8.38824
141.122 9.19371
140.553 8.7727
134.918 7.39661
140.115 8.36253
141.048 8.57614
139.229 8.84224
136.975 9.47211
138.483 9.19815
139.8 9.39411
139.931 7.33408
138.213 8.68627
140.374 8.58575
140.312 8.72073
140.29 8.81217
136.338 9.00464
140.103 7.95368
138.676 8.3168
138.003 8.84806
138.294 8.71094
138.954 8.63185
137.147 8.78395
138.966 9.2132
144.778 9.29039
141.798 9.3315
144.904 8.98942
141.207 8.34622
141.519 8.44316
140.68 7.78454
141.033 8.97312
140.859 9.18433
142.957 9.13256
140.509 9.15148
140.221 8.96643
142.24 8.3894
142.34 8.13646
141.382 8.54753
140.802 9.24418
142.183 8.58502
142.183 7.23955
142.297 9.38535
142.483 7.82366
141.294 9.02771
141.431 8.48396
141.682 8.7897
142.754 8.05687
138.554 8.54515
140.325 8.90557
139.799 8.54875
140.006 7.76735
141.12 8.04455
140.063 8.96221
137.594 9.39812
139.524 9.00676
141.821 8.1334
143.83 8.43543
141.035 9.20485
140.014 8.51456
140.01 8.33095
141.024 8.59121
138.082 8.87253
138.362 8.83659
140.534 8.49415
138.949 8.43841
139.639 9.04759
139.403 8.69291
137.939 8.81303
140.78 9.11328
140.08 8.00767
141.97 8.61149
140.108 9.46176
140.668 8.46775
140.208 9.54167
139.056 9.69387
142.626 8.35373
140.222 8.13335
144.657 8.17369
137.881 8.99379
139.987 9.09771
139.864 8.05028
143.281 8.90569
142.562 8.95801
142.693 9.18919
140.78 8.39504
138.87 9.1635
143.501 7.78538
145.724 7.87924
140.891 8.57982
142.46 8.52641
140.512 8.14808
141.054 9.35187
141.836 9.39574
141.624 7.80823
140.731 7.9601
139.421 8.92212
139.792 9.40337
142.243 9.1583
140.251 9.7837
139.899 8.67838
139.471 8.79713
139.502 8.84834
139.939 8.84308
137.558 8.73917
137.569 8.76391
137.37 9.56409
138.194 8.16485
139.493 8.12584
139.651 7.69486
141.313 8.02502
138.182 9.39023
136.206 8.23999
138.211 8.3306
138.22 7.94241
138.169 8.60986
136.476 8.56111
134.502 9.56945
140.24 9.51992
139.272 10.0286
140.707 7.45243
138.937 7.84217
139.958 7.5936
141.353 7.75701
142.078 7.98455
141.56 8.03473
142.921 8.45453
140.157 8.15755
140.326 7.80562
139.952 9.26939
139.363 8.71328
140.021 9.02642
140.17 8.63193
137.587 7.28922
140.975 8.05463
138.134 9.11247
139.05 9.3465
140.5 8.76173
143.401 8.53613
141.174 8.2414
138.667 7.91008
139.045 8.88802
140.702 8.6561
140.816 8.24573
139.76 9.12734
139.058 8.84567
138.672 8.63519
141.437 7.75491
142.001 7.60372
144.093 8.81683
138.76 8.58296
141.431 7.94614
141.465 8.62699
139.875 8.28774
140.476 9.21354
138.174 7.96065
138.88 7.89641
139.301 7.40637
140.928 7.44243
141.368 7.85386
139.966 8.65265
140.697 9.0897
142.219 9.59559
138.959 9.01064
141.082 8.28083
141.082 8.10325
140.239 8.86356
139.965 9.53835
137.907 9.29144
139.687 9.06839
140.437 9.11064
137.532 7.98993
136.44 9.25379
136.882 8.48565
136.882 9.06083
137.678 8.30554
138.144 8.12942
137.269 9.00179
135.196 9.41274
137.588 8.74591
138.353 8.60427
137.593 9.19277
138.352 7.64528
140.073 7.73709
140.294 8.31083
142.562 6.9042
138.066 7.80659
137.165 8.62935
140.516 8.53693
142.441 8.54821
139.375 8.36327
141.281 8.58458
139.648 8.10985
140.476 8.87132
139.214 8.52446
141.894 9.53326
142.462 8.77818
138.583 7.08926
138.929 7.69225
138.697 8.04745
135.285 8.98664
138.085 8.24901
138.999 8.64958
136.612 9.13688
137.579 9.08026
138.528 8.4977
138.929 8.68723
138.66 9.2132
136.822 7.6807
135.789 7.68887
135.815 8.94218
135.028 9.30709
137.069 8.57215
140.717 9.47772
141.243 8.852
137.442 7.85407
137.76 8.51767
140.804 8.81805
140.241 9.02098
137.176 8.83513
137.968 8.81313
134.403 8.13866
137.702 9.3923
137.637 8.8147
135.682 8.11175
136.238 8.23314
138.665 7.59671
137.572 8.97191
137.332 7.27497
140.862 7.28759
138.025 8.27307
142.392 8.59198
141.98 7.77701
135.874 7.75754
138.963 8.97099
135.506 9.55739
135.647 8.71395
135.834 9.6182
136.419 8.66189
135.297 9.04158
137.609 9.58265
139.055 9.02994
141.449 8.34772
140.519 8.32204
139.963 7.57379
142.178 7.55686
141.427 8.44752
139.277 8.13379
139.064 8.66146
135.961 9.27226
139.194 7.72458
138.309 9.16421
136.658 8.67215
136.395 9.06154
137.63 8.83493
137.696 9.55616
136.581 8.40142
138.843 7.90591
138.534 9.99426
140.734 8.16145
140.966 8.16523
140.54 7.26166
139.074 8.9678
138.662 9.03362
138.36 9.30373
136.407 7.55615
138.3 8.00426
134.201 9.25801
136.537 8.08727
135.12 8.90095
141.754 8.4765
138.988 8.65195
138.633 8.66626
139.77 8.50054
138.077 8.2939
140.323 9.6986
137.85 9.05562
138.591 8.87978
142.395 7.66744
142.255 8.1671
141.031 7.66255
137.433 8.48351
142.314 8.90471
139.036 8.63789
139.165 8.97985
139.919 8.91726
137.543 8.59672
137.848 7.76307
138.314 9.56975
138.467 8.40545
138.296 8.6763
138.761 9.28589
138.997 8.37693
136.246 9.04036
138.228 9.07041
144.06 7.38203
139.284 7.66228
141.216 9.19211
140.317 8.40687
140.589 8.29284
138.023 8.38804
136.251 7.81282
136.927 8.69159
137.491 8.1045
140.29 8.38757
140.082 7.30724
140.005 8.6314
141.353 8.41369
137.484 8.92371
141.56 8.5168
136.708 9.11223
136.371 8.59865
136.375 9.00288
136.675 8.51594
139.211 7.99088
142.424 8.25217
142.424 7.98972
139.845 7.6798
140.746 8.24454
140.568 8.18333
140.95 7.84371
140.347 10.1414
139.564 9.16688
138.867 8.76782
137.161 8.8232
140.753 8.30709
139.913 8.26813
139.611 7.91898
139.725 8.40228
140.057 8.50203
139.168 8.14581
139.075 8.29232
138.43 8.34799
137.401 8.44125
138.201 8.28121
137.353 7.7121
135.692 9.39837
136.463 8.62912
135.685 7.77012
134.859 8.35603
138.48 8.48425
141.584 8.62403
139.271 8.74481
141.185 8.76062
144.823 7.82219
142.997 8.68333
140.894 9.0157
140.35 7.95775
137.8 7.88242
137.332 8.268
139.224 8.87564
139.014 8.87564
142.052 8.62893
143.156 7.79302
141.058 8.22577
141.02 8.34526
140.992 8.58322
142.587 8.65599
138.436 9.37601
138.883 9.15171
136.528 8.43021
136.528 8.28064
140.223 8.31041
140.157 7.9345
140.047 8.06014
141.756 9.1106
135.839 8.55006
137.512 8.56701
139.492 9.0015
139.784 9.67032
139.038 8.12095
137.16 8.15314
140.004 8.5431
135.575 9.23346
141.52 7.23251
140.169 7.93622
138.914 9.40713
136.116 7.9826
136.033 9.16768
136.486 9.65867
137.741 9.15075
138.375 9.5299
136.033 8.19397
137.376 7.83783
137.361 9.0216
137.697 7.74927
139.144 8.80812
138.898 8.68725
139.258 7.75116
138.67 9.11111
139.79 9.27329
137.558 8.42181
135.518 9.10817
137.15 9.70394
140.25 8.76546
141.142 8.26134
137.01 7.81609
137.229 7.9077
135.562 8.58622
136.402 8.50491
142.402 7.87298
136.283 8.27384
138.089 7.94729
138.534 8.10959
139.41 8.11747
137.403 7.86583
139.443 8.02683
140.794 8.67791
138.687 8.55924
136.32 8.72936
139.608 9.57651
138.871 8.36162
137.552 9.51588
138.529 9.3093
137.657 7.66429
137.957 9.53395
138.439 8.52643
139.359 7.99333
137.771 7.42717
138.412 7.80667
137.895 8.45513
137.172 7.86622
136.179 9.0835
136.035 8.45282
137.234 8.16124
137.292 8.93266
136.355 8.0801
137.689 7.60831
136.682 8.77348
137.138 8.71214
139.809 8.23869
139.35 8.21647
138.035 8.28616
139.652 8.7148
138.262 8.33997
137.791 8.42464
138.833 8.36322
139.27 8.05283
140.461 8.39361
141.708 8.12753
137.389 10.0033
140.035 8.3924
137.482 10.3146
138.98 9.58225
140.7 9.09236
138.107 8.50326
137.38 9.27136
137.38 8.35855
139.686 8.20156
138.466 8.77051
139.32 8.31463
138.497 8.51677
139.103 7.44015
137.774 8.92965
139.408 7.75972
139.307 7.4539
139.909 8.05813
137.258 8.08717
139.016 9.08402
137.195 8.71529
137.666 7.76869
136.661 8.96943
140.203 8.47901
138.09 9.53298
137.311 7.87714
136.873 8.29316
139.354 9.66568
141.3 9.41369
136.989 8.10628
137.251 8.37758
134.779 9.21267
138.382 8.0174
137.018 7.58283
135.747 8.58304
137.533 8.39349
136.802 8.54038
137.617 8.28929
138.475 8.68191
141.613 8.63216
141.009 8.73326
142.125 8.29377
139.321 8.44749
139.3 9.30509
139.255 7.24437
138.716 9.03232
141.152 8.21218
137.129 8.12352
137.352 7.85882
142.473 7.73747
141.28 7.59077
138.25 9.47698
141.395 8.41762
139.168 8.81467
137.928 9.17017
138.107 9.29459
135.081 9.22459
141.021 8.00386
138.365 8.09293
135.77 8.37261
136.09 8.77722
137.401 8.22373
135.571 7.67246
135.427 8.53295
136.58 7.74595
137.908 8.26828
137.975 8.17957
136.54 8.8858
137.012 8.87926
136.926 8.11128
136.905 9.01603
137.547 9.02054
138.177 9.31729
138.214 9.81622
138.296 9.00257
140.029 8.82435
140.23 7.92708
140.337 7.32618
140.539 8.22401
139.377 8.40416
136.485 9.4701
137.06 9.015
138.425 8.70382
138.731 7.93636
142.989 7.07554
140.834 7.58044
140.907 8.68524
137.713 8.37803
141.411 9.06747
141.867 7.18482
141.149 8.36907
140.934 8.68012
137.378 8.18153
137.499 9.52089
140.73 9.22009
140.1 8.77138
141.214 8.97053
137.872 7.72848
139.158 8.56956
136.235 9.56062
137.619 9.59523
136.221 8.6115
137.769 9.52641
136.624 9.27295
139.91 8.53326
138.069 9.20326
138.254 8.92855
142.971 7.91374
143.327 9.22885
140.36 8.41525
141.7 8.58748
137.511 8.90481
140.921 7.92564
137.836 7.92564
139.362 8.69949
139.372 8.18342
136.12 7.83829
139.498 7.57641
141.012 7.53567
139.557 8.46933
139.968 9.36142
140.335 9.91872
141.104 8.64652
143.87 9.22731
140.096 8.8348
139.574 8.5971
139.436 10.0928
138.401 9.10095
139.826 8.80682
140.518 8.67485
136.247 7.17117
136.487 7.47093
138.305 8.84707
138.027 8.83571
138.543 9.87435
139.879 7.85987
136.68 8.65716
136.845 7.35891
139.416 8.31451
136.045 8.838
136.232 10.7303
138.48 8.7261
139.109 8.67129
136.224 8.53336
140.086 8.61957
141.771 7.97054
140.959 10.1904
142.044 8.15767
140.949 7.99875
141.194 7.66561
145.061 7.72107
139.151 8.69668
138.415 8.14076
134.891 8.44894
138.004 8.30226
140.23 9.00516
142.115 8.64979
141.215 7.97769
137.628 9.27807
137.993 9.79597
137.9 10.0956
135.753 8.9469
139.312 8.47323
139.682 8.99839
137.804 8.8078
138.374 7.3969
137.176 7.42875
137.661 8.98273
138.315 8.28452
138.802 8.64721
137.394 8.75297
140.778 7.30696
140 9.74303
137.008 7.95123
136.99 9.08243
135.725 8.93122
136.044 9.01977
136.333 8.14765
137.462 8.3673
138.57 8.10401
138.108 9.99376
138.85 8.06254
137.169 9.09634
137.215 7.87564
139.283 7.9862
139.167 8.02193
140.268 7.83372
135.966 8.85231
136.97 8.74254
141.81 9.09417
139.977 8.56127
139.295 8.11509
138.488 8.27442
139.601 9.16121
136.704 9.31897
133.711 8.75466
139.699 8.28603
140.187 8.38496
139.065 7.47258
138.171 8.85003
137.298 8.54647
138.582 9.30377
137.75 8.64784
141.451 8.20051
139.007 8.80666
135.795 8.7105
135.182 8.88617
140.256 8.18499
136.777 8.20448
138.302 8.94616
137.984 7.65531
134.976 8.22323
138.127 7.78866
141.228 8.19445
136.11 9.44987
137.281 9.16837
136.698 7.95393
139.51 8.43772
139.437 8.45276
139.392 9.73905
138.453 8.02203
135.981 8.12563
133.591 8.47624
136.845 8.59986
139.258 7.79427
139.97 6.91718
140.716 8.16755
139.607 8.15014
136.955 8.10591
140.901 8.1371
137.627 8.83867
138.362 7.36137
138.62 9.10839
139.479 7.84788
138.972 8.90467
139.055 6.72791
135.248 8.59559
135.92 7.69776
135.131 8.70827
135.129 9.18578
137.632 8.14848
137.916 8.22069
136.909 7.98703
138.131 8.71513
138.471 8.43713
137.482 8.43371
138.913 8.52583
137.815 8.36309
139.287 7.97389
136.954 9.06842
139.091 9.43967
138.822 9.34113
138.851 8.57408
141.778 8.26105
140.54 7.87244
139.073 8.35856
137.761 8.13671
137.721 9.89611
137.72 9.4024
137.455 8.27232
137.711 8.09514
136.837 8.99586
137.559 9.49063
139.33 9.28841
139.815 8.34145
139.049 8.40164
137.996 8.36042
142.057 9.48316
138.435 7.96597
136.815 9.09145
136.007 9.3887
139.528 9.40787
139.377 9.20814
138.925 9.27729
138.997 9.34156
139.152 9.56975
144.711 9.17342
138.238 8.73897
139.347 7.96748
138.517 8.46796
139.701 8.71039
139.045 8.83032
139.106 8.99051
138.155 8.54099
136.313 7.96718
142.352 8.14891
135.102 7.93218
138.342 9.2204
143.247 8.28186
143.233 8.49792
140.814 8.4448
140.934 8.53954
142.806 8.10538
139.636 8.23042
139.121 9.8863
138.885 8.11887
137.71 9.55036
138.362 9.39337
139.105 7.76068
139.383 7.89523
139.305 8.14926
132.843 8.7681
133.435 7.30518
137.515 8.01683
134.894 9.35874
137.621 8.58732
139.014 8.41291
138.583 9.35693
139.292 8.84038
139.686 8.82603
137.918 8.30193
138.153 9.10752
138.153 10.2493
136.55 8.18692
136.941 9.70117
141.003 7.96242
139.592 8.87208
139.142 9.41372
139.398 8.26494
137.861 8.67998
138.375 8.17365
137.43 9.17957
139.939 8.28386
139.406 7.55842
141 10.1723
137.994 8.9508
137.859 9.20335
135.389 8.21548
138.011 8.30561
137.315 9.1783
139.463 8.86898
142.08 7.42129
142.175 6.78771
138.274 10.0114
139.454 9.5803
140.049 7.87517
140.346 8.70149
140.9 8.98019
139.944 7.85926
142.367 7.71288
141.876 9.135
140.287 9.09178
142.246 8.4855
143.413 8.24647
141.705 8.2929
141.672 8.05549
144.106 8.93775
141.021 9.02574
139.168 9.56559
139.708 9.60249
143.298 10.0126
142.176 10.5058
143.881 9.1362
143.502 8.542
143.55 8.58503
144.825 7.08053
139.658 8.56428
140.384 8.13825
141.58 8.43623
141.027 7.78857
142.904 9.14239
142.408 7.2957
140.816 8.90913
141.629 8.24413
141.828 8.20079
141.749 7.73575
141.747 8.39345
138.112 8.59797
142.859 9.01499
140.955 8.66582
139.721 8.07621
138.516 7.83621
139.077 8.81518
140.342 8.78555
139.017 8.18025
139.558 7.65109
138.961 7.8273
141.701 8.75201
141.37 8.37518
136.625 7.77197
138.159 8.13885
137.872 9.21321
136.096 9.18801
136.73 9.61156
136.857 9.1287
137.355 9.21314
140.195 7.67542
138.938 8.64225
140.862 8.43165
138.903 9.41918
136.313 7.56127
136.016 9.80658
137.635 7.3162
138.281 8.57859
141.138 9.17409
138.795 8.87517
138.961 8.78319
140.24 8.49231
137.761 8.07178
140.115 7.59509
140.019 8.07498
137.072 8.65292
138.133 9.04807
141.046 7.6619
140.825 7.94235
140.967 8.19045
136.971 8.84454
136.718 9.8411
137.113 9.23165
140.452 8.70377
137.321 7.99568
138.317 8.97034
139.314 8.84849
136.353 9.36891
137.694 10.0133
138.35 8.42414
138.637 8.5309
137.836 9.40135
140.343 8.25925
137.035 7.74563
136.223 8.70302
136.393 7.74777
138.291 8.66442
139.471 8.05103
139.177 7.69708
138.145 7.80361
137.162 8.29227
136.092 8.81543
135.204 8.33299
134.652 9.2678
134.819 8.49986
135.358 7.98472
134.443 8.29688
134.284 8.13236
137.701 8.0295
135.618 8.44858
137.128 9.39617
137.322 9.03458
136.811 9.30672
139.772 8.84438
139.161 8.54136
138.952 8.67526
135.967 8.99514
137.054 8.46722
136.905 8.49176
138.073 7.56187
135.489 9.12696
138.861 9.63932
141.601 7.72194
135.41 9.16076
136.822 8.88605
135.965 7.77579
138.082 8.1135
135.534 9.1594
138.782 9.91473
138.084 8.06391
141.608 7.58606
138.586 8.62775
138.614 7.8084
138.648 7.80731
138.388 8.78133
136.462 9.47195
136.006 8.52551
136.295 9.21529
135.645 8.04104
135.645 8.70383
138.249 8.68195
138.6 7.46369
140.13 7.87526
138.481 7.90299
139.968 8.30546
139.241 8.7029
139.819 8.58822
138.253 8.01037
137.705 9.12136
137.459 8.1786
140.069 8.72588
140.314 8.1659
137.508 8.69412
138.344 8.25399
138.06 9.33135
141.509 8.88424
136.791 8.71814
139.533 9.0427
136.866 8.17947
141.198 8.54721
138.812 8.64786
137.352 8.54412
137.029 8.15082
139.8 8.55111
134.642 8.81747
139.431 8.27282
135.52 7.93766
137.52 9.2681
140.209 10.411
138.682 8.3833
139.721 8.21215
139.421 9.00174
138.3 9.36192
137.216 8.15049
137.109 9.62899
136.378 8.56871
137.271 9.2078
140.286 8.51113
140.668 8.35674
140.582 8.56626
140.516 8.86015
138.951 8.85049
137.38 8.64509
136.124 8.3765
139.72 8.0143
141.262 8.63414
140.33 9.49201
139.873 8.1791
140.364 7.1115
138.457 9.07829
139.543 8.31864
140.165 8.07546
138.097 8.17283
140.139 7.80883
141.97 7.72671
140.494 8.46723
139.21 8.59959
139.896 8.51486
143.088 8.62826
142.614 8.87588
142.336 8.97588
141.399 9.21337
138.822 9.69225
137.269 9.07927
138.459 8.96054
139.015 8.54573
137.423 8.51789
138.036 8.86656
138.076 9.23627
139.844 7.72045
138.673 8.45887
139.225 8.7462
136.668 8.93406
138.341 9.02844
136.382 9.23041
141.306 8.1942
137.108 9.14739
140.021 8.35507
140.112 9.58798
140 7.69529
139.024 9.2331
140.154 8.17916
138.758 9.07845
139.668 8.72964
139.372 9.11106
138.765 8.81122
139.514 8.81183
137.417 8.80865
138.381 8.77121
137.767 8.77302
139.908 8.77218
141.329 8.3252
140.069 7.43542
140.364 8.4946
137.194 8.32948
137.887 8.08147
139.491 7.93362
138.281 8.00425
139.112 7.53656
139.216 8.96329
139.151 7.77204
139.614 8.0373
136.27 8.53387
135.614 8.65494
136.092 9.82761
136.561 9.63695
135.802 8.37666
137.179 9.42076
137.737 9.82271
141.12 9.17594
139.553 8.90728
141.233 8.34843
139.43 9.09312
139.532 8.91995
135.334 9.4619
140.411 8.38823
137.922 8.50051
137.168 9.57094
139.226 8.46299
138.437 8.35065
136.077 9.64309
140.196 9.42208
139.86 7.82883
140.792 8.02974
139.278 7.26259
137.819 8.31979
136.522 8.38134
137.422 9.9584
141.002 9.20245
138.405 9.02515
138.549 8.96866
138.632 8.91212
139.367 9.10979
137.984 8.25689
138.753 8.49256
138.736 7.72009
138.304 9.13608
137.48 8.87993
135.873 8.7968
137.695 8.9063
139.556 8.66788
140.366 8.45155
139.105 9.16767
139.637 7.96228
138.96 8.26488
138.964 8.09289
135.236 8.58041
136.182 8.65791
136.987 9.39715
139.399 8.01258
136.524 9.06123
135.578 8.80034
135.062 8.23338
135.859 9.16524
137.297 9.70842
139.726 8.71964
141.567 7.7311
139.772 8.15282
139.118 8.7318
133.922 8.6262
138.924 8.83953
138.445 9.0111
138.222 9.01101
137.565 9.18044
135.149 9.39397
137.287 8.98751
136.28 9.17283
138.696 8.17935
134.413 8.46535
136.489 8.55518
138.549 7.57864
138.073 8.5304
138.613 8.39059
138.608 8.69041
139.062 8.60368
139.59 8.01091
135.477 9.24729
141.623 8.05929
141.576 7.85834
141.626 8.17718
140.296 7.72438
137.698 8.8225
142.835 7.40339
136.133 10.0402
139.835 8.8963
136.829 8.26402
137.691 6.79376
140.282 8.82693
140.425 8.40536
138.546 8.05693
139.743 8.63353
139.071 8.36575
135.92 8.83433
139.665 8.3617
139.598 9.66442
140.088 8.61501
134.556 8.93975
139.813 8.34394
136.282 9.66303
136.788 9.8915
138.474 8.19085
138.999 8.56675
139.769 8.09392
138.855 9.48677
138.663 9.22022
138.672 8.86598
137.826 8.62543
138.677 8.22574
140.505 7.9924
141.236 9.17071
139.446 9.1046
141.241 9.12923
140.537 9.12735
141.943 9.13331
138.615 9.24437
137.848 8.75386
139.597 9.20588
139.572 9.30439
139.726 10.1222
135.319 8.3316
139.916 7.63175
140.921 9.25578
142.976 7.72546
138.731 8.56278
138.662 8.7569
138.249 8.69627
138.521 8.22143
139.259 8.40175
140.632 8.58397
139.827 8.28051
139.024 8.20584
138.494 8.44512
140.197 8.92142
137.362 8.91822
140.619 9.32867
136.628 9.00761
138.041 7.49594
138.616 7.90523
138.11 8.54229
136.127 7.92264
136.889 7.51736
135.64 9.32851
137.902 9.04722
137.044 8.2238
138.826 7.70281
137.867 8.09518
138.25 8.49345
138.617 8.3057
138.417 8.32282
137.43 8.58373
139.12 8.16275
135.309 8.55242
139.548 7.92565
137.069 7.97937
137.163 8.84665
137.945 8.76134
139.036 8.40344
138.707 9.45695
137.607 9.22302
137.353 8.25261
137.953 8.49584
135.49 8.89523
136.345 8.80651
139.527 8.51766
140.62 8.35882
140.788 7.75221
139.512 8.75307
138.024 9.02192
140.068 8.26607
137.543 8.98121
139.129 8.65819
141.245 8.01625
138.552 8.31376
139.576 8.46178
139.766 7.45702
138.07 8.89254
134.754 8.38724
137.525 7.73341
138.526 8.54521
138.033 8.06731
139.684 8.4836
138.355 7.88769
138.505 9.02426
139.181 9.2806
138.689 9.58803
136.013 8.18804
139.881 9.05166
140.362 8.88915
138.438 8.90249
139.787 8.35835
140.512 8.66576
138.931 8.13952
137.799 8.16909
138.462 7.55877
136.769 8.4205
137.856 8.37674
137.402 8.39152
139.606 7.6629
137.623 9.26927
137.432 8.76069
137.795 8.8913
140.44 8.45907
138.806 7.58238
138.889 6.73789
138.464 7.99233
135.448 8.17236
135.161 8.1718
141.403 7.86802
135.97 8.47002
137.959 8.14452
137.115 8.70471
140.175 9.65957
139.322 8.06165
137.182 8.15964
135.922 8.34495
139.917 8.65338
140.222 7.97557
139.323 8.34754
138.903 7.75878
137.921 8.51171
136.882 9.07119
137.747 7.65989
137.594 7.915
135.746 9.21282
136.888 8.96134
139.431 9.31103
139.076 8.88864
137.086 8.5313
140.182 9.05863
143.324 10.0261
139.554 10.1767
142.969 6.95703
141.579 7.8379
138.759 8.46477
138.614 10.1723
136.705 8.35959
141.186 9.0276
138.693 9.65941
144.952 8.67637
142.808 8.44402
141.138 8.73896
140.546 7.95389
138.502 7.95091
138.422 9.38475
138.92 9.06325
138.337 8.89722
138.256 8.57823
139.194 8.65153
139.578 8.97776
138.201 9.34961
139.088 7.75634
138.318 7.69933
137.895 8.51587
138.227 8.37095
139.95 8.41269
139.151 7.88584
138.458 9.021
137.631 8.91529
137.524 8.31441
136.012 8.98693
136.724 8.69115
137.299 8.20623
136.831 8.73542
138.668 9.39765
140.664 8.73511
138.036 8.47029
138.169 8.80951
140.68 8.69313
140.807 8.91402
138.129 8.59494
139.152 8.144
140.339 8.08202
139.293 8.93209
139.489 8.25979
138.807 8.63822
142.898 8.90085
137.922 9.03072
137.747 8.36334
138.003 9.40165
140.632 7.92909
143.216 8.28695
137.609 9.43601
137.338 8.04448
137.23 9.11724
139.404 8.08277
138.709 8.6736
139.047 8.60749
141.156 8.73778
142.228 8.61673
143.658 8.20548
143.346 8.69129
140.385 8.14979
140.974 8.15839
143.054 8.05929
140.859 8.4755
144.55 8.10511
143.166 8.11755
139.275 8.28317
142.943 8.9578
139.294 9.47872
140.591 9.30959
140.587 9.01327
139.271 9.677
136.757 9.06767
138.006 9.19001
136.365 8.08851
137.574 8.30843
138.627 8.39665
141.175 8.9951
141.012 8.11554
140.918 7.90395
141.605 8.44353
141.586 8.87342
142.772 8.04122
139.431 8.21545
140.472 8.44432
138.726 8.43587
139.805 9.12981
139.773 8.54645
139.203 8.47393
140.751 8.52683
138.397 7.78442
137.743 7.93138
136.006 7.91774
137.42 7.91723
139.311 7.97334
136.735 9.09309
137.696 9.85504
137.904 8.59492
135.384 8.75514
138.682 8.60648
137.583 8.58579
135.962 8.61921
136.5 8.90818
135.058 9.68071
138.408 8.83706
141.991 7.9931
139.32 9.28382
142.014 6.73176
141.909 7.97465
140.642 8.80161
141.894 7.91821
142.049 8.11902
139.812 8.72867
142.94 9.20796
141.481 9.08356
141.135 9.08485
141.938 8.36257
141.731 9.22588
143.101 8.92991
142.573 8.75846
143.597 8.36639
141.512 8.7115
145.947 8.09415
144.922 8.64569
139.791 8.74924
140.487 8.30184
140.167 8.36278
138.724 9.21584
136.959 8.95089
134.587 9.60128
134.833 9.26958
139.259 9.36442
137.578 8.35131
136.009 9.09181
140.013 8.9008
139.112 8.23756
137.217 8.314
140.474 8.4138
138.196 8.24873
142.523 8.60291
139.52 7.76082
139.079 8.69537
137.835 8.81635
138.911 8.8364
140.92 7.89592
139.904 7.77714
140.674 8.86123
140.688 8.54553
139.389 7.93582
143.578 8.04328
138.944 8.99052
137.777 9.49668
142.37 9.7929
143.065 8.30342
141.651 9.08466
140.949 8.79915
137.344 9.3862
137.256 8.90175
143.034 8.69984
134.949 9.36426
136.164 9.38466
138.814 9.01035
141.686 9.03886
142.962 8.08995
143.515 8.125
140.656 8.81319
139.538 7.23942
138.428 8.56227
137.655 8.07975
138.169 7.35935
137.982 9.50181
137.524 8.74831
140.658 8.30798
138.823 8.61141
139.642 8.72286
139.961 8.49028
139.376 8.26822
138.865 8.66216
138.597 8.78908
139.489 8.06899
139.892 8.77772
136.188 9.92098
138.492 8.30195
136.55 8.72696
137.055 8.68934
137.955 7.59653
139.372 7.96468
137.148 8.52075
139.183 8.3378
137.642 7.99497
140.067 8.88037
138.233 9.49431
136.842 9.48766
137.791 8.70855
140.119 7.38751
138.145 9.53265
138.729 8.88336
136.929 7.33809
141.463 8.92106
140.448 9.09363
138.436 8.82242
140.156 8.46219
141.982 8.11191
142.542 8.35431
137.821 8.5724
137.013 8.87926
139.345 9.76316
138.988 7.92707
139.085 8.97939
136.303 8.18709
138.066 8.67233
138.346 8.19535
139.493 8.24961
140.394 8.14067
135.46 9.58491
137.52 9.11849
137.925 9.16614
138.625 9.28278
138.174 8.74782
138.654 8.87953
141.94 8.48822
139.947 7.70832
140.957 7.80651
136.586 10.118
136.422 9.11448
139.292 8.78275
140.736 8.97015
140.469 8.00739
140.708 8.19094
136.112 10.011
139.233 8.59775
143.259 6.78992
142.154 8.07252
143.804 9.92241
140.398 8.3591
140.877 9.81106
140.007 7.78623
140.318 8.69808
141.986 7.79227
141.342 6.77284
139.901 8.02674
139.244 8.31198
140.91 8.01081
142.447 8.79648
138.728 9.4354
134.291 10.1581
137.96 8.75854
138.05 9.0511
139.042 9.0052
139.915 8.88146
137.843 9.36962
138.026 7.99646
139.202 7.83146
138.313 8.09181
138.955 8.17252
140.266 7.82273
140.752 7.89335
140.134 9.58574
146.627 10.6256
144.541 9.55549
144.363 8.62038
143.116 8.05381
142.608 8.38681
141.372 8.78523
140.362 8.82377
140.169 8.96241
141.193 8.00363
141.994 8.04953
143.95 8.30881
140.761 7.7558
142.364 8.60246
137.691 8.19463
140.169 7.19532
137.775 9.14907
141.356 7.04675
139.649 9.91185
141.451 8.58549
138.533 8.9967
137.838 8.92188
135.088 8.09757
134.711 8.4492
136.998 9.08966
137.663 7.2085
139.094 9.4873
137.882 7.94036
138.321 8.67668
138.102 7.71573
141.59 7.79519
141.545 9.66602
137.474 10.0229
137.288 7.82664
136.703 8.72212
137.457 9.19951
137.006 8.19498
135.962 9.19689
139.478 9.64165
135.835 9.42522
136.598 8.85911
137.844 9.73024
139.14 7.18652
138.28 8.84527
137.098 9.02228
140.524 7.88871
137.488 8.14277
139.548 8.19334
137.563 8.9711
135.559 9.34433
141.281 7.52245
144.349 8.2607
142.639 8.08091
142.84 8.49146
139.17 9.5788
141.636 8.88382
137.425 9.43147
137.905 9.4929
139.383 8.75298
139.874 8.56018
142.109 8.94057
140.602 8.53017
138.517 8.15793
139.052 8.71482
138.29 8.45312
142.323 8.33132
141.659 8.99473
137.44 8.66278
138.861 8.26934
139.408 8.38722
136.545 8.21994
137.409 8.9471
136.569 8.74591
135.903 9.11002
140.155 8.70187
137.872 9.3856
139.246 9.03412
137.717 9.09556
138.674 9.32181
138.103 8.95811
139.164 9.62931
135.652 9.20776
133.872 8.84284
137.309 9.14709
138.628 9.61177
138.323 9.1998
139.696 8.04539
137.957 8.32073
137.495 8.57741
135.272 7.66596
135.848 8.87825
136.386 8.43324
134.781 8.11646
137.965 8.22515
141.123 8.30614
140.71 7.59428
140.513 8.43719
139.592 8.38748
140.35 9.59212
138.02 9.03753
138.454 9.54563
138.832 9.59848
136.277 9.0889
138.388 8.46152
138.589 9.10737
139.285 8.20411
138.346 8.68541
139.213 8.5075
140.912 9.71026
139 7.30977
135.826 9.43247
138.664 9.06333
136.296 8.59355
137.835 7.24762
139.817 8.40402
141.398 7.79313
141.624 7.79685
138.148 9.16173
138.282 9.32644
139.21 9.67456
139.111 7.44173
139.026 8.77734
140.338 8.8401
137.623 8.7665
139.535 7.91758
138.594 8.74709
140.165 8.57312
136.552 8.23994
139.965 7.9475
137.71 8.15161
138.604 8.36891
138.659 8.83211
137.912 9.37389
138.267 8.28714
136.626 8.30417
137.297 9.72759
138.739 7.7646
137.564 8.81425
137.141 9.39338
133.563 9.00829
138.08 9.15139
137.245 10.1123
138.052 9.00463
136.99 9.44232
139.872 7.75995
138.12 8.5719
137.536 8.57744
139.821 8.45028
136.398 8.05256
137.015 9.61477
138.655 9.20302
134.551 9.49211
136.173 9.25858
144.032 7.62449
141.658 7.53415
140.512 7.86222
136.734 9.0254
141.915 8.95232
141.496 9.86736
140.509 7.34346
136.62 8.14658
141.054 8.72277
140.372 8.52231
142.494 8.37783
141.34 8.78165
142.135 8.80379
139.585 8.46761
140.219 8.26681
140.32 8.17007
143.535 8.3138
141.034 8.55528
142.155 7.87285
138.354 10.0532
138.946 10.133
139.767 9.30858
141.351 8.12333
137.353 8.73042
137.657 8.57268
138.066 8.12289
138.453 8.1413
139.695 8.2734
137.088 8.2395
137.115 9.08759
137.774 8.05316
137.472 8.31338
140.236 8.52034
139.847 8.52048
137.671 8.66641
136.301 8.42906
138.902 8.26292
138.835 8.63643
138.855 8.20202
138.34 9.11891
138.621 8.682
137.596 8.85902
135.651 8.06587
135 8.18208
134.694 9.54008
138.01 9.18176
139.523 8.34553
140.61 8.56787
139.433 8.1059
135.187 8.58718
138.246 9.08512
139.96 7.78887
137.119 7.54371
134.755 8.50962
138.143 8.06557
137.445 8.95874
137.996 7.53104
140.586 8.48639
139.572 8.08721
138.015 8.46168
137.595 7.75065
138.137 8.29631
135.793 8.22155
137.042 9.797
139.65 9.00722
138.338 7.59667
137.663 9.34219
136.625 9.13301
135.432 9.09728
136.049 8.77204
135.953 8.33377
135.809 9.0101
137.014 9.14183
137.767 9.15576
136.694 8.41481
139.545 9.15622
137.671 8.53278
138.682 8.36416
136.798 8.40919
137.846 8.56219
142.639 8.75011
136.975 9.37269
134.777 9.68766
138.742 7.9155
138.43 8.50433
141.821 9.3537
139.278 8.30361
139.741 9.53442
135.422 9.5494
136.102 7.03527
135.382 7.9637
139.703 7.8647
138.718 9.47685
139.712 7.33224
140.608 7.83359
136.975 8.45143
139.368 8.39612
136.1 9.38641
136.456 9.44807
139.88 9.34493
140.323 7.66384
136.717 8.81399
135.965 9.50481
134.033 9.7961
137.577 8.38431
135.601 7.67222
137.595 8.42805
137.398 8.80737
138.459 9.46505
139.675 9.13802
137.858 9.52508
138.737 8.1349
140.103 7.73282
143.219 8.34551
138.475 8.39472
138.603 7.96635
137.916 9.72752
139.878 8.82742
136.781 7.80281
135.409 9.2767
136.446 9.57187
137.623 9.18171
138.621 7.55377
137.983 7.2145
143.124 7.88766
141.438 8.11791
140.495 7.98652
137.084 8.70657
141.242 7.98228
139.702 8.38754
139.483 8.04233
139.156 7.80296
139.202 8.20268
138.421 8.62373
143.02 7.66506
139.794 7.68819
141.54 8.78295
138.23 8.80172
139.411 7.64116
138.511 9.86626
137.026 8.80383
136.497 9.24124
137.647 8.97543
137.742 8.46802
140.817 8.96537
138.506 8.93741
137.771 9.56354
138.864 8.14714
137.492 8.85744
140.812 9.92333
139.83 9.65
136.613 9.06037
136.826 8.56418
140.297 6.91808
135.652 8.08825
135.922 8.14686
136.406 8.58827
139.121 9.19755
139.504 9.19955
139.862 7.00027
138.495 8.29584
140.123 7.57169
137.695 8.66006
137.515 8.18986
137.08 8.37907
135.301 9.52721
137.158 8.55923
139.136 8.5061
138.588 8.6675
143.339 8.32201
139.885 8.30645
137.299 8.21263
136.703 9.29542
137.674 8.70085
138.336 7.40396
139.69 8.69089
139.762 8.67691
136.679 9.97418
136.677 9.21478
135.171 8.08079
135.366 8.70996
138.184 9.83984
138.742 9.09245
138.99 9.25646
138.226 8.87534
140.827 9.14827
134.756 8.12494
137.766 8.18943
137.386 8.51817
137.99 8.59031
136.576 7.88065
136.621 9.76544
136.425 9.40783
136.648 8.27336
136.567 9.05139
135.206 8.58362
139.711 8.98878
136.136 8.40964
137.758 8.83336
142.872 7.72152
140.415 8.47335
137.282 8.62154
136.144 9.03943
140.352 7.71801
139.651 8.93544
138.961 8.71552
136.266 9.01636
138.701 9.32368
138.343 8.08071
141.731 7.93406
137.951 8.75891
138.238 9.21897
137.165 9.32774
135.469 8.2528
137.55 9.61506
137.754 6.90643
138.246 9.00421
136.613 8.90784
139.666 7.42168
139.54 9.2141
136.222 9.89591
141.884 8.70322
137.358 8.49847
137.667 7.73006
139.675 8.8636
139.382 7.72985
137.861 7.81541
137.157 8.82843
138.574 8.55946
139.149 8.26237
137.587 7.28765
137.228 8.50879
137.5 7.66077
140.508 7.79347
139.209 8.76975
137.394 8.57312
137.058 8.77148
137.635 7.68206
137.634 8.03388
140.733 8.5012
143.38 8.27989
145.481 8.14103
141.738 7.46815
142.344 7.52552
138.374 8.17048
139.879 8.18568
140.969 8.87726
133.74 8.58516
141.184 8.98067
137.607 7.17417
138.165 8.07635
139.832 7.95264
139.487 8.12449
134.918 8.77801
141.745 9.60198
140.098 8.54652
139.538 7.61293
138.399 9.48168
138.134 8.42618
137.981 8.55629
138.894 8.36131
143.171 8.49045
140.678 8.22367
138.128 8.82903
142.486 8.47577
141.456 8.88794
138.796 8.97636
135.076 7.91831
136.518 8.8933
140.993 8.31619
141.516 7.54335
139.526 7.86915
139.643 8.44054
140.459 9.05994
138.444 8.81579
140.86 8.86765
138.701 7.86132
137.462 8.11766
141.263 8.7962
140.099 8.85606
138.183 8.5602
137.517 7.92692
137.215 9.34507
135.886 8.74354
135.535 8.10908
135.458 7.60583
136.961 8.35844
137.079 8.10103
136.77 8.63208
138.782 9.8115
137.962 9.83311
137.702 9.34553
139.079 7.82032
142.051 6.86629
140.646 8.85483
142.645 7.40754
140.638 8.77502
139.064 8.91861
141.876 9.22225
142.612 8.9568
142.783 8.42888
141.337 7.88319
140.101 7.83454
139.255 7.67915
140.949 7.78939
137.09 8.56566
139.205 9.50706
137.091 9.09661
136.15 9.16743
140.988 8.19341
141.35 8.01187
140.024 8.65981
136.312 8.97044
137.723 8.87131
136.713 7.94961
139.531 7.69622
140.102 9.36157
135.773 9.28944
138.557 8.83257
138.376 7.34388
138.625 9.01437
138.522 8.5484
141.039 8.44553
141.686 7.73307
141.191 7.22028
143.147 8.09608
140.545 8.91376
134.861 7.67999
136.714 8.33947
136.634 9.31326
137.768 9.08053
135.604 8.57143
137.256 10.0138
140.415 8.42826
135.929 8.24686
132.827 9.21889
136.801 8.71807
137.11 8.3793
136.711 9.29602
140.307 8.15951
140.013 7.78656
140.429 8.52917
138.237 8.25573
138.043 8.29749
138.456 7.4295
139.775 8.95657
138.536 8.24272
138.085 9.70781
141.454 6.76579
139.318 8.13049
137.721 9.12935
138.464 7.3147
140.847 9.52513
139.794 8.70542
138.712 8.88246
138.992 9.25244
140.58 9.36069
141.595 8.86236
134.862 9.07426
136.272 8.94046
138.789 8.26583
137.021 10.0351
136.904 6.95581
139.232 9.23177
141.007 9.1389
140.7 9.67929
141.406 8.59635
140.478 8.66223
139.178 8.89638
138.576 7.65236
141.588 8.10419
139.864 8.95303
138.398 8.49768
139.233 8.4745
138.175 8.47523
139.935 8.50679
139.281 8.51549
139.171 7.62699
141.78 7.4405
141.347 9.52417
138.347 7.90257
139.201 9.08051
138.183 8.76037
138.993 8.74754
139.054 8.09974
143.513 7.88166
139.02 8.32171
139.947 8.2466
139.402 8.25934
140.866 8.34227
138.192 7.23248
139.127 9.7371
136.856 8.25761
137.036 8.97112
137.722 9.75144
135.214 7.75167
136.759 8.69099
138.834 7.43546
141.245 8.96417
141.426 9.12699
140.337 7.96628
139.34 9.02318
135.047 8.78839
135.466 8.78574
137.851 8.65167
137.708 8.61646
137.034 9.48863
136.96 9.22918
136.98 8.22674
134.448 8.24656
136.11 8.35357
138.236 8.64562
137.019 9.48282
140.933 7.60389
138.477 7.81296
137.65 8.24978
136.043 7.23337
136.186 9.22539
138.987 9.30202
139.26 9.45004
139.364 8.60066
136.406 7.51505
136.102 9.68491
138.311 9.31543
138.403 8.59219
139.616 7.11026
137.607 7.90211
137.711 7.89411
139.371 7.72282
139.149 9.11026
139.255 8.72966
141.413 8.64486
140.333 9.09811
137.728 7.83033
139.249 9.26992
140.333 7.42713
136.308 9.29666
137.491 8.41697
135.759 8.68268
138.338 9.21521
138.883 9.93903
139.099 7.96213
140.127 8.10406
140.371 9.49743
138.171 6.95267
138.696 9.60009
138 8.1322
138.558 8.2189
139.003 9.34812
141.781 8.36133
136.682 8.33636
137.739 7.28931
134.032 9.23243
138.517 9.17013
137.445 9.52328
138.071 7.6495
141.738 8.08625
140.119 7.97887
137.529 8.29214
139.682 9.24735
140.383 9.58177
138.183 8.99166
137.008 9.07363
136.284 9.31292
136.284 8.49979
137.28 8.04723
139.554 7.57739
138.214 8.49999
138.437 9.11339
135.16 9.02014
135.57 7.88515
137.883 8.58523
141.927 8.47908
139.355 8.4733
142.091 8.51351
137.312 8.418
137.69 8.8258
138.431 8.18189
138.331 9.08066
136.21 9.056
137.42 7.37308
136.832 9.27514
140.953 9.78674
138.104 8.62698
139.02 7.78014
138.658 7.5289
138.869 8.09509
138.192 8.16644
140.52 8.37673
137.701 9.34162
136.922 9.12256
137.392 8.88781
137.494 8.50524
136.707 8.45733
135.975 9.57197
137.756 8.7332
137.63 10.4765
138.861 8.15582
139.683 9.01148
138.906 8.74234
139.66 7.6884
139.489 8.2665
140.444 9.48669
141.335 7.6018
141.297 9.38335
138.329 9.27134
140.471 7.57295
136.97 8.29601
137.05 9.00721
137.656 9.19737
134.505 10.5238
134.988 8.56093
136.182 10.1307
138.812 8.26678
139.495 7.96167
139.081 8.32134
136.68 8.75989
136.709 8.27945
137.476 8.30528
140.014 8.85309
136.482 8.91607
136.523 8.54844
138.22 8.33215
136.865 9.55652
134.675 9.69485
140.984 8.3535
139.262 9.05722
140.107 8.64576
136.821 8.16287
134.044 8.27296
132.763 7.96562
136.196 8.17059
137.276 8.521
136.532 8.50915
138.019 9.54487
140.215 9.20733
138.829 7.90222
138.791 8.76089
138.706 8.1466
138.912 9.06321
138.588 8.0246
139.931 8.97712
137.885 7.89967
138.184 7.47761
136.999 9.50722
133.733 8.20219
135.894 9.05622
137.357 7.24446
137.863 8.18257
139.687 8.0032
138.067 8.74697
138.506 8.26835
139.56 8.50238
139.385 10.3176
138.626 7.92384
137.18 8.54834
141.442 7.317
139.434 7.50833
135.633 8.61116
136.299 8.95492
138.529 8.53839
139.887 8.48626
139.607 8.45196
140.614 8.15018
138.815 9.36697
140.285 8.14528
140.408 7.88249
136.354 10.6743
136.492 8.29745
136.503 9.07713
136.613 8.18865
137.309 8.33922
141.405 7.88606
139.627 8.83184
139.914 8.94817
139.105 8.81462
138.836 8.7344
140.123 8.67436
138.678 8.19578
141.023 8.60568
138.579 8.27074
138.437 8.52938
139.224 7.85345
141.395 8.54641
140.943 7.89103
140.036 8.47805
137.99 8.35988
138.886 9.23249
139.188 9.39252
135.712 9.07367
138.738 7.65137
138.288 8.05003
138.617 7.92481
139.22 8.35444
141.303 7.76635
139.379 8.00356
139.252 8.29429
141.682 8.2817
139.938 8.87013
138.887 8.9467
138.549 8.86208
138.642 9.02969
139.218 8.2996
137.634 9.26515
139.435 8.05968
136.048 9.00745
136.966 8.14121
138.743 8.85464
140.317 8.73789
140.365 8.16491
139.431 8.48854
135.965 8.03437
139.725 8.62539
137.444 9.118
137.57 8.39735
137.477 8.65118
139.732 9.6857
137.134 8.8847
136.698 9.84585
137.89 8.73652
137.508 9.0259
141.881 8.48135
141.911 8.52947
142.575 8.60535
137.848 9.08023
137.744 9.10125
135.551 8.8645
138.882 8.93279
140.189 8.67063
137.513 7.90412
138.977 8.23586
133.686 8.59073
135.935 8.40067
135.989 7.578
140.51 7.80874
137.775 7.15769
138.941 9.47644
137.599 8.76327
139.078 8.54257
139.921 8.27801
137.089 9.83688
136.149 8.29717
138.877 9.05949
138.413 9.10584
138.197 8.79778
138.54 8.1959
139.673 7.44853
139.038 8.11172
140.702 7.98397
138.928 9.35332
137.45 9.50599
137.45 9.21034
139.756 8.46512
136.822 8.50506
138.029 8.37784
136.531 8.55975
138.116 8.36085
136.682 8.62041
138.252 8.40961
138.124 8.38435
137.471 8.93233
137.606 9.52505
136.709 8.8209
137.63 8.91319
139.311 7.51753
140.229 8.79045
143.043 8.78816
140.299 8.0907
138.415 8.26359
140.623 7.35422
138.012 7.4037
138.076 9.037
139.602 9.0567
136.256 9.57594
135.123 9.06192
135.982 8.0374
135.858 8.53954
138.417 9.28132
138.927 8.25814
135.827 8.23004
137.286 7.79146
141.304 9.55252
137.963 8.04413
139.04 9.7603
137.378 8.95174
137.557 8.87592
138.843 8.8308
140.181 7.34234
140.932 8.14306
138.23 9.57844
139.822 9.02069
138.18 8.62999
134.902 8.66088
136.104 9.57208
135.289 8.87439
135.872 8.91575
135.911 8.51322
135.809 8.84196
132.49 8.52679
135.541 8.97415
140.479 9.63226
138.73 8.61434
138.272 8.33372
138.759 9.0253
140.407 9.65
137.977 8.85456
138.936 8.17262
140.602 8.50049
137.313 8.8077
138.859 9.33431
137.702 8.68417
139.071 9.1098
139.04 8.14358
137.598 9.38855
135.019 8.94634
136.01 8.45699
135.738 8.47547
136.442 8.82666
141.244 8.79358
138.386 8.86285
136.556 8.57167
138.808 9.22338
138.317 7.95653
139.648 8.56842
139.135 7.88414
138.137 9.85147
137.039 9.46303
137.75 8.21354
139.853 8.85467
138.548 8.20833
137.683 9.46123
138.112 9.82239
137.235 9.60627
135.803 9.66982
140.156 8.94982
134.223 9.2816
137.56 7.79805
137.821 9.39514
138.805 7.67734
136.784 7.22602
138.273 8.74244
138.966 8.33536
138.538 8.97436
136.311 9.38146
137.247 9.3361
136.942 8.68665
137.19 8.63489
137.56 8.88727
139.027 8.70333
135.948 9.1545
138.36 8.6693
140.394 8.56113
139.186 7.85454
139.857 7.8939
138.094 7.82
137.79 8.90512
139.474 8.56542
140.027 8.65613
140.665 8.34893
137.777 8.29484
142.366 8.29574
141.176 8.72605
142.167 8.88604
142.281 7.67664
141.113 6.69936
141.345 8.65219
139.418 8.51146
139.749 7.42894
140.087 7.95866
136.682 8.81109
138.859 8.81012
138.337 9.05146
140.862 9.66202
136.123 9.85738
138.14 8.77091
133.671 9.22409
138.035 8.46227
139.443 8.73666
139.289 8.7742
136.696 7.73451
137.992 8.5883
141.833 8.58113
141.793 7.80613
137.376 8.78374
140.2 7.94056
141.035 9.38026
139.807 7.27585
140.46 8.3266
138.51 8.53368
138.992 8.68451
141.526 8.99442
138.823 8.76553
140.089 8.7975
141.105 8.71797
139.353 8.36473
140.463 7.4281
140.607 7.82182
140.129 8.93797
140.1 9.33755
139.375 7.65841
138.124 8.24831
139.9 8.94042
137.398 7.65315
138.454 8.06711
140.484 7.37243
140.592 10.362
139.702 9.3636
140.753 8.25199
136.684 8.35089
137.251 7.87189
137.908 8.78478
137.923 8.18983
138.246 7.88066
141.862 8.49245
138.488 9.48286
141.706 8.0348
137.952 8.72812
143.112 8.14289
138.116 8.27201
138.211 8.24231
138.531 8.23645
138.378 9.30532
138.894 8.394
138.658 8.40333
139.299 8.32531
139.576 8.9272
136.555 9.11369
142.124 8.35486
137.467 8.44029
137.768 9.00525
137.579 9.35235
136.984 9.21926
138.181 8.51925
136.188 8.83623
137.099 9.40384
137.664 9.54766
136.544 9.22756
135.68 8.46422
136.792 7.13422
139.238 8.07131
137.103 7.75271
135.144 9.50753
135.757 8.62151
135.378 9.60549
139.039 8.21253
134.672 9.51617
137.078 9.70863
137.746 10.7365
139.892 9.70818
138.837 8.2945
140.078 8.15547
139.215 8.86105
138.909 9.18003
142.362 8.23414
144.377 8.21041
139.9 8.39965
139.97 9.69311
143.81 8.30921
138.276 8.07509
137.549 8.87697
142.422 8.66508
140.288 8.15149
140.76 8.18798
142.214 8.49463
143.255 9.16729
142.211 6.97118
142.211 8.24463
139.175 8.27482
141.671 8.57942
141.556 8.10258
142.448 8.3647
143.143 8.32627
144.406 8.61445
142.926 9.01062
139.659 8.96069
139.068 8.82491
138.753 9.64753
142.772 7.60629
140.887 8.18095
141.005 8.05337
138.863 8.39365
140.754 8.66261
143.393 8.90892
141.381 8.28503
136.633 9.87296
138.717 7.7987
140.7 8.15356
143.438 8.25274
141.416 7.64811
141.402 7.97517
140.433 8.70961
142.583 8.74686
139.412 9.4733
140.524 7.43181
142.053 8.47677
139.976 8.34138
137.616 9.33457
142.084 9.44477
138.923 8.12006
138.739 8.05966
141.997 8.49081
138.895 8.12311
141.043 8.1331
135.297 8.99276
140.492 8.7483
141.187 9.645
141.294 9.36433
142.994 9.45904
142.129 8.12731
143.006 8.42808
141.81 8.71874
141.963 8.67949
143.156 7.47622
143.684 7.7409
138.848 8.60106
137.625 9.86293
136.502 8.15229
137.496 8.35165
139.071 8.33803
135.005 8.68794
138.4 8.64289
141.622 9.6605
142.447 9.45246
141.719 9.06297
135.131 8.44806
134.846 8.79011
135.513 8.56726
140.724 7.85544
139.815 8.50659
140.036 8.56469
140.371 9.43771
138.628 10.1418
137.902 9.29096
140.298 7.17395
138.826 7.86716
136.613 8.15182
137.418 8.13837
135.793 8.29963
139.163 8.74277
140.232 9.18106
140.074 8.4921
137.35 8.74713
140.937 8.78098
141.475 8.63122
139.418 9.69198
145.126 8.94543
139.478 9.25523
142.752 9.57277
139.924 7.538
138.418 8.4766
138.823 7.2255
139.311 8.86453
139.375 8.07826
139.021 9.02748
138.268 8.15984
138.606 9.09473
139.994 9.17454
138.137 9.59876
139.145 9.24703
138.864 9.03348
140.006 7.50485
137.048 7.95447
142.386 8.31943
142.255 7.95416
141.534 9.0886
141.411 8.47465
141.851 8.73402
141.51 8.5276
141.212 8.28061
141.663 7.46816
141.293 8.08083
140.117 7.94316
140.122 7.65982
139.678 9.19848
143.813 8.12277
141.347 7.19057
140.513 8.59386
140.155 9.03713
140.211 8.4626
141.941 8.01824
143.906 8.77506
142.84 8.47057
141.066 8.6197
139.058 9.55361
139.537 8.71652
137.907 9.57953
139.979 9.52499
139.833 8.26421
139.517 8.35738
139.942 8.24973
140.336 8.64615
142.11 7.84194
140.428 7.84194
139.407 9.58076
139.136 8.20961
136.403 8.12353
136.942 8.54726
140.312 8.30756
135.669 8.17147
134.776 8.43862
135.36 8.30067
137.675 8.50543
138.013 8.64123
138.656 8.37934
137.755 8.67269
138.036 7.69163
136.027 9.74694
135.556 8.65361
138.188 9.09822
138.377 7.26792
137.497 8.07555
137.805 8.60808
137.232 9.50866
141.189 8.56858
138.077 8.09543
141.174 7.98544
138.237 7.7043
138.324 8.90516
137.349 8.52091
137.349 9.34919
139.912 7.65835
137.163 8.7673
137.77 9.46863
137.581 10.4645
138.414 8.97504
140.069 8.47742
142.239 9.64361
140.678 7.3681
138.254 8.72552
138.312 8.51333
138.71 8.59416
136.548 8.49634
137.673 8.22137
136.895 8.45768
137.852 9.1857
138.978 9.11678
138.007 8.15575
137.261 8.41736
138.466 8.14271
138.813 7.5679
138.109 8.59213
138.78 8.17996
136.873 7.88553
141.675 7.60947
144.475 8.24191
140.51 8.01867
139.102 8.74586
137.793 8.40324
141.184 9.79972
138.105 8.14754
138.553 9.9924
136.133 7.97112
137.358 8.25748
136.507 9.3249
136.667 7.10033
136.175 8.82954
135.625 8.64467
135.501 8.76781
136.191 8.63735
136.632 8.63714
136.323 8.5645
142.295 7.11275
140.283 7.78337
140.975 8.34289
135.999 8.265
135.243 9.74042
143.027 10.0891
138.975 8.18752
139.799 8.48489
140.848 7.79384
137.673 8.7137
140.489 8.1291
138.662 8.09452
140.395 8.39147
137.28 8.64782
138.407 8.48452
138.379 8.90982
136.94 8.94294
138.377 8.6856
139.299 8.49658
137.854 8.49863
138.649 9.69147
137.684 8.90462
136.96 9.22996
139.47 9.23545
137.272 8.79463
138.609 8.5788
139.63 9.08366
138.091 8.56242
136.077 7.76974
137.527 8.08909
138.041 9.1693
136.714 8.19537
137.305 6.70173
137.263 8.39309
137.458 7.48818
141.477 6.8529
141.055 8.33684
141.119 8.85431
140.254 8.10075
141.205 8.78431
139.145 8.84557
138.823 8.82938
139.245 9.34247
137.796 8.07016
139.474 8.08315
137.572 8.10753
137.476 8.50056
137.585 9.77932
136.414 8.54052
136.609 8.50874
137.897 9.69648
140.357 9.94171
138.016 9.30407
139.79 8.21912
139.815 8.03538
140.593 8.78586
138.89 8.94022
141.705 8.68632
138.231 9.72983
136.521 8.97153
136.769 7.46369
138.473 8.29622
138.26 8.88387
138.953 8.72634
140.876 7.7461
137.996 7.84861
137.983 9.00532
138.197 8.33034
140.018 8.31972
137.673 7.89792
136.638 9.35152
137.777 10.1704
139.156 9.65324
140.187 7.46339
136.303 7.53114
135.046 8.68612
133.034 8.83552
135.519 8.96152
135.725 8.34322
138.081 8.48109
137.164 8.52116
136.84 9.31057
135.651 9.30461
133.687 9.06938
137.727 8.56768
137.363 9.21211
138.833 8.46911
138.452 9.09237
139.433 7.86249
139.158 8.59882
139.329 8.64374
138.514 9.05781
136.894 9.21803
135.971 8.76658
137.663 8.9046
140.036 8.48769
139.132 9.23232
138.567 8.32387
138.258 7.91718
137.504 8.18237
137.479 9.28059
137.47 7.9377
137.471 7.9377
137.724 8.28927
137.783 8.67023
136.714 8.26936
136.789 8.72592
138.788 8.54479
136.684 8.79319
133.986 7.57124
131.667 8.28642
137.855 9.51335
141.182 7.60466
136.478 9.25056
136.638 7.78701
136.513 8.11814
135.856 9.52532
136.953 8.50556
135.134 9.51488
134.746 8.86004
137.292 8.31903
134.525 8.01293
137.871 8.57273
137.192 9.07882
138.372 7.42828
139.12 8.09919
138.797 9.37889
138.688 8.66183
138.771 7.68784
138.075 8.86645
137.083 8.94022
139.102 8.4576
140.298 8.61582
141.266 7.56194
139.122 7.99221
138.252 8.68883
135.3 9.40435
136.34 8.4793
139.247 9.52665
137.976 9.26829
140.992 9.04147
137.602 9.27165
137.759 9.27936
138.807 7.50747
138.95 7.89138
138.703 8.72447
139.248 7.56587
139.101 7.90336
137.568 8.59984
139.862 8.19415
140.328 8.33162
136.554 8.03461
138.792 9.5536
137.515 9.06798
135.7 8.50978
138.089 8.82101
136.226 9.43768
138.89 8.8941
139.879 8.80071
138.546 8.39647
139.076 7.40197
137.952 8.53627
134.84 7.95587
136.378 8.14324
140.052 8.24165
140.435 8.59647
139.414 8.65148
139.537 8.69903
139.585 8.48168
139.33 8.75318
137.786 8.95899
137.549 8.43213
139.917 9.29878
137.912 8.59293
137.914 8.86471
140.325 8.71621
139.534 8.65611
139.85 8.69473
140.417 8.4242
139.848 8.55877
139.621 9.23905
138.808 9.32305
137.279 8.21507
140.184 9.03226
137.242 7.74456
138.903 8.37206
139.609 8.33768
142.845 9.40096
140.702 8.48973
141.031 8.58748
137.839 8.65203
138.16 8.36872
138.155 7.91638
139.596 8.29112
138.885 8.67988
139.172 9.87232
140.24 8.13847
139.045 7.66314
137.773 7.60968
137.543 8.91534
138.197 9.17057
138.221 7.57732
135.175 8.99
139.187 8.9142
139.955 8.30813
138.577 8.73844
139.037 8.54954
138.871 8.71546
139.137 8.75471
138.065 8.93408
141.378 7.54963
141.253 8.57333
141.444 7.69465
140.021 7.76571
136.617 8.54281
138.274 7.82715
141.551 7.57431
138.499 7.86158
141.399 8.39901
137.913 8.38772
138.515 9.15188
140.538 9.30961
138.27 8.48281
139.446 9.11183
138.636 10.046
138.897 7.41197
140.125 7.62099
135.333 7.75812
138.116 7.82853
138.001 7.75291
137.42 8.74249
138.526 9.59224
137.148 7.98159
137.428 8.06774
140.203 7.82228
133.616 8.46069
136.575 8.23478
136.017 9.1459
136.955 8.44992
136.484 9.23945
136.339 8.49147
139.791 8.48251
138.289 7.60765
139.939 8.49678
139.194 8.9714
138.386 8.43507
136.072 9.4409
137.119 8.50491
142.77 8.02534
142.531 8.39008
139.962 9.95332
139.559 7.4846
140.337 8.36672
141.544 9.07397
141.999 8.62671
142.074 8.5087
138.957 8.46999
139.971 8.63405
142.126 8.93003
143.25 10.0035
138.979 9.41245
138.993 9.25814
138.245 9.82027
139.314 9.49254
139.008 9.00333
138.017 9.90686
140.806 7.63249
139.803 8.05532
136.225 9.37278
132.481 9.03909
137.756 8.35526
138.087 7.74486
134.676 7.25839
137.622 7.80032
138.086 8.52916
139.772 8.17483
135.28 9.13291
140.357 8.30008
139.175 8.32303
139.004 8.09174
136.825 7.61051
139.564 8.75083
139.08 9.16539
139.037 9.14954
139.021 9.14905
139.716 9.09389
139.243 9.11426
137.864 9.01021
139.802 9.00694
139.019 8.58492
138.019 8.45308
138.411 7.92372
137.979 8.20961
139.971 7.79728
141.132 7.9836
138.222 7.71138
138.032 9.40557
136.75 8.73823
137.489 7.78365
139.415 7.15666
138.586 7.67976
138.655 9.49376
136.875 8.92088
142.527 8.33918
137.428 9.04953
137.677 9.11659
139.169 8.53423
136.483 8.96353
139.174 8.80412
138.631 8.56575
136.529 10.0854
138.072 8.66954
137.777 8.3788
136.646 8.40388
136.824 8.81699
137.444 6.95971
137.06 7.67518
140.088 9.45786
138.359 8.26697
140.681 8.31996
138.622 9.55284
138.462 8.26861
138.18 8.27039
137.618 8.95082
141.97 9.02936
139.558 8.84895
138.061 7.21241
139.688 7.20056
137.845 8.85338
137.979 7.29567
137.058 7.27613
139.818 8.97094
138.737 8.57029
139.352 8.47523
140.768 9.09182
142.26 8.4006
140.444 8.73
139.917 9.07129
139.756 8.71362
139.059 7.8125
136.442 9.03235
136.851 8.84181
138.249 9.03392
139.444 7.63203
140.487 9.10663
139.512 8.99408
141.775 9.22939
142.638 9.8634
142.574 9.88345
141.55 8.80336
139.45 8.02059
141.814 8.14929
140.016 8.74196
139.72 9.45916
141.891 8.44441
140.18 8.44679
143.151 8.23664
138.732 8.59567
146.461 8.65633
139.458 8.26547
142.953 9.06234
142.846 8.10248
142.006 9.28354
142.241 8.6584
140.209 7.4588
140.807 7.49834
142.113 8.87493
141.437 8.61911
140.046 7.95882
140.913 8.34439
141.006 8.16795
140.509 9.13401
142.687 8.40127
140.158 9.25276
138.085 9.38071
139.324 9.27258
139.902 8.79156
142.412 9.12155
139.784 8.77735
142.704 8.77113
142.798 9.03787
142.622 8.14853
138.828 8.23608
136.812 8.33766
140.058 8.80926
141.813 8.313
139.391 9.64819
142.179 8.38044
140.012 9.20092
139.972 8.78533
139.379 9.64299
138.107 8.84336
138.911 9.11294
138.3 8.44978
136.309 8.29274
136.599 8.82873
137.403 8.97786
138.608 8.46878
138.58 7.62714
137.28 9.86607
137.833 9.84765
139.188 8.09223
138.289 9.4029
138.324 9.5237
136.851 9.44763
139.702 9.7902
137.359 9.21697
141.124 7.96017
136.833 7.62318
140.641 8.40099
138.917 8.38392
138.839 8.39621
139.018 8.34568
138.813 8.6181
139.001 8.37335
138.913 7.92169
141.206 8.29875
140.915 8.32752
140.918 7.95732
139.877 8.47025
140.541 8.45032
141.734 9.06101
139.92 8.39035
142.718 8.9409
139.051 7.8916
139.351 9.1224
140.288 8.97136
141.11 9.26537
136.334 9.41524
137.06 8.5829
139.183 9.07085
136.589 8.28295
137.705 7.47658
137.862 9.2357
135.616 8.89682
137.357 9.91315
137.517 8.10322
140.236 7.3795
140.438 8.66649
141.97 8.87523
140.223 9.08911
137.186 8.86844
136.539 8.51251
135.903 8.8436
135.818 8.78785
135.301 8.97665
136.455 8.07146
139.188 8.81411
138.957 7.19742
139.56 9.51996
139.905 7.64815
139.833 8.353
139.548 8.44413
138.927 8.3733
139.757 8.28624
137.185 7.49404
136.172 8.24969
137.305 8.0648
137.992 8.31926
136.686 8.83734
135.569 8.12835
136.362 8.4746
139.216 9.03357
139.235 8.72801
137.551 8.23295
137.888 8.5945
137.144 8.57787
135.612 8.83223
138.249 9.25523
138.228 8.46916
134.452 8.20487
137.446 8.7784
136.625 8.68374
136.704 9.24616
140.667 9.74272
134.902 9.39518
136.739 8.96547
137.702 8.92272
137.271 7.33487
139.808 9.08077
137.281 8.6505
136.115 8.5562
136.725 8.15528
137.373 8.35855
140.253 8.54442
138.838 8.21909
138.169 8.3204
139.406 9.03035
138.815 7.58204
140.738 8.56739
138.763 8.23233
139.225 8.93205
134.98 7.06513
137.29 9.6553
137.036 8.63606
139.598 9.8635
138.297 8.30212
138.045 9.01774
137.772 7.60069
134.809 8.06192
136.708 8.42308
139.651 9.44291
137.794 9.06483
138.224 8.53967
138.196 8.98381
137.396 9.25385
135.802 9.24278
136.848 9.21121
135.519 8.79629
141.217 8.70352
140.222 8.27047
142.223 7.8594
142.719 8.90995
139.347 9.37715
141.198 7.39284
137.918 8.4212
141.928 8.37956
139.369 8.61855
138.934 7.63716
137.555 7.07573
138.925 7.96715
138.703 7.76228
141.038 9.21354
139.892 8.45669
139.004 7.23017
139.8 8.38385
137.021 7.90779
138.817 8.51921
137.449 8.08392
137.248 8.62856
136.366 8.79966
136.178 9.09625
137.552 9.05279
137.25 9.05393
137.966 9.64175
137.764 8.52444
138.453 8.3371
142.824 8.1988
138.419 9.10481
137.124 8.93125
137.051 8.81853
135.766 9.31294
134.277 8.81978
134.498 8.62735
133.187 8.42053
135.089 9.77201
134.165 8.59628
136.552 9.27231
137.122 8.28967
137.317 8.58591
136.563 8.87559
137.771 8.87584
140.48 7.71481
137.683 9.54477
136.796 8.37435
136.98 8.27022
142.209 9.59091
139.852 8.56582
139.94 9.01208
138.594 7.69105
138.272 7.72134
135.491 7.89627
138.271 7.89627
137.308 10.1554
139.782 9.55654
137.516 9.55084
135.953 8.57396
137.993 9.26404
136.616 9.54035
143.064 9.26648
133.508 8.41556
137.12 8.44963
135.244 9.15905
136.328 9.18988
134.369 9.69506
137.841 8.26595
137.524 8.25878
138.055 8.60599
137.602 8.33157
138.024 8.61745
139.906 8.60049
138.78 8.56491
138.064 9.57676
135.968 9.96475
139.539 8.85393
138.567 7.95781
136.659 8.77241
136.65 8.97238
139.263 8.13629
138.431 9.39964
137.915 9.02698
138.155 8.39486
138.236 9.02464
138.316 8.22186
140.342 8.64592
137.494 8.1178
135.709 8.31623
135.883 9.00016
137.686 9.92636
137.639 7.55389
138.369 8.25235
135.443 8.13759
139.006 9.4775
139.832 7.35317
138.19 8.96538
140.089 9.60136
139.333 8.90004
140.579 9.05453
140.338 7.8814
141.766 7.21635
141.834 8.19001
140.068 8.87764
137.218 8.89717
136.872 8.77688
137.762 8.89435
137.251 9.46867
137.399 8.22761
138.292 8.72613
136.823 8.70747
135.2 9.64241
140.584 9.00737
140.138 8.26756
136.396 9.19002
135.35 8.68795
138.108 8.81698
137.428 9.24406
136.996 8.61681
139.085 8.6533
137.82 9.11094
138.028 8.57559
142.373 8.08205
139.193 8.4023
136.888 9.09503
136.888 8.06849
138.659 8.30617
140.8 8.65277
135.65 9.71012
137.593 8.78532
135.996 8.90909
136.845 8.97592
137.948 9.20437
135.355 8.71554
136.022 7.63003
135.678 7.50664
136.532 9.14599
135.826 9.4633
137.706 8.57946
136.968 7.5641
136.981 9.70692
137.176 9.59626
135.081 8.93596
137.338 8.78742
137.651 8.15281
138.752 8.58174
141.693 8.67719
136.978 8.76391
135.549 8.25261
140.405 8.62356
137.496 9.07182
137.553 8.13533
137.666 8.55478
136.684 8.63881
138.851 7.95267
138.851 8.94191
138.276 9.10183
137.079 8.28539
137.404 8.28393
138.041 7.95848
136.54 8.54172
138.5 7.84811
139.731 8.02819
142.277 8.58758
143.463 8.55185
137.845 8.64016
137.119 8.00446
136.656 8.23869
140.305 8.48199
135.617 8.36554
138.245 8.38379
137.128 8.85926
136.961 8.63505
135.756 8.94272
138.493 8.7815
138.794 8.78396
139.007 8.96173
138.229 8.72355
142.143 6.92969
142.257 7.84103
140.47 8.46599
140.265 7.68135
143.605 7.98983
143.43 8.09136
146.114 8.2178
144.381 8.1278
140.761 8.14137
141.565 9.13764
140.29 8.49922
140.873 8.46835
142.738 8.51694
142.37 8.36776
141.821 8.78054
141.736 9.14672
141.069 8.72665
146.202 8.86681
142.065 8.98112
141.534 7.91294
142.627 7.75312
144.045 7.6863
143.597 9.71216
143.381 8.03767
142.533 9.30142
139.997 7.72164
139.923 8.75141
139.749 8.61077
139.668 8.20819
142.441 8.31197
143.976 8.78901
138.662 8.7057
138.978 9.97051
139.259 8.9883
141.183 8.30673
141.093 7.70835
141.896 9.35559
142.283 8.36814
140.708 8.05226
141.671 8.1235
142.511 8.44182
140 9.6244
139.798 8.223
141.587 7.97267
144.632 8.32308
141.056 8.65205
138.927 7.58961
142.287 8.88076
142.093 8.43656
141.74 8.19148
139.607 8.07862
139.086 9.06618
138.505 8.56414
137.389 7.99461
140.699 8.32679
142.023 8.66232
141.865 8.66291
140.034 8.37781
140.79 8.74097
140.174 8.86063
139.587 8.32548
141.495 9.48098
139.242 8.84818
137.952 8.68221
137.477 9.23836
139.833 8.6428
137.923 8.35426
137.25 9.20698
137.534 8.83258
137.371 8.97173
137.289 9.38949
138.587 8.82948
138.689 8.65463
139.382 8.54294
140.989 8.89579
141.544 9.21838
139.458 8.71453
141.86 8.6264
142.362 8.27574
140.077 8.54451
143.329 8.47604
141.537 8.53655
142.665 9.24581
141.476 7.17552
141.396 8.97603
141.086 9.36584
142.232 9.19481
140.938 8.96218
142.092 8.41428
141.979 9.33788
141.244 7.79773
143.328 9.16023
139.692 9.19946
142.192 8.87836
140.383 8.54205
140.2 9.01352
141.022 7.64831
140.236 8.28803
137.958 9.01039
137.836 8.27791
138.662 8.21602
138.085 8.51672
138.773 8.84289
136.645 9.21196
138.675 8.64139
137.868 8.35957
137.229 9.24473
138.562 8.16848
138.847 8.84658
138.884 8.08935
138.068 8.88043
142.632 7.80935
140.46 8.90325
135.338 9.40349
139.715 8.13756
139.187 7.74673
137.734 7.39136
139.446 8.40795
138.498 8.92886
137.122 9.18895
138.752 9.21235
139.26 9.53797
138.357 7.85356
139.738 8.61914
138.379 9.54032
138.979 8.50208
141.026 7.19898
139.211 7.85297
137.723 8.01655
137.792 7.84929
137.24 9.55942
139.08 8.42619
137.834 9.08942
137.747 9.02369
141.457 9.5913
140.664 7.72732
138.944 8.10906
138.451 7.45275
141.095 8.51215
139.717 8.42329
137.989 7.88454
139.595 8.05013
140.24 9.04008
138.281 7.90887
139.436 8.97625
138.843 8.75859
137.1 10.192
136.961 8.31813
136.914 8.83059
141.576 8.9643
138.8 9.46319
138.455 7.84197
138.389 9.54225
136.951 8.21821
136.352 7.58087
138.333 8.09027
141.876 8.26481
140.852 8.3186
142.182 8.06385
138.722 8.43849
139.89 8.61525
139.613 9.78808
139.897 8.6157
144.115 8.03722
139.849 7.93843
138.892 8.00223
137.754 9.42802
138.39 6.88893
136.323 8.7693
138.983 8.78781
137.587 8.28766
138.167 8.00136
137.084 8.41981
137.16 10.2766
136.015 8.32634
135.278 9.23521
139.05 10.5272
138.528 8.95437
138.539 8.80754
138.242 8.78281
137.927 8.69478
139.62 8.67499
139.791 8.60876
137.96 8.81121
137.071 8.1225
135.516 7.43192
138.898 8.16759
137.809 8.33377
140.895 7.88459
140.478 8.63556
139.95 8.58988
137.827 8.6903
137.761 8.85477
138.07 8.83363
138.407 9.67343
139.63 8.28553
138.77 8.00467
137.117 9.11927
137.223 8.20691
137.406 9.11147
137.018 8.5615
137.446 8.46722
139.769 8.23027
137.71 8.29736
140.731 8.98569
134.809 9.68989
139.2 8.61924
138.725 8.82885
136.516 9.56421
136.335 8.21453
138.678 8.30144
138.255 7.78812
137.021 8.82525
137.026 8.34793
138.349 9.82106
137.543 8.03701
136.575 7.88994
136.154 7.8043
137.74 7.83778
136.612 8.6488
136.877 7.36206
136.762 8.92233
136.067 8.19193
138.985 7.49097
133.887 8.25459
137.892 8.37806
136.79 8.45673
135.973 8.64752
135.746 8.47938
136.669 8.50678
138.717 8.11069
134.74 8.85405
137.988 8.52086
138.011 7.90279
137.661 8.66895
135.785 9.89428
137.962 8.49736
139.036 7.84469
141.417 8.97057
139.41 8.82977
139.756 8.11871
138.652 9.20096
135.616 9.06696
136.109 8.51933
138.433 8.01378
137.516 9.20512
134.904 9.45203
136.313 8.74464
138.673 8.74849
136.943 8.25922
137.096 8.58738
136.195 9.63692
138.677 7.76025
137.506 9.15722
139.066 9.23227
138.85 9.38987
138.625 8.74035
138.12 8.64505
138.244 8.85538
135.821 9.31831
134.615 9.45573
137.777 8.00627
136.592 8.96234
139.586 9.40569
135.479 8.28187
138.591 7.47211
138.264 8.11281
138.856 9.26625
140.426 9.19952
138.966 8.5409
137.845 8.2688
140.699 8.06471
138.681 7.61878
139.521 9.54616
137.187 7.81557
137.13 8.01375
136.443 8.02732
137.635 10.6602
138.217 8.3463
139.921 8.62922
138.393 8.93516
140.118 8.996
139.193 7.66149
139.056 7.79183
141.365 7.84601
138.737 8.19365
140.362 8.65194
141.756 7.59106
134.774 9.06258
138.421 9.246
137.342 9.48073
136.238 7.87862
140.429 8.79835
138.205 8.3254
135.23 8.06142
135.256 8.65107
136.532 8.80144
136.683 8.61487
136.012 8.52457
136.097 9.26407
137.653 8.87804
138.537 9.49227
140.917 7.87381
139.904 8.6907
140.478 8.01101
136.894 8.3264
137.569 8.87268
135.048 8.69462
137.728 10.1075
135.38 9.15377
137.354 8.40033
136.092 8.99382
138.274 10.2712
136.091 8.90966
138.022 7.40292
138.549 9.44491
139.309 7.73012
138.392 7.69317
139.18 8.72335
139.2 8.69899
137.844 8.89228
137.945 8.45777
137.647 8.43026
138.228 8.25382
136.631 10.1945
137.298 8.99239
139.403 8.0656
139.367 9.47365
139.372 9.05497
134.796 8.21281
139.574 8.87002
139.994 8.29191
137.476 8.12325
138.063 9.50259
138.914 8.44579
139.103 8.86147
137.554 8.19257
136.794 8.06021
136.614 8.54714
138.535 8.18101
139.571 7.9533
140.527 9.18217
140.001 7.88433
139.99 8.87717
140.449 7.88522
141.269 8.05865
139.577 7.93296
138.618 8.15512
138.733 7.66017
138.109 8.94964
136.475 8.97206
138.414 9.05379
137.163 8.26056
139.485 9.09039
138.099 8.06149
135.214 8.07513
137.361 8.6398
138.5 9.1222
133.962 8.14067
133.752 8.05402
136.913 8.25183
136.891 8.70922
138.05 9.09274
136.389 8.02903
139.731 9.08558
138.091 9.51315
137.394 8.90267
133.238 8.53798
139.05 7.1924
140.652 8.56415
138.94 9.48187
135.994 8.58514
137.278 9.052
138.598 8.83
141.203 8.25692
140.728 8.53192
140.715 8.71771
135.735 8.09275
135.466 8.60456
138.222 8.09346
134.442 8.05587
137.709 8.94431
136.093 9.70221
138.694 8.74493
138.919 7.71168
140.339 8.8803
140.518 8.23322
142.928 7.53139
138.181 10.2061
142.436 8.24559
139.896 9.03266
135.877 8.60173
138.111 8.75653
139.508 8.94357
139.408 8.32234
138.294 8.5465
139.843 8.33543
138.605 8.71606
139.843 8.25831
138.214 9.34136
136.371 8.95847
137.106 8.21588
136.654 7.879
139.095 8.40207
138.749 9.1612
140.84 9.1373
138.033 8.2506
142.12 7.96222
136.466 8.2828
139.018 9.35979
139.297 8.28048
138.151 8.39231
138.293 8.89761
140.968 8.35689
139.137 8.34908
140.235 8.57023
141.687 8.82642
141.543 8.14975
138.846 9.58243
137.747 9.25873
137.774 8.58343
140.576 8.34912
137.401 9.33971
137.547 8.8729
139.703 8.35238
139.625 8.80262
136.179 7.80185
136.048 8.16936
135.14 8.64754
138.304 9.5601
138.286 8.1644
136.306 8.05789
136.075 8.36208
140.372 8.01105
140.294 7.2479
141.302 8.39411
139.703 8.71315
139.837 7.48719
140.251 9.5893
139.783 8.30393
142.283 7.93035
139.063 8.66103
140.391 9.60362
141.123 8.16348
142.402 8.75271
140.646 8.76545
140.399 9.02442
138.995 8.92272
139.218 8.83085
136.211 8.51181
136.257 8.06072
139.281 8.87712
138.769 9.5201
139.848 8.85304
137.774 8.98488
138.065 8.54213
138.674 9.04496
139.283 7.73823
137.071 8.25142
138.861 7.7112
137.079 9.46097
138.301 9.81838
138.905 8.27179
140.65 8.19276
136.768 8.64382
136.52 9.64221
136.804 9.40889
139.017 9.13919
137.97 9.03828
137.752 8.72393
137.535 7.98459
136.392 9.03639
136.824 8.89092
138.068 8.05673
139.263 8.38926
134.589 8.0181
136.032 8.31923
137.954 9.45896
137.908 9.00926
139.466 8.7132
138.455 9.1361
136.433 9.36038
136.336 9.0266
136.546 10.1482
135.743 8.11403
138.739 8.94382
136.446 8.11253
137.941 8.41002
139.051 9.01052
134.94 8.6198
136.034 8.85388
137.244 8.50843
137.741 8.62446
138.505 8.2222
136.409 9.072
137.812 9.30794
134.087 9.59283
142.296 9.989
139.145 8.5765
140.292 7.90683
138.192 7.97835
143.198 8.12505
139.596 7.90452
141.227 8.08814
141.782 8.65521
142.884 8.12921
139.523 8.34319
138.251 7.77581
139.191 7.32735
138.386 8.27942
143.981 8.27191
136.573 8.7168
137.021 8.98963
135.419 9.62889
136.166 9.71426
136.191 8.63891
136.961 10.1533
138.347 8.43982
140.049 7.73467
140.126 7.9619
140.998 8.78546
139.379 9.20994
135.309 8.88252
136.177 8.25158
137.308 8.79816
138.376 8.59623
137.042 8.54985
138.516 8.66327
136.724 9.46919
134.974 7.9753
137.163 7.68035
137.771 7.97188
139.691 7.42271
138.839 7.2607
141.45 8.82168
141.846 9.00284
141.063 9.26446
143.054 8.46087
139.635 8.95506
142.008 8.86367
143.1 7.96103
139.197 8.55754
138.661 8.66812
137.264 8.30398
137.379 8.52079
136.525 8.81442
136.493 8.91685
135.879 8.38958
139.359 8.73189
136.513 8.2525
136.923 9.65748
139.56 8.26221
141.323 8.09276
139.97 8.15841
138.179 9.21394
137.678 7.40403
139.671 8.33662
138.617 8.12944
138.989 7.8691
141.498 8.00806
141.161 8.48624
141.397 8.49459
141.191 7.8294
139.459 8.52047
138.209 8.50856
139.1 9.15009
139.559 8.9947
139.543 8.24588
137.942 7.98251
135.89 8.14347
137.707 8.1435
137.03 8.68079
140.52 8.23246
139.127 8.94097
138.727 8.93553
138.737 8.76549
139.731 10.0523
139.843 9.06404
138.58 8.57745
138.487 8.26585
140.181 8.25478
138.805 8.26551
139.022 8.62485
140.4 9.05067
139.245 8.82588
140.715 8.11728
137.665 8.21243
138.066 8.04998
140.165 8.40865
138.84 10.0516
138.513 8.03391
138.484 9.04841
140.441 8.95807
138.978 7.80485
140.044 8.24322
142.874 8.20505
144.209 8.19994
142.664 8.3006
139.715 8.57558
140.371 8.7801
140.346 8.27785
139.31 8.63209
138.61 7.69471
139.587 8.46783
138.55 7.55991
138.814 8.32383
137.869 8.40892
135.49 9.69208
135.24 8.558
136.54 8.49382
136.066 9.09201
135.123 8.10351
134.455 9.16595
137.439 8.51805
137.015 8.21358
141.972 8.1673
141.765 9.07553
139.946 9.29263
143.674 8.7332
142.475 9.17782
141.076 8.62274
141.531 7.93188
141.011 9.18617
140.884 8.91908
139.677 8.92479
140.901 7.82072
142.555 8.04252
141.551 9.25727
141.795 9.20692
142.038 8.14573
143.488 9.00572
142.98 9.17904
144.212 9.05542
143.983 10.1313
143.202 9.15222
142.794 8.2756
141.273 7.62837
139.887 6.86839
139.617 8.28229
138.167 7.11679
141.467 7.52706
140.536 7.51308
140.75 8.94223
136.993 9.2592
138.55 8.74808
140.605 8.70353
139.412 8.69127
138.121 8.52652
137.406 8.81596
138.66 9.53837
138.701 8.90449
138.399 9.12433
136.857 9.25514
136.084 8.77595
137.458 9.08995
137.145 8.884
137.37 8.76449
136.158 8.6809
138.24 8.2968
139.914 9.77395
140.515 9.10816
140.712 8.78181
143.464 8.34366
137.244 7.26571
138.945 8.37524
136.341 8.90169
139.444 8.43981
140.769 8.42008
137.804 8.27309
137.488 8.85258
137.567 8.90143
136.548 8.78833
141.438 8.18997
138.627 8.23774
137.198 8.28352
134.115 8.47907
139.571 8.2601
137.845 9.24158
138.203 9.45353
137.642 9.01231
135.567 7.98389
139.575 8.07001
139.701 8.46599
141.545 9.19341
139.097 8.32736
139.162 8.397
135.503 7.64149
139.385 7.62338
139.693 8.01351
143.237 7.97098
137.904 8.25102
140.361 8.22109
136.625 8.22207
141.343 9.23679
143.383 8.08824
139.585 8.369
133.886 8.84619
133.099 7.51375
136.064 9.02041
138.013 9.20699
135.701 8.10928
135.718 8.47347
136.333 8.97953
135.475 7.52257
140.177 8.70765
140.097 9.09039
139.106 8.46351
138.774 8.21635
137.984 8.29035
137.228 8.50891
139.958 8.01731
138.451 8.94039
140.119 8.68401
136.719 7.74551
133.941 7.86532
137.77 7.18072
140.499 7.65353
139.859 8.41918
140.251 8.69716
135.296 9.14968
137.488 7.39595
135.452 7.48427
135.003 8.33825
142.153 8.0118
141.736 8.31429
136.139 7.78346
140.634 8.77002
139.97 9.05059
136.63 8.05808
138.491 7.80077
137.418 7.93629
135.839 8.67903
139.281 9.18932
137.687 7.47815
137.706 8.67768
137.24 8.60046
138.052 9.19169
138.742 8.4264
142.699 8.7741
141.939 9.42701
142.039 8.64146
141.236 8.24208
139.431 8.98996
140.4 9.00215
139.561 9.30689
137.372 9.24276
135.732 8.70445
136.197 8.8735
138.499 8.63189
138.555 8.22518
140.345 7.80941
140.543 8.28534
139.854 7.67838
138.68 7.54359
139.974 7.6087
141.302 9.75638
138.451 9.06104
141.294 9.35455
138.747 8.59799
136.755 7.97758
139.025 8.45225
142.535 7.90843
139.513 7.83468
138.6 8.78218
140.619 8.25191
138.604 8.7625
139.972 8.19437
137.292 7.46621
139.662 7.19575
137.96 7.97332
138.44 9.3323
139.921 8.54083
141.159 9.37666
138.802 8.68886
138.567 9.43476
137.711 9.75026
139.232 8.80782
139.432 9.4352
141.014 8.43327
140.476 9.09591
141.641 8.46002
141.214 9.10032
137.484 8.86526
138.994 7.96928
139.381 9.33572
136.957 9.58134
138.936 9.65664
135.759 8.66578
139.894 8.61585
139.909 9.19651
137.539 10.076
136.228 9.13757
138.626 8.09807
138.944 7.60888
137.94 7.38771
141.634 7.49044
137.801 7.4889
140.298 7.3281
140.848 8.23838
137.222 9.53252
138.828 8.35716
138.034 7.88111
138.706 7.60071
137.679 7.68061
138.284 9.52993
137.636 8.50917
139.753 7.94065
136.87 8.38652
138.568 7.92423
136.179 9.01647
140.563 7.94338
134.806 8.11481
138.519 8.7893
138.824 8.35963
135.29 8.32027
137.749 9.34848
136.107 9.27685
137.052 9.85663
138.252 8.1284
136.858 8.88595
137.641 8.16627
138.728 8.48816
139.59 8.32717
139.362 8.33952
140.231 9.837
140.802 9.37053
138.772 9.25039
138.608 8.8159
142.859 8.53466
141.93 7.65481
138.543 8.74618
136.877 8.86396
136.681 9.10193
136.5 8.31902
136.933 9.51748
138.054 8.70053
139.747 7.66543
139.195 9.33357
138.385 8.27738
135.706 7.56124
135.242 8.4003
135.407 8.36549
134.801 9.28231
134.897 7.8805
134.971 8.37394
134.961 8.4584
135.316 8.89784
135.411 7.86708
135.169 8.08996
138.608 8.73864
138.775 7.99034
138.398 8.23841
138.344 8.15005
137.788 8.1899
138.723 9.71418
136.477 9.27432
138.839 8.28752
142.401 8.88692
139.086 8.42973
139.4 8.17503
138.265 8.55567
137.922 8.80511
139.134 8.6011
141.996 8.50848
137.925 8.67939
140.571 8.72182
140.23 8.87731
137.748 7.59102
141.324 9.09444
139.738 9.34891
141.556 8.42768
141.913 8.18365
137.685 8.34007
136.929 8.9629
137.131 9.10035
135.617 10.3707
140.089 7.71692
136.864 8.04555
140.696 7.63507
142.073 7.466
140.81 8.64837
139.944 7.949
141.525 8.22723
139.208 9.6788
138.697 9.16924
138.603 7.52285
136.098 9.67679
135.723 9.60464
138.889 7.87445
139.726 7.67057
139.397 7.74283
138.04 7.97376
139.208 7.68474
138.649 9.84451
138.752 9.64227
137.976 9.62784
137.411 9.71179
137.853 8.37409
138.319 8.16394
136.208 9.15533
138.697 9.13033
137.469 9.21966
139.116 9.50897
139.003 9.00911
140.488 9.47414
138.138 8.3366
139.505 7.76192
136.712 7.41838
137.409 8.61618
134.53 9.01301
135.391 9.30947
139.397 8.79467
137.376 8.91817
137.729 8.89307
138.559 8.86453
136.079 9.017
135.473 8.91417
136.812 8.95331
137.953 7.91335
137.269 7.86121
137.033 9.88049
137.782 8.67054
139.27 7.98326
139.214 9.14791
138.223 7.96316
143.215 8.28569
137.729 7.97542
138.991 7.58425
140.674 8.83814
141.584 8.96357
141.166 8.93948
138.466 8.36192
139.77 8.51713
138.843 8.76375
138.641 8.96225
139.655 8.01443
138.251 9.3695
131.778 9.33043
134.776 9.19434
133.822 8.85219
138.363 8.04517
134.57 8.46388
136.024 8.79051
137.772 8.41028
140.525 7.95557
136.475 7.84661
140.794 8.35743
138.556 8.27849
138.589 8.41588
139.653 8.42899
138.816 9.28545
141.518 8.70118
140.798 8.34
141.009 8.07672
140.533 7.73588
140.533 8.15199
140.516 9.6186
140.284 8.37526
140.05 9.00405
137.268 8.66529
140.765 8.99852
142.178 9.1106
141.919 8.6236
138.925 8.20075
142.096 9.72693
138.235 9.43287
140.09 9.48497
140.133 9.36688
140.822 8.87959
140.174 8.11922
140.304 8.48164
139.296 8.96957
141.81 7.76952
140.812 7.72999
141.297 8.18735
140.288 8.6243
139.158 9.46521
139.273 8.58072
139.002 8.11257
136.166 7.539
138.362 7.56149
141.007 7.66083
141.975 8.06175
139.634 8.35669
137.248 8.70508
136.073 7.77236
137.252 9.37334
133.838 9.70184
139.058 8.49083
134.577 8.72178
136.292 9.00597
137.245 8.79422
137.625 7.43683
139.651 8.59677
139.65 8.5883
139.868 9.06882
139.149 9.35247
137.16 9.35759
138.134 9.43115
140.225 8.43838
139.005 9.95482
138.507 8.31356
139.323 7.98246
139.907 9.54801
137.883 9.68162
138.142 9.22179
140.75 9.20837
140.75 7.4091
141.443 9.14907
143.26 8.89445
138.402 8.29909
143.097 7.35457
142.604 9.65998
138.099 8.97251
137.658 7.80905
138.524 8.52339
140.551 9.0304
137.425 8.47444
138.521 8.17267
135.756 9.32392
136.787 8.61592
140.094 8.30216
141.297 7.88958
139.671 7.64786
138.211 8.32481
142.583 8.12751
139.487 8.41684
139.63 8.32755
139.639 8.44218
137.408 8.71149
140.214 8.0344
139.114 7.7044
135.907 8.12141
135.095 7.83245
135.405 9.27188
137.696 8.92233
135.809 8.61942
135.564 9.3975
133.573 7.70453
138.857 8.91865
136.987 9.54009
135.945 9.04254
137.009 9.11947
138.51 8.16582
140.299 8.55403
136.142 8.19762
135.152 8.10398
136.774 7.93488
139.328 7.65829
138.642 8.62237
139.214 8.88424
137.565 7.44268
138.956 8.34398
137.39 8.55598
138.33 8.60753
141.937 8.6459
140.54 7.8548
138.347 7.81829
139.321 9.19656
138.659 8.6068
140.67 8.49938
136.896 8.59418
135.538 8.18934
136.855 7.77437
138.88 9.12667
137.812 8.89802
137.695 8.45375
136.149 8.36984
136.907 7.91459
136.642 8.56643
139.165 8.09992
143.524 9.53912
141.418 8.91985
140.187 7.70743
139.454 9.38999
141.853 9.27584
143.011 9.72768
142.854 9.62762
141.977 7.68803
143.246 9.10546
143.45 8.69649
143.937 8.72232
143.431 8.45815
145.093 8.78772
144.161 8.56227
139.393 8.14204
139.895 9.16778
141.03 9.34217
139.774 8.45703
140.645 9.18979
139.681 8.62152
143.633 8.33731
142.116 8.51698
140.834 8.11631
141.226 9.28525
139.846 8.81737
138.986 8.78182
136.857 7.96428
136.885 8.53167
140.044 7.62778
139.926 7.53121
135.765 8.17151
141.669 8.46045
137.114 7.76087
136.183 8.01603
137.493 8.84634
137.61 8.06312
139.645 8.48262
139.787 7.8814
140.221 8.28757
140.358 8.12677
140.546 7.80323
144.584 7.79206
141.682 7.81918
140.797 8.90882
138.32 8.9712
138.458 9.15008
137.834 8.784
137.762 7.72196
137.666 9.46804
138.226 7.80093
137.268 7.64305
137.153 7.32684
140.32 8.07806
139.507 8.68959
137.876 8.42614
138.189 8.91533
138.739 8.90847
138.277 8.3646
138.665 8.34301
141.327 7.39547
140.044 8.42879
137.06 9.4656
139.551 8.45779
140.117 7.64897
138.833 8.68276
137.579 9.98364
137.087 9.03638
137.252 8.78375
139.259 9.08116
135.107 9.01509
134.387 9.30035
137.809 8.77285
139.221 8.64027
136.002 8.57497
136.701 8.59868
136.031 9.78304
137.478 9.53934
138.287 9.61326
139.636 9.17254
140.038 8.19779
137.824 7.63336
137.138 8.60009
139.165 7.70252
135.343 8.55472
135.471 9.29898
137.287 7.95488
139.328 8.16772
141.353 8.73678
140.106 8.63446
139.872 8.62487
140.717 8.40384
138.261 7.94036
138.502 8.00173
138.029 8.82029
137.158 8.01845
141.932 8.09711
139.059 8.62836
135.132 8.52279
136.255 9.07164
134.937 9.08918
135.64 7.76655
139.041 8.44986
140.473 9.35129
136.189 7.78771
138.626 8.46851
134.875 10.5538
135.231 7.44911
136.063 8.37127
137.217 9.62952
137.097 9.68374
137.331 10.0439
138.517 8.47135
139.156 8.15699
138.89 9.0048
140.208 9.02352
137.138 8.80908
138.165 8.62276
139.527 8.90923
140.407 9.01634
135.401 9.22202
135.067 8.55569
141.29 8.83997
138.686 8.18539
143.913 8.80783
137.769 8.39524
137.345 8.30076
135.818 8.91333
137.181 7.54662
138.95 7.89047
137.466 9.18782
137.26 9.187
136.503 9.03865
137.725 8.00808
138.483 8.71435
137.28 8.88146
138.876 9.13315
138.33 9.15346
138.118 8.58579
138.067 7.58789
136.035 10.0137
140.484 8.98567
139.408 8.52394
136.397 8.78056
139.492 7.2619
137.215 9.31223
135.898 9.48123
136.662 10.214
137.869 9.24229
138.973 8.75837
141.577 8.44599
140.665 7.6705
138.068 8.40896
138.208 7.6097
137.289 8.01663
137.253 7.9516
137.734 8.55256
138.505 8.63463
141.998 8.52734
140.355 8.38451
140.554 7.35393
137.729 7.59644
139.058 8.42437
135.827 7.67392
134.196 8.70897
136.102 6.73062
137.193 8.03279
131.607 9.07423
133.273 7.96609
137.189 7.93294
138.548 8.50179
135.833 8.52545
136.394 9.22497
137.076 9.30611
137.452 9.31644
137.971 9.24701
135.628 8.87588
134.46 8.17406
133.667 9.3797
132.948 9.0933
134.657 8.04222
140.529 7.66377
141.135 8.58188
139.969 8.38797
132.537 9.91329
135.432 8.90077
137.383 7.74543
136.727 7.92048
137.828 7.86542
138.643 8.92623
138.279 8.11431
140.856 7.94645
140.227 8.72048
139.345 8.03943
135.063 8.40183
135.87 8.84888
138.831 9.92636
140.042 7.52944
141.691 9.41526
137.715 9.12371
138.482 9.0242
138.843 9.26135
138.188 9.42766
140.612 8.9302
135.834 8.11502
138.773 8.46572
134.479 8.23099
137.818 7.72551
136.789 8.77155
140.307 9.08197
139.22 8.57296
140.586 8.5715
140.211 8.89285
140.211 9.1523
133.207 9.15499
132.117 9.13064
133.692 7.33692
134.767 8.42928
133.564 8.57845
133.375 8.05972
135.66 9.27748
137.503 7.79861
138.865 8.94018
137.481 8.26626
137.167 8.19312
137.744 8.73359
138.098 8.46388
135.683 9.98245
135.887 9.75015
136.406 9.08993
135.943 9.47148
141.448 8.76128
141.22 9.23302
140.138 9.70093
138.747 9.99491
138.75 7.55154
139.864 7.94627
139.502 8.33673
141.351 8.7198
139.575 8.57151
138.8 7.86113
138.616 8.21723
140.088 8.8185
136.842 8.67282
136.388 9.85733
135.97 8.67429
139.177 8.29312
140.003 8.28425
138.51 8.44646
138.299 8.83652
137.082 8.76589
137.137 8.34995
138.941 7.0773
138.417 8.70879
137.294 9.12328
138.549 8.72004
136.292 8.25831
136.761 7.85044
136.803 8.94525
139.201 8.17621
136.678 8.98744
135.783 9.14583
137.429 8.76246
137.808 8.34342
138.092 9.06393
137.493 10.2307
141.159 8.2648
138.855 6.87
134.479 8.61388
136.252 8.60741
139.71 8.02881
139.669 8.28322
135.958 8.12482
138.09 7.89391
138.735 9.50421
138.878 9.09894
138.686 9.02969
134.524 9.08472
137.587 9.12562
136.387 8.13874
137.703 9.17451
136.958 8.42675
137.138 8.98177
137.591 8.7424
137.128 8.89421
137.244 9.46758
137.662 9.89478
136.717 8.10377
136.988 8.79345
139.062 8.19094
141.973 7.8215
139.944 9.06587
139.336 8.36323
139.443 9.02875
138.175 8.64973
137.123 9.09975
136.692 7.68611
140.687 8.80152
140.018 9.14192
139.098 8.16678
137.397 9.3465
136.79 8.40521
137.477 8.04923
137.982 8.833
137.186 8.68278
138.254 8.15485
138.46 8.58311
137.043 7.50217
141.054 6.89287
136.868 8.70122
138.921 9.40517
140.48 8.76776
142.771 8.02004
138.575 7.57607
142.788 8.15332
135.474 8.11215
137.944 8.91709
136.827 8.53249
134.133 9.306
135.212 9.22664
139.522 8.42927
137.086 7.88866
137.471 7.44957
139.32 8.15486
135.876 9.78535
136.344 9.39037
137.052 9.21544
135.801 8.70824
131.777 8.78707
132.468 9.81741
134.589 8.9333
133.508 9.47786
136.941 8.52005
137.123 8.2083
135.227 8.10122
136.975 8.5095
137.63 8.36277
137.269 9.38298
139.148 8.68232
139.116 8.94102
138.706 9.29309
138.674 8.11816
137.994 8.85403
136.536 8.77539
136.316 8.88838
137.518 7.77614
138.314 8.36548
139.652 8.96408
140.16 9.41108
138.878 9.32133
139.575 7.67056
136.342 8.47351
138.326 8.16034
137.614 8.38737
137.172 8.8275
136.237 8.53689
143.204 8.54156
140.204 7.76104
140.204 9.00038
139.413 7.80097
139.465 8.35078
139.539 8.60325
139.492 7.65974
139.403 8.28533
139.177 9.35519
138.729 8.53242
139.13 8.40203
139.264 8.03664
137.641 7.26657
136.148 8.90613
137.75 8.10569
140.04 8.05039
140.227 8.42044
138.688 8.49303
143.461 8.27705
140.326 8.30137
140.876 8.41599
138.511 8.07955
138.82 8.61897
138.124 8.71901
139.18 8.02446
139.889 6.70508
138.606 8.4143
139.816 8.61848
139.845 9.10838
140.436 9.80517
139.108 8.56273
139.749 8.71278
140.985 8.45104
140.723 9.00253
136.545 10.6649
137.084 9.14814
139.964 8.02005
140.43 8.26899
140.466 8.47664
140.322 8.86695
140.547 8.86886
141.797 8.79533
144.121 8.76839
141.211 8.42429
142.531 8.26716
144.456 7.60363
142.311 8.51586
141.232 8.58751
140.965 9.30365
139.866 9.06814
141.181 8.69818
138.351 8.45776
140.221 8.46648
139.927 9.40853
136.256 8.60376
140.21 8.11694
138.961 9.80481
139.523 9.17398
138.972 8.64795
139.371 8.58598
142.755 7.62393
139.856 8.31712
136.955 7.73256
139.788 8.36163
136.832 8.14111
136.408 8.71433
141.938 8.5193
140.488 8.67012
136.245 8.50175
138.204 7.77638
135.974 9.71063
138.569 9.01507
140.621 8.28947
141.087 8.54936
139.741 8.39852
136.544 8.34426
139.387 8.68515
138.254 8.29302
136.058 8.76773
139.192 7.94854
137.442 8.94167
136.427 9.29904
140.087 7.58642
141.727 9.21165
142.911 8.27856
141.053 10.1322
142.66 9.2954
144.893 8.8197
138.426 8.87581
137.061 8.98432
136.762 8.65799
137.655 8.39101
139.551 8.2836
138.967 8.75701
137.064 8.38978
133.661 8.42148
136.88 7.84528
136.711 8.90854
138.205 8.30961
138.968 8.12178
136.962 8.16394
139.622 8.11346
135.469 8.97943
135.894 9.06298
135.369 8.21044
132.316 9.16783
135.174 8.04286
138.143 8.79324
140.943 8.76027
137.54 8.76983
139.072 8.77036
140.058 8.47405
142.365 8.47092
138.702 7.78704
140.761 8.86163
140.125 7.95993
140.17 9.03307
139.658 8.84153
139.326 8.74946
137.693 7.75451
142.191 7.61553
140.018 8.74383
137.345 8.56237
138.899 8.59137
140.338 8.3355
138.509 9.5747
139.141 8.66909
139.668 8.34843
140.639 9.13595
140.452 8.51923
139.838 8.63655
141.274 8.44547
137.574 8.67748
136.336 8.74124
139.566 7.24807
137.159 8.42872
137.849 8.65464
138.579 9.30473
137.947 9.06164
138.372 7.34811
141.304 10.1764
139.067 8.73097
144.904 8.78335
138.67 7.75084
138.642 8.48548
137.919 8.78085
137.656 8.78268
136.266 8.97993
140.677 8.94833
143.068 7.97581
135.853 8.92741
140.391 8.76269
140.203 9.11159
137.33 9.15992
133.621 9.13406
134.335 9.1493
136.729 8.53688
139.566 8.29168
137.749 9.12488
141.001 8.79398
142.418 8.94271
139.809 7.96166
137.47 8.86207
137.589 8.44194
138.027 8.46847
139.062 8.2853
140.048 8.66097
137.159 8.6845
139.946 8.5764
138.785 7.92008
142.374 7.76095
139.946 9.25692
133.297 9.13855
137.275 8.0984
138.542 8.11398
135.904 8.86884
137.053 8.54285
137.884 9.01663
139.458 7.75678
140.508 7.54988
137.569 9.54309
133.824 9.13897
135.873 8.29379
138.746 8.58272
139.843 8.11499
137.216 9.60189
138.276 7.99823
139.446 8.31002
138.077 8.37942
136.467 8.35921
136.549 8.93798
140.361 7.92439
138.802 7.81306
138.667 8.10448
138.021 7.76274
140.377 8.78603
138.994 7.27384
138.443 8.09656
138.358 8.79773
138.144 8.96492
138.659 9.08576
138.657 8.49572
138.661 7.98511
138.702 7.58106
137.946 9.31131
136.659 8.23502
140.514 7.97541
138.086 8.89625
137.671 8.74818
139.071 7.97511
137.674 7.69291
135.305 8.1541
136.048 7.90304
136.414 8.67148
140.256 8.68069
141.207 7.99042
136.346 8.84389
136.652 9.81665
135.439 9.84255
135.174 8.72762
138.259 8.5869
140.746 7.88707
139.051 8.02164
137.302 8.80578
140.396 9.30076
139.973 8.2629
137.066 7.69058
139.691 8.41799
138.554 7.84544
139.448 7.87283
139.113 9.08266
136.335 7.83398
135.963 10.1287
136.482 9.40573
138.708 8.58105
137.443 7.84863
141.243 8.8436
137.714 8.09747
137.355 8.52501
139.567 8.34536
141.222 7.97139
140.456 8.82653
142.351 9.10933
140.623 8.55945
142.53 8.66414
139.95 9.29746
138.646 9.27185
143.762 9.00732
137.26 9.30322
140.235 8.81124
139.603 8.15067
139.865 8.74015
140.049 7.56342
137.76 8.65397
138.347 9.35028
138.961 8.87809
138.711 8.74357
142.721 8.26442
139.078 8.28842
137.416 7.55401
140.385 7.87724
138.162 9.18275
135.267 8.74164
135.267 8.53037
134.697 9.67195
139.268 7.89108
139.452 8.21921
139.644 8.19385
138.281 9.10494
137.53 9.10907
138.16 8.78166
138.694 8.97815
136.982 9.16972
138.762 9.25241
139.452 7.39325
139.809 9.21641
141.16 7.93837
137.343 8.34677
139.592 9.27033
142.354 8.89674
137.851 8.31675
139.284 7.58786
140.021 8.91918
137.26 9.67472
139.619 9.67472
145.478 9.03957
143.16 7.50154
140.634 7.88042
140.379 8.99511
142.491 8.30325
143.255 8.66373
138.999 8.19176
139.456 9.66783
138.892 8.73838
143.29 8.49557
142.257 7.04161
143.669 8.30919
139.982 9.73697
142.978 8.38894
143.398 8.10632
143.157 8.29925
141.82 8.28185
139.505 8.40882
140.556 8.56296
142.324 8.61818
141.853 9.04161
140.922 7.84331
140.786 8.24538
143.976 8.35654
143.574 8.43767
140.731 9.94554
143.089 9.00644
140.141 8.88769
139.324 8.72734
139.344 9.04096
139.613 8.52116
141.039 8.28551
138.254 8.32502
141.532 7.75667
142.2 8.27709
142.956 8.86095
142.407 8.73152
143.529 8.18978
144.843 8.40093
143.777 8.76277
142.49 9.72039
142.32 7.99254
140.426 8.10184
142.815 8.06639
141.734 8.39679
144.937 8.66357
144.411 9.3886
142.406 8.64577
139.458 8.42305
141.332 8.24749
142.574 8.06655
140.167 9.27217
138.129 7.72482
140.844 7.10045
142.066 7.87202
141.005 8.16903
140.976 8.42558
140.985 8.31939
139.813 7.87435
139.629 7.25941
139.685 7.6943
139.444 9.14507
139.489 8.97276
140.916 9.88318
141.005 9.02298
143.69 8.72581
145.213 7.19757
142.342 8.01585
141.447 8.39726
141.874 8.23399
139.366 8.96644
139.808 9.0069
142.283 9.11864
143.178 8.30011
140.048 8.98471
141.649 7.74282
142.028 6.51314
142.169 9.40282
141.656 8.48354
141.588 8.73496
140.293 9.34268
138.699 9.13613
138.928 8.88232
139.087 8.93837
139.31 8.60792
140.297 8.74804
140.234 8.52715
140.734 9.27698
143.774 8.79999
144.292 8.01603
141.555 8.11767
142.862 7.43828
140.189 9.24704
140.492 9.4861
138.266 8.16519
140.164 8.63237
137.393 8.99996
139.585 8.22601
141.733 8.2892
139.745 9.29909
139.036 8.30065
139.027 9.6153
138.739 8.76418
137.894 8.58124
136.368 8.33149
136.36 8.45898
138.459 7.70669
138.065 8.34334
137.686 8.97907
134.722 9.35853
136.577 8.44573
142.498 7.91164
141.594 8.34987
143.495 8.09717
140.453 7.82828
142.061 9.13365
144.059 7.81777
141.437 9.21848
142.486 8.47216
140.877 8.51011
140.919 9.06773
140.69 8.38822
139.474 8.54239
139.702 8.982
137.892 9.31278
136.769 9.48639
138.813 9.11517
139.986 8.35047
139.292 9.58161
139.938 8.19734
138.504 8.67441
135.949 8.45729
138.092 8.36137
141.569 8.65458
137.412 10.0239
138.208 8.23183
138.915 8.53107
142.162 7.66036
137.442 8.70566
138.595 8.96011
137.249 9.20399
137.846 9.41247
140.87 8.30655
136.35 8.12785
135.877 8.6277
136.787 8.70291
135.902 8.89869
136.994 8.89757
138.329 7.46729
139.797 7.73105
139.866 8.46958
138.422 8.32294
135.899 8.259
136.602 8.66823
137.123 8.38362
137.445 7.63071
136.609 9.01125
141.793 7.79212
137.631 8.41294
137.766 9.63629
136.628 9.19656
135.413 9.98198
138.051 7.78062
135.92 9.24029
137.781 8.78726
136.819 9.58001
139.489 8.50491
139.587 8.42807
139.219 8.38325
138.238 8.57461
134.605 8.86588
133.364 9.28797
136.889 8.44612
136.427 8.64184
137.899 9.32455
137.085 7.18394
136.953 8.69019
135.173 8.16954
138.306 8.11627
138.137 9.321
138.351 7.8677
139.977 8.03942
133.258 9.53135
135.088 8.81012
140.697 8.63334
140.168 8.63278
138.299 8.20896
138.396 8.02484
137.827 8.41824
137.877 9.11724
137.966 8.73905
138.767 9.36191
136.35 7.74892
138.025 9.35979
138.817 8.87521
140.084 8.40421
136.77 8.57728
136.672 8.51061
136.958 8.89296
138.562 8.43976
138.506 9.03447
136.513 9.38398
139.865 9.4456
138.433 8.14109
140.498 8.14414
137.852 7.99161
143.782 8.6681
143.868 7.92808
141.519 7.87653
140.293 8.12274
140.254 9.2056
139.911 8.52528
136.474 8.39255
142.547 7.51945
134.069 9.05021
137.357 8.53464
140.39 8.53045
140.323 6.85006
138.883 8.41335
137.526 7.4016
136.831 7.95759
137.668 8.86408
139.013 8.99169
137.019 8.93506
138.207 8.93177
133.533 8.75555
136.086 8.76481
136.731 7.01213
137.194 7.92733
138.047 8.5362
137.135 8.97387
139.181 8.5274
140.006 9.24817
137.018 9.44574
138.294 8.50004
135.883 9.20547
136.095 9.52053
138.712 8.93548
135.897 8.47896
137.257 9.53837
