98.3348 14.3224
100.593 14.488
99.7884 14.744
99.595 13.9512
91.3247 14.5464
87.7563 15.1128
86.9205 15.4361
85.0252 14.2592
93.2625 15.5531
90.3658 14.8432
82.779 14.8999
82.779 15.5159
88.6865 14.1173
79.6725 13.4754
93.6399 15.8355
92.3442 15.4715
99.2039 14.5712
101.258 14.9707
111.583 15.8819
96.6564 15.3998
93.8269 15.2906
86.6201 14.7355
81.9724 14.914
86.7797 14.8272
84.4785 15.0483
83.7344 15.0801
79.9551 14.9667
79.9551 15.1981
76.6439 15.2318
76.1043 16.0656
77.9734 16.0006
77.9734 15.3103
87.2331 14.8312
95.6359 15.1212
101.984 14.8953
104.131 14.9505
101.143 14.4382
101.381 14.5831
97.6547 14.8284
96.5155 14.1079
93.2981 15.3536
96.8041 14.8867
108.486 13.9686
108.698 14.9945
107.315 14.7313
99.4586 14.6181
97.1523 14.9029
95.5165 14.8734
99.5208 14.9044
101.5 14.0886
100.812 15.2842
99.4111 15.4617
110.344 15.6012
115.551 14.4833
120.772 14.6157
107.817 14.1305
104.292 15.4157
105.61 15.9071
108.763 15.8503
106.747 15.3675
102.349 14.976
99.7544 15.0162
102.805 14.7903
102.455 14.4879
99.6215 15.1672
97.3713 14.6045
99.1652 14.366
95.7038 14.4598
90.611 15.1272
92.4602 13.8876
96.476 14.4851
99.9497 16.0693
100.572 15.0545
104.676 14.9456
117.482 14.6437
115.383 14.93
116.419 14.7124
114.635 15.0121
118.867 15.4763
114.456 15.1136
109.282 14.9947
109.515 15.0211
112.419 14.8243
107.659 14.3395
103.654 15.5367
106.102 14.8563
102.588 14.3035
102.969 14.8031
109.049 14.8173
97.9503 14.9834
99.3445 15.1056
104.984 14.6275
99.8409 15.9671
106.004 14.9416
103.549 15.4279
104.654 15.4074
100.816 15.071
108.293 15.0375
107.298 15.0748
109.139 15.0795
109.139 15.232
109.139 14.4818
106.41 14.8386
97.269 15.7515
85.4959 14.0049
87.4348 14.7162
87.4348 15.5388
82.5166 14.2094
82.3297 14.3028
84.0259 14.4216
85.0302 14.9746
84.7445 15.412
87.6924 14.4019
82.9978 14.672
91.7038 15.7905
105.756 15.485
109.859 15.089
99.8912 15.2925
104.273 15.3364
102.478 15.6983
104.713 15.9155
104.104 14.805
98.9185 15.1589
112.066 14.9368
101.064 14.9674
98.3565 15.8059
93.0123 14.8689
90.9035 15.1672
89.9309 15.2907
88.2857 15.0319
88.9924 15.365
85.8707 15.3484
95.6107 15.3473
97.542 15.1173
96.0826 14.6997
94.8555 14.9088
106.13 14.8703
107.268 14.9069
103.848 14.9861
102.845 15.3357
94.1108 15.4901
94.8841 15.4178
88.7042 14.1095
83.5473 14.2294
92.9241 15.1647
87.4637 14.8134
87.8424 14.4622
78.0896 14.4069
80.8941 14.519
81.2881 14.6073
83.7296 14.0308
86.3671 15.1161
89.6079 15.0298
92.6362 14.8407
92.9441 15.1828
90.2697 15.0817
93.3391 14.3621
86.2746 15.4827
86.4874 15.3079
93.1925 15.2067
91.5604 14.882
85.6197 14.4626
84.9488 14.8024
85.4337 14.002
83.1947 14.7589
85.1786 15.0212
90.902 15.0003
89.7273 14.2289
87.5177 15.0146
90.8444 14.7778
82.5821 16.0339
81.7185 15.1444
88.738 15.6879
89.3884 16.2482
95.7824 14.4349
94.3468 14.5869
92.4194 14.7701
93.2032 14.1683
94.3633 14.2085
93.957 14.4342
85.0664 14.4286
93.9406 15.4553
97.5791 15.9175
98.3096 14.2418
118.934 15.8989
112.712 14.5859
109.769 14.467
110.545 14.2779
106.17 15.2857
109.02 15.0962
110.983 14.8002
104.37 15.4878
105.179 14.1263
103.648 14.8037
104.844 15.2532
108.168 15.3137
104.288 15.214
96.8642 15.7676
106.302 15.191
114.635 14.9495
111.534 15.6701
111.137 14.3811
115.18 15.6654
115.18 14.6511
116.121 14.8082
108.465 14.4134
121.39 15.1484
128.786 15.039
142.052 15.2417
136.698 15.2399
131.716 14.2075
134.651 14.3562
138.263 15.0045
122.532 15.0603
120.37 14.931
122.659 15.7938
118.586 15.2389
125.365 15.4199
124.377 15.6191
122.155 14.0956
120.562 14.2939
102.599 15.0345
102.232 14.86
98.6933 15.1043
91.0581 15.1848
94.8559 14.8885
91.0921 14.3114
90.6897 14.6337
100.053 14.3149
90.0053 14.4742
92.496 16.1543
89.6548 15.3086
85.371 14.5301
84.2937 14.7552
87.0187 15.3089
92.8339 15.5032
78.422 14.9607
82.7998 15.2638
79.2612 14.832
79.0861 14.9123
64.6003 15.4342
71.3652 14.5398
70.4154 14.3879
71.2219 14.602
75.283 14.6263
75.3859 14.594
78.0588 14.7153
79.831 14.5325
80.7856 14.7645
89.0731 15.2396
90.9829 15.134
94.2259 15.133
94.4396 14.4894
91.9126 14.9262
87.9456 14.9617
88.2314 15.6648
86.6731 15.7751
80.6192 15.4124
80.6192 15.3887
80.6192 15.2895
70.3876 15.2033
64.0219 15.2435
64.0219 15.9647
64.0219 14.5348
69.8181 14.4226
69.8181 15.7158
68.1209 15.4895
71.448 14.3057
71.448 15.4902
66.2704 15.2397
66.2704 14.5927
66.8389 15.1748
63.9271 15.2861
59.0855 15.0856
61.7324 15.346
80.6706 14.1597
92.1488 16.4176
89.3537 14.3705
87.7351 14.2559
79.317 15.1044
76.0225 15.2538
77.371 15.1071
74.5703 15.0493
72.8075 15.247
68.6328 15.627
80.5371 14.4913
75.8434 14.4142
76.7162 14.8514
73.2359 14.4489
78.7542 15.3605
84.6288 15.5252
88.1757 14.8459
81.6719 14.856
85.3029 14.3487
74.6306 14.1924
76.0646 14.7177
72.6329 15.4619
82.4537 14.9428
83.6784 14.5513
83.6173 14.3256
88.295 15.0373
87.1235 15.02
78.7082 14.8805
81.6406 15.2917
81.6406 14.648
73.4758 14.7612
78.0092 14.9441
81.2485 15.0695
82.7284 15.0032
91.5275 15.3724
102.245 14.7227
113.441 14.4094
105.111 15.0436
94.1543 15.4871
99.3004 15.797
119.832 15.3684
126.274 15.9996
120.049 15.5327
110.834 14.9503
104.735 16.0644
95.5042 14.4675
96.0175 13.7069
90.137 15.6945
92.7849 14.5616
92.6021 14.5282
89.849 14.1469
94.2047 15.9745
94.8155 15.1358
88.9164 15.7656
87.6579 15.6156
85.0462 15.44
83.5572 14.9971
81.039 15.7676
81.039 15.6831
93.6461 15.6401
89.7153 14.9498
79.6399 14.7719
80.9106 14.9321
80.9106 15.5108
78.8027 15.2916
75.3236 15.165
80.1534 15.3725
80.1534 14.9566
80.4576 14.7773
90.5907 14.1186
84.6785 14.5067
84.6785 15.1883
86.005 14.529
88.1207 14.612
94.2769 14.6791
84.0052 14.4583
89.8669 14.7387
87.1038 14.2036
91.2479 13.7589
97.6324 14.7107
98.2521 15.0004
101.005 15.0482
92.2045 14.7054
88.3923 14.3141
86.1665 14.7961
98.284 15.1496
104.083 14.8102
104.1 15.592
103.779 14.4707
102.215 14.6902
96.6349 14.6836
95.1118 14.8514
105.003 14.9838
107.199 14.0563
103.101 14.5424
100.87 14.4784
94.5359 14.6483
90.4509 14.408
89.6039 15.5625
90.573 14.9128
87.6089 15.3837
85.3271 15.5124
82.5669 15.5275
80.9816 15.1568
78.6164 15.1097
74.6015 13.9192
70.2957 14.4478
67.6556 13.9976
66.9236 15.557
67.3466 14.3689
72.2211 14.5968
69.3241 15.3436
67.4351 15.3447
67.8208 15.618
67.8208 15.972
74.0358 15.7729
71.1118 15.3211
79.2287 14.5433
75.2488 15.0297
75.6304 14.8458
76.2023 14.6608
78.1732 15.5785
75.7877 15.5009
74.2078 14.0384
77.4118 15.3841
77.9839 15.5552
89.5318 15.4188
92.2312 15.1365
91.3905 15.8474
95.4258 14.8247
95.8057 14.3069
90.3463 14.5458
97.2926 14.3832
94.1884 14.755
98.0262 15.1556
102.243 14.877
101.023 14.9912
99.5792 15.3238
111.235 15.3484
110.913 15.2367
106.492 14.7652
98.3826 15.1337
83.9088 14.592
83.9088 14.7155
89.4069 15.0596
97.5119 14.7687
102.258 14.6479
95.7199 15.4809
94.5611 15.3711
91.6793 15.1788
87.5629 15.1605
86.5433 15.2226
88.9622 14.6766
96.2816 14.8528
97.7021 14.4066
95.4639 15.4562
95.9387 15.5366
98.9097 15.5925
97.1925 15.7129
95.0548 14.9839
88.6022 14.7698
93.565 14.8016
89.7315 14.2129
101.027 14.844
101.909 15.1657
101.25 14.2156
97.3992 14.8067
102.173 14.612
100.966 14.7708
99.0906 14.8566
93.7284 14.7156
97.6172 14.6629
98.5032 15.3232
97.6892 15.5739
100.834 15.6077
95.2549 15.1864
98.8314 15.1407
96.0725 15.1098
98.1339 15.4893
90.416 14.7866
94.5547 14.9283
94.2878 15.1686
104.815 14.8447
109.018 15.0828
111.926 15.0036
109.148 15.4111
111.109 15.6533
109.12 15.3538
106.935 15.7219
104.047 15.1822
98.6711 15.6256
95.2592 14.0975
102.149 14.9405
103.288 14.7031
105.661 15.239
96.9117 14.992
89.082 15.6097
92.6781 14.4926
93.5591 15.5906
92.279 15.2946
82.6794 15.205
86.1395 15.172
82.2724 14.3019
78.3944 15.1653
82.2333 14.6129
76.9883 14.4025
75.2875 14.7377
76.5329 14.3077
79.0104 15.0748
77.0047 14.8164
76.7189 14.5456
71.2487 14.9509
77.6836 14.5538
76.8477 15.0679
74.3769 15.0962
79.7924 15.1826
76.0729 15.1726
77.717 15.506
77.7095 14.4494
85.1358 14.9656
82.1651 14.4211
86.2758 14.2282
96.0391 15.0203
94.4039 14.5001
97.9416 14.765
98.9097 15.4306
94.1121 15.2479
88.1697 14.0599
93.2921 13.9864
87.3965 14.7529
77.0952 15.8179
77.0882 15.638
83.706 15.0056
83.571 15.5221
91.1796 15.5539
90.7353 15.5088
90.7353 14.9467
87.5327 15.2026
92.0053 14.8249
88.5631 14.4951
91.0536 14.0393
90.9687 14.7318
93.0843 13.8243
95.8619 15.614
95.8619 14.6795
98.9311 14.9102
92.7169 14.8499
91.6669 15.2845
92.9321 15.6602
85.0298 14.81
78.2024 14.9124
85.799 15.74
87.8161 15.2706
94.4728 14.9412
90.8343 15.4915
89.8444 14.8403
94.2418 14.6795
95.0952 15.5154
95.287 15.0262
99.242 16.2326
101.379 15.9133
97.0749 13.4962
99.458 14.8468
95.8299 14.5702
98.4216 14.5684
98.4216 14.4561
102.069 15.1775
91.1035 14.3269
91.8187 15.1777
97.7672 14.987
89.9737 14.7065
92.4565 15.2064
85.056 14.5378
91.4709 16.1591
93.2226 15.257
91.1526 15.389
92.5459 14.4862
94.595 15.1972
93.708 15.6927
94.4304 14.7995
93.0588 15.0666
96.8183 15.2116
94.844 15.281
83.1968 15.1288
81.2251 14.9938
80.6463 15.0655
80.6463 15.156
76.9471 14.6239
82.4172 15.2478
85.6351 15.2407
97.1956 15.1094
97.1154 15.0987
91.8461 14.5114
93.9385 14.7265
88.959 15.0951
86.8724 14.9494
93.6109 15.3725
88.306 15.3417
85.0285 15.1435
79.3426 15.1971
85.5095 14.4469
83.9643 15.2252
86.3746 15.1602
84.3532 15.7413
81.4714 14.807
98.1536 15.2155
95.7621 15.2271
95.6622 15.2207
98.5429 15.219
91.5965 14.9867
97.9299 15.095
98.0182 14.3728
103.727 15.1765
97.9642 15.8887
94.1883 14.4333
89.4295 15.3803
73.9031 15.2368
78.8051 14.9127
85.4511 15.2864
82.6047 15.129
78.4724 14.598
88.5019 15.7798
89.1838 15.7271
90.9444 15.997
86.2537 16.1821
88.7627 14.5547
85.4258 15.42
86.26 16.0601
88.1428 15.1647
83.2892 15.1681
81.0605 14.8863
79.7818 14.8066
75.6471 15.4047
79.2046 15.0916
80.5122 14.1887
84.1149 14.7053
81 15.3411
91.0075 15.3956
87.5219 15.2327
89.4187 14.8325
88.6503 14.945
89.603 15.5751
89.603 14.858
110.812 14.3819
114.534 15.0941
96.6958 15.0992
96.6958 15.1918
96.6958 15.4278
96.6958 14.857
96.6958 14.7083
93.6268 15.375
88.835 15.4125
90.4173 15.0347
90.4173 15.0735
91.059 15.3056
92.6426 14.4227
91.6418 15.9533
89.8596 15.2077
93.7082 14.4839
102.45 15.2242
89.9358 14.7673
86.2051 15.0864
86.2051 15.1641
80.4325 14.9382
86.5091 14.6813
85.3325 15.3037
83.3444 14.5348
74.576 15.7048
76.5571 14.5071
76.1569 14.5141
82.0455 14.5885
81.6654 15.1313
74.6825 15.0949
74.6825 16.5807
74.6825 15.3604
75.5987 15.3157
78.1775 15.01
69.6127 14.476
69.7281 14.7342
80.229 14.8668
83.6581 15.3546
81.3364 15.5422
81.227 15.016
86.8859 15.136
94.1018 15.8951
90.8873 15.5104
88.6622 15.0775
86.9928 15.146
88.7012 15.1463
85.7256 14.8659
90.5155 15.3079
93.2549 14.1066
86.7807 15.6116
101.224 15.3932
97.7534 14.2815
93.3587 15.5768
99.6773 14.7928
99.1032 14.5479
102.873 14.9771
114.985 14.5575
114.922 14.7039
115.331 15.2068
104.06 15.3414
97.787 14.521
85.2129 14.5105
102.192 14.9847
89.9124 15.2772
91.7115 14.8942
99.4938 15.9779
92.7852 14.508
93.0166 14.9887
90.2255 15.2398
98.077 15.2791
92.5947 15.6547
91.1802 15.3907
99.7193 15.2438
100.934 15.1973
101.829 15.2212
102.193 14.7448
106.666 14.496
103.065 14.4051
96.6644 14.5016
94.8836 15.098
90.3593 14.8945
90.1689 15.5193
97.6586 14.7745
99.305 15.1339
93.9114 14.9832
89.2113 14.479
93.3006 14.8615
90.1879 14.3578
93.838 14.6474
98.53 15.4062
94.3796 15.2129
95.5209 15.7938
98.1793 15.0256
98.6673 14.622
100.141 14.2434
100.141 15.7265
105.807 15.5137
97.3714 15.1845
100.574 15.7593
104.431 15.9
103.35 14.0081
95.3175 15.8052
89.4606 15.8052
104.243 14.682
103.491 15.2199
103.366 15.2844
100.912 14.7341
96.5644 14.8223
96.5644 15.2677
93.1477 14.6962
92.4788 15.3207
92.9316 14.6898
88.6564 14.6278
86.4101 14.6275
93.2982 15.2165
94.6923 15.0288
96.2239 14.3143
97.2411 14.7804
89.5503 14.2727
85.838 15.5395
83.1866 14.9543
91.0924 14.9441
87.164 15.6138
84.3618 14.9631
82.9399 14.5002
79.0693 15.404
78.7302 15.1723
78.8419 15.161
73.7585 14.6548
74.446 13.925
74.6559 14.5588
78.7212 14.6103
73.4399 14.9492
73.4399 14.27
71.6459 15.9731
81.0271 15.0042
86.0359 14.6665
79.5023 14.2135
85.6731 14.9109
84.4993 15.0763
91.4107 15.3474
86.9576 14.4011
93.9267 15.0021
94.775 14.8743
91.5601 14.6909
85.2506 14.7491
87.6769 14.8456
92.4908 14.007
88.4506 14.3063
84.152 15.6233
90.7598 15.0387
78.5356 15.0797
85.0234 15.6309
79.6725 15.2796
79.6725 14.8149
84.0801 14.7799
91.045 15.6096
93.3699 16.0134
87.8662 14.7014
85.0954 15.3819
77.8944 15.8604
84.7422 15.8133
85.6508 15.0209
85.2982 15.6835
85.5986 15.1977
84.8572 14.707
84.9671 14.4177
85.5831 14.5606
84.6807 14.8039
85.6728 14.2326
86.3191 16.0549
87.5005 14.4605
90.7311 15.3601
98.9063 16.7049
97.2145 14.4204
92.3785 15.4049
91.4612 15.32
109.273 15.5436
109.266 14.7441
109.266 15.0558
109.266 14.8237
104.442 14.5335
100.624 14.9915
100.624 15.5449
98.7599 15.3432
106.071 14.9281
97.8727 15.0065
97.8727 15.5635
99.2045 14.6012
101.447 14.5588
100.795 14.7789
98.3052 14.9102
93.6517 14.7782
97.6385 14.8739
97.3702 15.2016
97.3702 14.211
98.0885 14.7532
98.0885 15.319
99.1091 15.5267
99.1091 15.7005
105.11 15.6875
101.345 15.4785
91.0635 14.6043
95.6406 14.7257
90.5037 15.2065
87.0499 15.8555
87.0499 14.9935
92.2841 15.0008
91.3652 14.9098
92.1537 15.1449
83.4854 14.6162
79.5449 15.3484
81.8878 15.2891
81.6379 14.1479
85.9208 14.4526
84.9704 14.1642
85.7241 14.653
87.1028 15.041
87.8725 14.7188
87.4573 15.0481
88.6038 15.0191
82.0521 15.1323
79.8074 15.227
79.8074 14.9174
79.8074 15.4352
84.0998 15.4133
81.5274 15.1214
79.3469 15.1963
79.3469 14.8812
74.1832 15.119
75.3403 14.2131
71.708 15.1076
73.1672 15.9399
76.1271 14.7355
76.3205 14.7147
73.2234 15.6564
80.0261 14.7983
82.663 14.9018
84.8866 15.2492
84.8866 14.4972
96.4258 14.618
97.9879 14.3775
105.042 15.0578
91.0383 14.5997
86.4161 14.9124
92.9334 14.7945
86.9679 14.5876
93.1477 14.9714
95.7523 14.8469
98.5406 15.1024
98.0951 14.9773
99.1859 14.9438
99.1859 14.9683
98.7641 15.1817
97.0577 15.411
106.032 15.327
98.0898 15.4127
95.2231 14.3668
96.0484 15.2668
103.261 15.3492
95.2526 14.1034
94.2262 15.525
98.8186 14.5677
94.7411 14.8173
104.403 15.0245
105.749 15.1257
106.33 14.7481
105.452 15.0647
105.781 14.9976
114.776 15.0359
108.959 15.8271
115.179 15.5251
120.411 15.5397
120.411 14.7385
120.411 14.9036
116.746 14.5393
111.026 14.6175
109.356 14.9626
100.475 14.8645
106.487 14.6911
100.687 14.7321
111.462 14.8029
118.624 14.8371
119.819 14.7967
111.374 15.6877
108.622 15.0596
113.903 14.1486
110.882 14.3031
109.966 14.5077
109.464 15.6313
102.274 14.856
96.8753 15.5744
95.4047 14.6718
89.7161 14.7199
96.118 15.1014
97.5949 14.4725
95.9745 15.1384
100.502 14.4074
100.443 14.3985
100.35 14.8796
99.1803 15.0301
113.207 15.4397
109.667 14.1402
134.969 15.0855
123.024 15.4126
121.146 15.293
122.771 15.0395
104.384 15.7617
95.0753 15.149
92.6144 15.1886
92.4843 16.017
90.1147 15.0176
87.375 15.5833
87.0781 15.0546
89.7118 14.5046
94.3222 14.7605
95.2402 14.765
96.5434 13.7402
89.3853 16.2126
77.3014 15.9211
78.7412 15.5519
81.6501 15.1828
78.6892 14.4578
77.0771 14.8134
76.8265 15.6084
81.7047 14.8757
77.529 14.9227
84.4599 14.9426
87.6109 14.707
88.3665 14.637
84.2917 14.7707
80.6357 14.5028
83.7128 15.3769
81.3086 14.1554
78.3485 14.7345
75.6493 16.0902
72.4465 15.2254
76.3468 14.5345
76.3468 15.2583
76.3468 14.7126
73.8271 15.1079
77.7419 15.6882
77.7419 15.4418
77.7419 15.4418
84.2668 15.5426
82.6823 15.2155
82.9287 15.7232
78.7794 14.8551
81.2142 14.7149
81.2142 14.7519
86.1065 15.1121
99.2543 14.4965
94.6237 14.527
91.9168 14.7282
94.4263 14.7924
87.9706 15.4638
87.9706 15.4604
87.9706 14.168
87.9706 14.7451
85.0191 15.1393
85.0191 15.1662
85.8153 15.1864
88.6907 15.4229
92.0789 15.2763
96.3044 14.1406
104.38 15.6198
102.697 15.4874
103.103 14.822
97.6247 14.5582
110.744 14.9007
121.112 14.577
118.805 14.7974
133.896 14.718
132.894 15.0524
132.894 15.1727
142.628 15.9047
142.628 14.9831
152.466 14.7627
159.44 14.2237
159.44 15.3781
159.05 14.4906
152.653 14.569
144.568 15.0819
144.568 15.0653
144.568 15.0839
133.738 15.8481
143.376 14.6531
138.315 14.5709
143.768 14.8116
143.768 15.166
142.571 15.4072
138.667 15.4803
135.076 15.4584
135.076 14.6486
135.448 14.5232
132.455 14.7003
127.668 14.7938
120.149 14.7085
109.661 15.6153
104.278 14.0838
109.109 14.5614
107.468 15.0103
90.023 15.4045
95.528 15.5342
99.1803 15.2246
103.095 16.5766
102.044 15.2784
110.143 15.562
111.364 14.0481
120.326 14.2933
107.759 14.7802
110.327 14.645
109.103 14.4792
103.126 15.0994
113.001 14.7275
104.963 15.1265
100.905 14.6768
116.959 15.0777
97.8751 15.1528
99.5552 14.8013
99.5552 14.5601
101.871 14.2448
96.7055 14.8704
96.7055 14.7624
96.7055 14.2933
96.7055 14.6668
96.7055 14.5261
101.517 15.372
98.8766 15.4793
94.2578 14.4042
104.642 14.459
104.256 15.7763
109.669 15.2915
109.853 15.0151
111.926 15.5766
113.223 15.0108
116.609 15.2675
116.786 14.9402
106.757 14.3066
108.154 14.6502
104.585 15.2336
108.139 14.7349
103.786 14.9015
105.359 15.6025
108.319 15.147
108.319 15.0291
104.141 15.8315
106.694 15.4792
112.474 13.9851
106.867 15.337
106.867 16.0237
104.086 15.2767
107.27 16.0318
105.671 16.1028
95.5169 15.1444
99.4626 15.1792
94.4164 14.0371
90.8673 14.9603
89.8452 15.4795
87.6146 14.8094
89.211 15.8737
93.3233 14.8157
93.222 15.1307
94.1932 15.1211
94.1932 14.8259
93.0558 14.7994
104.945 15.2004
108.347 14.8871
99.7011 14.8789
99.7011 15.4483
99.7011 14.9667
99.7011 15.5985
99.7011 15.0602
99.8726 14.6956
101.723 15.6191
107.172 15.5871
98.3375 15.4079
95.5166 15.9121
92.0082 14.7947
101.623 14.3221
94.7719 15.0812
94.4953 15.1667
85.8999 15.0174
85.8999 15.3116
82.9384 15.3744
82.3681 15.4046
82.133 15.0468
77.9082 14.4804
77.9082 15.5097
77.9082 14.9419
77.0712 15.4588
76.5316 14.9646
79.881 15.4075
79.881 14.9698
80.9663 15.2603
81.8405 14.8975
73.5381 15.1781
73.1523 14.8727
73.1523 15.1505
76.1475 14.9628
76.1475 15.4846
75.105 14.1943
76.0619 15.0802
78.0297 14.9512
78.0297 15.4252
82.8689 15.1348
83.2462 15.4089
83.2462 15.2236
85.0471 14.3046
81.5932 14.1478
81.7434 15.3772
76.2436 14.5272
79.1354 15.2467
79.6596 14.8996
83.5931 15.5906
83.3906 15.8071
83.3906 14.5399
80.1438 15.2028
80.1438 15.123
83.0198 15.2579
80.9454 15.156
81.1938 15.1588
94.9796 15.7255
92.7771 15.0835
101.241 14.6344
99.3323 15.5245
93.6863 14.4862
103.616 14.5227
99.075 14.8031
101.091 15.4929
97.9147 15.3472
95.071 15.3233
92.385 15.4475
93.3471 14.8947
92.6727 15.604
92.0844 15.6192
98.7475 14.8949
101.122 13.7072
108.527 15.2779
113.341 15.5623
116.312 14.7234
126.104 14.671
120.576 14.5603
118.187 14.4315
126.252 15.0719
114.196 15.2277
108.31 14.6497
111.98 15.1509
117.811 14.9308
119.373 14.6779
123.001 14.7831
120.713 14.3533
122.311 14.9709
121.087 14.2842
126.654 15.3975
115.395 14.4929
109.243 14.5775
107.21 15.0786
109.517 15.4906
97.2337 15.5805
101.243 15.307
99.0373 15.159
103.913 15.3545
94.3005 15.4141
90.0053 15.0855
90.0053 15.5037
94.1772 14.3279
99.558 15.6846
94.1126 14.8699
90.96 15.4225
99.5399 15.0185
96.6701 15.3788
94.0092 14.7801
92.4218 15.5501
92.1778 15.1985
93.1545 15.6031
93.6361 15.0754
97.3268 14.8023
97.6909 15.4266
92.3584 14.8551
89.8866 16.3147
87.431 14.9422
89.2501 14.864
91.28 15.2922
88.0449 15.2597
93.852 14.8264
89.8787 15.8144
84.2413 14.6249
84.9959 14.3677
85.3185 15.0378
97.3406 14.5224
102.088 15.3572
105.596 15.1901
99.1856 14.5969
106.325 14.661
103.574 15.3714
97.4868 14.3783
100.046 15.136
103.596 15.1192
102.291 15.2721
102.85 15.2077
104.391 15.3421
111.455 14.6265
114.853 15.2875
100.842 15.1184
99.6743 14.8273
95.3286 14.7469
98.2811 14.4593
90.6879 15.0444
90.6879 15.4797
86.7375 15.2767
90.9173 15.8464
88.4472 15.228
95.5867 15.1506
96.1205 15.5346
102.073 15.3858
96.9095 15.2335
97.1752 15.2736
91.8431 14.9678
93.7501 14.4769
88.9633 14.392
82.3604 15.3495
85.0994 14.9061
90.1895 15.098
89.0624 14.7921
87.1023 14.1274
88.8547 14.6316
94.3982 14.5397
101.083 14.7187
103.358 14.049
96.0232 15.4905
100.416 15.5983
95.7613 15.2758
107.008 15.8403
124.603 13.9378
118.475 15.1302
122.183 15.4337
131.947 15.0205
129.678 15.3117
121.071 15.5712
121.071 14.6318
128.733 14.9534
114.766 14.9913
139.425 14.5035
120.582 14.6704
111.26 14.2259
111.936 14.4939
105.652 14.4455
108.802 15.2199
96.5688 15.6584
91.0735 15.1865
95.4214 15.2879
101.867 15.2983
101.763 14.2025
101.118 14.6049
92.6809 14.8213
102.578 15.5513
100.009 15.4454
99.3712 15.8515
106.221 15.0236
106.221 14.5524
100.865 14.8634
103.371 14.7614
103.43 16.0477
103.61 14.7751
102.848 15.3047
100.386 15.4954
103.473 14.7988
92.6546 15.3562
92.3773 16.1774
91.8109 15.2588
94.5837 14.6318
97.6973 14.6609
95.3958 15.7262
105.35 15.6015
110.909 15.4415
109.851 14.7646
108.765 15.6264
106.914 15.6529
108.448 14.9985
91.1801 14.64
94.8605 14.8652
95.5598 14.676
97.5735 15.7166
92.0428 15.6542
91.8704 15.3007
90.1849 15.183
86.5183 14.6468
88.6744 15.4415
94.5181 15.3223
85.25 15.6634
85.25 15.5119
87.8417 14.5622
89.1069 14.0469
91.5687 15.6232
100.134 15.1925
95.1674 14.6242
95.3647 13.8752
94.3844 14.6369
91.0428 14.8343
89.9928 15.6962
92.5282 15.218
99.7667 14.7497
95.4669 15.1461
107.068 15.4805
98.5813 15.5918
92.5506 15.4575
88.4378 15.5437
87.4748 14.3045
91.7704 14.5447
87.0787 14.3555
80.2415 14.9776
81.0168 15.4686
81.7611 14.953
77.9852 15.0941
83.2585 14.9225
83.2577 15.139
86.1691 15.5163
84.7192 15.455
87.8637 15.306
83.1998 16.4301
79.2931 15.162
78.558 14.97
78.1603 15.0048
81.9389 14.8295
83.5944 15.4865
87.7697 14.6498
94.0553 14.9319
87.3879 15.2333
90.2868 15.1536
94.5744 15.1757
94.661 14.7843
93.278 15.4319
94.1034 15.6062
92.4405 15.5859
92.147 15.8415
84.2823 14.7083
84.447 14.9948
84.3824 14.3789
86.4347 15.5032
89.6239 15.4809
91.6964 15.1684
91.8582 14.267
94.3147 14.7405
92.1457 14.8837
88.9615 15.0762
85.7835 14.8739
93.4883 14.791
96.4505 14.7897
97.1026 14.788
93.0209 14.7897
95.6928 14.7893
94.9575 14.7562
93.7372 15.089
97.1062 15.0531
94.6981 15.3397
96.0149 16.3893
97.4353 14.8672
93.8851 15.3024
84.3201 14.6968
86.0371 14.8838
89.9086 14.3094
86.768 14.6398
91.0699 15.318
96.4208 15.4535
88.8013 14.7238
84.7749 14.6869
84.7749 15.3927
83.7815 14.9369
87.8289 14.9915
96.7222 15.0194
99.4092 14.0493
95.5999 14.0735
111.276 14.3426
108.959 15.6507
108.046 15.5116
107.411 15.7752
98.2148 15.4492
105.345 15.034
105.318 15.431
99.7941 14.3111
98.1706 15.0075
100.267 14.7408
91.4737 15.4245
88.1664 14.9722
89.2831 15.0552
95.0635 15.0977
94.5319 15.0135
92.0873 15.7614
89.6909 15.4912
81.8501 15.4528
83.2033 14.4226
80.9934 15.034
84.4821 15.1832
82.9703 15.2279
100.104 14.1208
100.104 14.4288
106.511 14.7998
106.511 15.2129
121.762 15.3936
121.762 14.1182
121.962 13.8031
131.944 14.8459
134.435 15.7882
127.962 14.366
152.421 14.5789
137.776 14.2679
127.774 14.4074
127.301 15.7545
120.498 14.9749
128.695 14.8638
113.469 15.4158
116.795 14.7762
115.108 15.1396
111.645 14.1752
110.211 14.3741
100.355 14.5404
99.0496 14.7308
105.368 14.7342
103.774 15.3934
92.1106 15.615
93.404 15.2515
91.9245 15.3156
97.3239 15.3007
90.8506 15.7154
97.2088 16.0009
98.8027 16.013
97.7535 15.4552
96.7215 14.0755
89.1865 14.9003
88.8727 14.9762
90.9158 14.9828
94.1875 14.8678
100.579 14.9044
89.3735 15.1489
89.3735 15.1656
83.3195 15.512
88.4107 15.3882
82.7176 15.2662
80.7761 14.6416
84.3391 14.5616
80.9344 15.1962
81.4536 14.1745
77.6719 14.7867
80.4616 15.2392
80.8596 15.6957
80.979 14.8865
80.9366 14.4433
78.7338 14.7018
77.6758 15.9789
82.6454 15.071
83.9151 13.8598
81.2903 14.2924
85.8181 14.6084
88.3114 16.1298
92.3345 14.2238
93.2982 15.1633
90.7228 15.2874
95.1951 15.2858
88.8333 15.2321
91.1601 14.5246
95.1479 15.0058
99.8978 15.1599
92.48 14.9288
90.6048 15.2644
85.5857 14.9986
78.2791 15.1488
88.313 14.8232
90.9161 14.6199
91.2677 15.0217
91.7011 14.9083
97.7927 14.9632
94.4227 15.2184
90.1273 14.8431
93.1983 14.7476
90.8901 14.7201
91.301 14.8432
89.5915 14.4239
92.2055 14.2576
97.2829 15.4913
88.1269 15.067
82.316 15.1945
80.7956 15.2566
86.286 14.6127
79.5563 15.2593
83.1968 15.5582
90.7099 15.0321
95.7632 15.1581
98.4071 14.8782
94.8444 15.243
90.1184 15.2399
87.3544 15.1106
89.1257 15.343
94.81 14.3287
88.5358 15.3924
93.0156 14.6636
99.7487 15.0612
99.0614 14.4758
87.8929 14.5922
95.2927 15.4919
83.6439 14.2753
82.2415 15.4231
88.0304 15.4049
85.8513 14.6072
89.309 15.0737
87.9409 15.0304
86.9169 15.6656
90.9542 14.6801
87.7231 14.6673
86.3338 14.4828
89.3798 14.5422
86.0627 15.0175
80.8183 15.2801
77.3327 14.2835
85.7896 14.6339
85.0661 15.3656
88.5928 15.3612
87.5541 14.9997
85.7896 15.7503
84.9922 15.0161
80.7747 15.149
82.1121 14.7661
78.1221 14.7856
91.2483 15.322
96.116 14.9099
94.7896 15.1939
94.3391 15.2429
93.6742 14.0053
91.3501 15.568
85.8286 14.6892
83.1056 15.5411
84.1083 15.3061
88.4853 15.0763
88.7154 15.7916
84.7095 14.6284
92.0757 15.487
91.0954 15.1638
94.9813 15.5719
90.4938 14.8439
97.7727 15.4973
100.579 15.0955
106.557 15.2894
98.9244 15.0208
101.165 15.4056
92.9209 15.1339
94.5484 15.1131
99.6089 14.532
107.064 15.1148
104.05 15.3016
101.743 14.2386
102.001 15.6062
107.719 14.3029
104.566 14.6734
96.7131 15.3114
98.2578 14.332
100.674 14.8399
111.991 14.7761
110.56 15.0066
110.558 15.4713
116.15 14.9361
118.373 15.2626
117.637 14.2177
112.656 14.8336
111.538 14.9371
108.396 15.4179
113.723 14.5771
114.826 15.0961
109.504 13.6491
98.7856 15.0267
98.7683 14.9956
95.99 15.2841
89.3527 14.9293
89.2621 14.0868
87.5427 14.4443
86.678 14.8687
94.9941 14.5424
91.0513 15.8407
93.9617 15.2802
93.6834 15.5093
103.435 14.3947
96.3948 14.7075
97.0145 14.9791
97.0145 14.9441
92.5058 15.0261
92.8362 14.9535
92.0656 15.1242
92.929 14.4823
95.0595 15.2602
93.4357 16.1415
90.0648 14.742
93.2009 14.7231
100.461 14.9109
100.601 15.2735
98.5158 15.8512
95.5079 15.2384
95.5079 15.3032
88.7906 15.3512
85.3059 15.8676
85.1533 14.9245
87.4645 15.3583
91.4723 15.5474
90.4192 15.184
92.7667 15.3543
101.546 14.8787
100.562 14.4157
98.9377 14.6903
102.889 14.1231
101.323 14.9368
103.579 15.3439
105.634 15.2165
112.943 15.242
111.511 15.1673
101.023 14.3732
104.191 14.7766
97.4419 14.344
91.3828 14.687
92.429 15.3316
95.0137 14.5983
88.6174 14.6069
112.058 14.8471
112.234 15.6605
114.986 15.0127
114.609 14.8149
114.53 15.8992
109.293 15.2232
110.588 15.9657
104.641 14.4191
107.034 14.5951
106.93 14.5372
99.361 15.8942
101.863 15.9278
103.102 15.9278
105.256 14.6194
105.128 14.8139
107.762 14.5539
105.933 14.3754
99.7561 15.6926
108.87 14.7178
110.018 15.1546
102.4 15.033
98.719 14.6796
102.436 14.621
105.46 14.6956
96.8222 14.6672
90.7772 15.4717
84.6658 15.3702
84.6658 14.6163
84.6658 14.1214
90.0789 14.1701
83.1353 13.7673
83.1353 14.9334
83.1353 14.7802
82.3222 15.0481
82.3222 15.0275
89.1758 15.7658
89.1758 14.6104
83.2166 15.3203
83.203 14.6735
88.4971 14.9674
90.6014 15.6737
90.6721 15.2181
90.9649 15.1276
87.6128 14.8489
91.4172 14.674
94.2221 14.665
97.1674 15.1887
109.191 14.5887
97.3919 14.5848
100.728 14.4117
100.68 14.9051
94.8559 14.9289
94.4845 15.3653
90.5239 14.8506
99.1041 15.0494
100.416 14.9819
90.2831 15.3701
88.5574 15.5348
95.6887 14.9915
102.868 14.8905
102.364 14.9493
103.029 15.3793
99.6031 14.4068
113.605 14.921
118.942 14.7387
124.263 14.8618
124.263 14.9461
111.052 16.0203
103.855 15.419
123.162 15.9966
129.5 15.5411
116.114 15.3304
108.324 15.0814
106.348 15.2657
103.275 15.3442
94.2716 15.9808
100.91 15.4927
109.916 15.3922
101.619 14.9641
99.4343 14.6801
111.222 14.2072
105.297 14.1893
108.072 15.684
114.497 15.7256
110.013 15.4514
107.399 15.9804
106.302 14.7137
98.4693 14.7719
96.5552 15.211
95.7877 14.9684
99.6795 15.4469
98.3081 15.2286
97.581 15.2653
97.3286 15.2713
99.5377 15.6682
104.988 15.1734
101.922 15.3681
93.5048 14.6008
106.745 14.1208
101.212 14.6833
105.506 14.8008
100.018 16.0833
99.7152 15.3975
100.909 15.5082
104.431 15.6722
95.2265 14.3232
90.4612 14.2628
89.5227 14.637
90.2536 15.6344
87.2895 15.5784
93.201 15.0859
95.6616 14.9666
94.1297 15.0913
94.1297 14.9718
94.9499 14.2929
91.1879 15.8995
90.3918 15.02
90.0153 15.2136
86.2424 15.422
89.2549 15.3091
86.4062 15.4477
86.7476 15.0481
89.547 14.0059
100.048 14.8171
100.26 15.8602
99.183 15.6979
95.3946 14.4021
98.7724 14.8682
97.5548 15.0025
99.3044 14.965
101.274 15.2133
90.47 14.9273
89.9958 15.0616
94.5626 14.6215
107.072 14.208
103.8 15.4436
102.145 15.0455
104.143 14.9763
98.7366 15.2392
100.007 13.9145
91.9466 15.2077
82.434 15.1776
82.6005 15.6972
83.7753 15.087
86.8668 14.9663
96.3523 14.9595
93.3915 15.0686
99.5866 15.0536
110.77 15.244
113.203 15.0181
108.44 14.142
101.641 14.6064
106.959 15.2557
104.329 15.2499
98.7862 15.2856
96.368 14.5056
87.5356 14.1032
91.6895 14.7615
91.613 14.9039
91.4638 14.7383
88.5063 14.7675
87.9983 14.8274
91.8813 14.625
95.8199 14.9072
92.2338 15.4392
90.9646 14.5165
92.732 14.8694
99.0297 15.8483
95.9967 15.5038
96.2903 14.2944
82.0529 14.3091
85.4668 14.9003
85.6064 14.6051
88.462 14.9776
89.946 15.1485
79.3107 14.8724
85.8174 14.7192
89.8026 14.4348
91.2271 14.9343
87.9836 15.3577
86.1409 15.4081
85.9414 15.3735
85.8217 15.4231
85.3351 14.2329
88.7543 15.0139
82.1255 15.2837
91.8071 14.5555
86.5161 14.9122
95.9546 15.7778
95.9546 14.2519
91.2176 14.9978
95.086 14.6436
100.775 15.2481
100.743 14.792
92.1169 14.494
97.4806 15.0336
97.2387 15.5484
100.349 15.2713
99.2235 14.8437
98.0785 15.222
98.0785 14.9532
95.9822 15.1263
96.2833 15.0547
91.6754 14.5263
98.3316 15.3874
109.29 14.4451
105.787 14.7425
106.713 14.2613
107.905 14.9961
108.032 14.3565
109.961 14.4929
110.285 15.3534
105.255 14.8767
107.587 14.9038
108.243 14.7121
96.7557 14.7966
101.159 16.1428
101.159 15.056
98.0767 15.0347
94.0844 15.0806
95.5593 14.9076
91.2827 15.5427
93.052 15.4831
91.8753 14.623
89.4374 15.3678
94.614 14.4079
91.6533 15.2425
89.5798 15.3592
93.1211 14.7683
94.8113 14.8793
99.0754 14.4041
99.8648 13.8406
95.1077 15.1412
94.8306 15.1853
92.7561 15.3823
89.5643 15.7028
89.1516 15.3346
79.7374 14.5784
91.3255 15.3207
86.3428 15.4481
88.2341 15.4861
96.4322 15.4919
91.4888 15.4679
85.7144 15.4695
93.9471 15.4729
92.7064 15.4734
93.2181 15.2599
93.9728 15.2428
91.8837 15.2657
94.5204 14.1974
90.2182 15.2129
91.9658 14.3281
90.8249 14.615
84.8125 15.0251
81.9685 14.4688
86.5959 14.4699
91.8164 15.9052
93.3575 15.0327
94.4305 14.4903
92.3298 14.8585
91.7668 15.1539
92.5426 14.939
96.2814 14.2405
99.6282 13.9779
103.014 14.5801
103.014 14.9153
100.427 14.9984
96.4912 15.161
87.412 16.5049
89.4444 14.9832
91.693 14.7934
94.9858 14.9112
94.757 15.2007
92.5582 15.5411
98.8869 15.2215
92.6785 14.9445
88.6236 14.707
89.4536 14.7826
87.2463 14.4715
82.9972 15.844
86.647 16.064
85.0542 14.7279
82.3834 14.4751
80.5529 15.0632
77.1825 14.6404
75.4194 15.0507
75.0337 14.6195
78.3222 14.7636
75.8925 15.2006
76.5617 14.0001
74.6114 15.1801
75.0888 15.0481
80.4182 14.5495
77.4112 14.8814
77.8852 14.5749
75.2043 15.2962
86.1547 15.5113
91.433 15.4564
89.1496 14.2806
90.9996 14.7661
94.3258 15.6094
92.9063 14.986
98.4164 15.6649
89.0553 14.4604
85.5508 15.3914
88.5495 14.8119
97.6252 15.1316
89.0264 15.3751
97.3488 15.1214
110.245 15.3168
105.216 15.4065
97.4002 14.9354
104.946 14.7425
99.841 14.6757
92.2325 15.2531
97.8323 14.3868
98.0996 14.4684
96.9888 14.8338
99.3371 15.0862
97.6064 14.9059
98.6006 14.9613
93.5035 15.4876
92.505 15.2435
99.5908 15.9051
102.796 14.0139
90.0247 14.8404
85.286 15.4329
85.9093 15.7562
84.2532 14.3912
97.9606 15.1407
93.1194 15.1728
83.9047 15.1967
88.8249 15.1183
84.6554 15.3758
85.889 15.3923
88.4303 15.3282
84.769 15.098
80.5166 15.3675
87.8082 15.0647
86.2417 15.5445
81.4965 16.0656
78.131 14.7334
82.3673 15.1642
96.7507 15.0225
83.117 15.0498
80.972 15.549
82.6846 15.476
87.1361 14.2968
94.3191 14.6544
100.312 14.7256
97.4137 15.3098
109.145 15.888
91.4886 15.3302
90.4589 14.9704
98.2061 14.974
98.2061 15.1287
99.0935 15.1241
101.633 15.1363
101.888 15.2241
103.808 14.6104
103.341 14.7831
99.8061 14.8404
95.9943 15.91
100.72 15.5499
100.334 15.2001
96.0467 14.5838
95.5667 14.814
96.3615 14.3379
92.993 14.3775
92.1532 14.8347
94.2947 14.8707
95.4981 15.4536
98.0304 15.5891
106.853 15.3226
106.198 14.6762
101.454 14.6873
103.272 14.908
105.261 15.579
108.98 14.902
101.247 15.276
105.958 15.6123
105.989 15.2423
108.076 14.9313
95.956 15.2373
93.4912 14.7982
97.3593 14.6463
102.189 14.2402
99.4062 15.1846
91.2574 15.3887
79.5761 15.4184
76.6178 14.7059
79.1261 15.1046
82.7939 15.0049
78.7066 15.5459
80.6702 14.1729
83.2979 14.7994
94.271 14.4217
85.9369 14.7932
90.7675 15.6548
89.2288 15.3194
87.5815 15.1383
90.1399 15.453
93.7725 14.7639
88.7159 15.097
88.846 15.7167
88.3121 15.1132
91.4016 15.3766
88.2156 15.278
89.8306 15.2845
89.6846 15.4262
81.0888 14.3824
81.0888 15.4187
81.0888 14.9084
88.7384 15.067
88.3563 15.0386
99.9368 13.7251
98.0213 14.8328
90.5488 14.4528
92.235 14.7643
95.9862 14.9768
93.9381 15.1149
93.1978 14.0286
91.4268 14.6637
90.911 14.6153
89.8083 15.0058
94.2403 14.7308
103.432 14.503
102.046 14.3022
103.129 14.6399
98.5219 15.89
105.203 15.8256
105.831 15.5485
101.792 14.4253
100.614 14.6653
99.3495 15.059
105.981 15.2809
105.696 14.4718
102.471 14.5858
107.468 15.2581
103.562 15.1578
103.163 13.6462
97.4055 14.5527
103.383 14.6489
97.5727 15.5491
96.5157 14.5993
90.9439 15.8378
96.595 14.3529
99.2946 14.4982
99.6712 15.1763
101.953 15.1619
101.236 14.2811
95.1256 14.1102
105.973 15.753
107.487 14.0744
101.263 15.1364
105.844 14.921
108.979 14.406
107.537 15.0292
104.733 15.6134
104.105 15.6943
102.693 14.651
101.884 15.4132
107.436 14.5388
109.566 13.9908
100.654 15.0466
99.2225 15.1655
97.5833 15.8581
99.915 14.5116
102.058 15.1791
99.3402 15.1109
95.0504 15.5532
92.3241 14.6187
93.9041 15.3871
97.5936 15.2706
103.999 15.7855
108.496 15.9093
108.237 14.9514
105.543 14.7891
108.073 14.2714
103.774 15.1721
112.524 15.1438
120.63 14.1776
122.263 14.6507
118.73 14.0458
118.266 14.7309
108.213 15.0978
111.662 14.8869
100.324 15.444
104.697 14.5554
100.263 15.1889
100.199 14.5502
100.597 14.0092
98.4232 14.9929
93.6137 15.195
91.0709 15.3767
94.2311 15.0958
97.3143 15.2434
96.3331 15.0339
99.94 14.9568
104.435 15.3354
98.6669 15.5938
92.781 15.1642
93.1922 15.0514
99.6711 15.4544
99.1367 14.8483
95.3017 15.3545
92.2226 14.9784
99.525 15.469
106.078 15.743
94.023 15.6104
98.0097 15.3437
96.7626 14.8412
92.3276 14.4233
103.399 15.1403
115.389 15.3906
120.346 15.0951
123.265 15.0299
116.713 15.1757
108.658 15.0802
122.41 14.8775
130.402 15.0751
137.56 14.7826
135.836 15.7707
139.877 14.8609
139.877 15.0787
138.202 15.1707
128.878 15.2828
130.396 15.2513
130.396 15.2162
133.938 15.9842
133.938 14.8358
133.938 15.1694
136.524 15.4258
115.542 15.4389
119.754 15.4745
124.266 14.8592
119.705 14.2968
111.786 14.467
111.02 14.4631
111.02 15.0198
112.622 15.4669
113.545 15.607
110.661 15.2355
109.099 15.0194
107.752 14.8122
109.117 15.257
113.757 14.6762
121.412 15.5281
131.842 15.5344
128.674 15.1988
130.867 15.2142
136.798 15.4823
134.378 15.6402
134.378 14.8616
127.659 14.8272
129.801 14.9436
116.121 14.9438
115.921 15.4434
129.835 15.5049
134.826 15.2076
134.826 14.6173
137.87 14.6352
145.547 14.3601
145.547 14.4135
145.547 15.3904
145.547 15.4515
138.898 14.91
141.237 15.078
134.532 14.0485
137.988 14.4978
158.66 15.5332
140.994 15.1293
136.794 15.1098
128.683 14.7972
120.058 14.9373
119.855 14.4283
124.917 15.1168
119.084 14.457
116.456 14.5348
114.313 14.8854
122.259 14.6
122.259 14.2922
133.098 15.5529
133.8 14.7636
130.116 15.0021
104.72 14.4741
109.065 15.1986
114.623 14.872
102.944 15.5853
96.4324 15.6051
96.1826 14.8209
88.9506 14.4107
92.3872 15.0144
85.7966 15.3433
84.8573 15.7196
81.4899 15.0618
83.092 14.8115
76.6186 15.1455
76.6186 15.1015
76.6186 15.2865
89.117 14.9383
85.4199 14.6124
88.1692 15.2553
91.5702 15.488
103.78 14.5416
104.792 14.7659
98.9753 15.2168
106.258 15.1426
108.708 15.0939
103.424 15.2915
106.869 14.8368
103.395 15.5113
97.9439 14.9491
90.8733 15.2373
87.9413 14.8314
90.4339 15.7957
91.5474 15.4775
87.0521 14.7961
84.5377 14.9558
83.9328 14.8278
87.6337 15.0254
87.5034 15.4292
88.8187 15.1678
93.8143 15.5818
95.8094 14.7664
90.3351 14.7252
81.295 15.5147
81.4703 14.6753
82.7189 15.6142
71.3744 15.6044
85.176 15.0415
84.2481 15.022
92.0806 15.1625
89.1808 15.5597
81.6824 14.9394
81.6824 15.0027
79.0369 15.2729
73.6233 15.5051
73.3894 14.746
76.3342 14.7614
77.8367 15.3127
83.0516 14.6933
83.0516 15.0553
77.749 15.0672
78.2991 15.1784
74.8038 15.1173
74.8038 15.3007
76.5154 15.0276
72.1875 14.9217
71.0164 15.6431
74.9722 15.5277
69.4397 15.7031
69.4397 15.215
69.4397 14.7093
73.947 14.8957
74.409 14.6923
74.409 16.1167
71.5976 14.3216
71.5976 15.1046
71.5976 15.3612
73.2921 15.7955
84.3275 15.534
79.0802 16.3151
74.8946 15.622
78.6426 15.19
80.1069 14.2413
81.5592 15.3278
81.6085 15.0614
78.6924 13.9895
78.0612 15.2446
77.5201 15.0816
76.1021 15.141
76.1021 15.2756
76.7941 14.8668
84.2161 14.5385
88.4993 14.4425
87.2084 15.543
87.257 15.2349
85.9005 15.6382
80.9985 15.4918
88.8213 14.7126
89.7994 14.6746
89.5778 15.4017
98.2004 14.6982
96.9283 14.5868
96.1399 14.8031
91.0075 14.5403
88.4752 15.0028
85.5198 13.9932
84.9013 15.0352
84.4877 15.3678
93.8979 14.7124
101.628 14.7422
102.867 14.6819
106.387 14.7515
108.193 15.4404
107.928 15.1534
105.697 15.0638
106.148 14.9471
104.372 14.5729
87.4307 15.1265
90.0871 15.1121
92.6645 14.9476
95.0311 15.4261
98.6725 14.5654
94.2924 15.7284
98.881 15.092
94.8816 14.9536
89.5751 15.5131
81.4476 14.3162
84.2215 15.34
83.1032 14.8314
81.6639 15.2872
88.3859 15.3461
80.5535 15.3412
84.3991 15.3412
86.8078 15.3898
82.4765 14.8591
87.4671 14.5665
85.7712 15.1036
85.7712 14.7439
82.2699 14.7135
79.6131 14.4603
80.0261 14.4077
86.4403 15.9382
85.9986 13.9493
83.039 16.0282
83.8729 15.1822
87.7374 14.9133
84.5415 15.7019
81.5131 14.7022
86.3319 14.4884
79.1304 14.9085
81.0406 15.1922
88.7636 14.4078
89.6007 15.7533
88.0724 14.987
93.2857 15.3514
103.809 15.3655
99.0775 14.9
103.093 14.9126
98.6889 14.6823
91.9658 14.9694
89.8615 14.9963
92.7194 15.6559
83.542 13.6236
88.345 15.6539
87.8673 14.8944
91.7987 15.2274
88.8466 15.351
93.9492 14.7162
88.7314 14.9935
93.2718 14.6774
89.1165 14.5679
97.9725 14.5676
88.6101 15.9579
94.3344 15.3843
90.7294 14.9327
90.5586 15.1923
88.6176 15.5207
88.1894 15.6282
90.8176 14.5661
88.7611 15.7226
96.0815 14.9794
83.8269 15.9413
85.1798 14.8783
87.2812 14.0974
88.7514 14.6162
89.905 15.3718
84.7133 14.8334
91.7257 14.5626
97.2193 15.696
93.1352 14.4972
100.137 14.9417
96.6125 14.9764
96.5586 14.8605
94.0824 14.8625
86.725 14.8602
82.8838 14.8065
81.9262 14.7493
80.3064 15.2081
97.0308 15.3277
93.9908 14.5667
93.9908 15.4324
101.895 14.4945
96.4261 14.4543
94.7736 14.2842
97.8041 14.9286
85.5957 13.7921
85.5957 14.3794
85.5957 15.366
83.6972 15.1454
83.6972 15.004
84.0909 15.2342
84.0909 14.7879
86.9909 15.1904
90.8388 15.2428
89.0523 15.6761
87.4173 15.4252
83.084 13.7988
83.084 15.2576
83.5585 15.5992
92.8377 15.6225
92.8377 15.5072
90.3377 14.3432
86.8403 14.6786
79.2056 14.907
79.2056 15.1872
77.4349 14.6535
77.4349 15.3959
77.4349 15.4319
77.4349 15.0223
77.4349 14.6374
77.4349 14.298
77.4349 14.3347
86.8208 15.5792
73.325 15.6295
73.325 15.8885
73.325 14.7337
73.325 15.0619
73.8245 14.9357
73.8245 14.4896
86.5939 15.2761
84.1219 15.6755
86.0708 15.4175
91.2765 14.7954
91.2765 15.2157
91.2765 15.9715
91.9469 15.4987
101.362 14.8653
101.328 14.8287
107.724 14.9081
105.361 15.3843
107.691 14.3607
109.582 14.4863
99.769 14.8894
95.9562 15.7202
99.7857 16.1292
97.8634 14.2444
91.4399 14.9654
92.4391 14.0379
89.0116 15.3968
91.3123 14.4947
89.2408 14.962
90.9787 15.474
84.4257 15.0736
84.961 14.5538
90.2987 14.4776
91.9788 14.796
93.2108 14.8891
80.448 15.9372
80.448 15.6943
84.2113 15.6929
89.1932 15.4085
92.029 14.7797
99.4775 14.9867
100.148 14.0159
91.5537 13.8526
92.9382 15.0492
90.8601 15.3592
92.823 14.7078
92.8169 13.9633
97.6783 14.732
100.677 15.4665
104.571 14.5267
98.0894 15.4486
101.023 14.7512
100.648 14.5522
100.357 15.4588
106.202 14.3436
110.24 14.8688
111.726 15.0707
119.532 15.0178
113.361 14.8042
110.088 15.315
100.198 15.1396
94.2827 15.5576
103.124 14.3927
90.0557 15.4865
94.8974 14.4125
88.4429 14.7912
85.7313 14.6041
81.933 15.2702
78.5115 15.0483
70.971 15.6758
70.0291 14.7914
70.0291 15.3084
65.0077 15.2679
66.9989 15.8134
69.0629 14.5547
71.0757 14.6485
70.9215 15.8673
70.9215 15.2308
80.3708 15.7169
75.6278 14.9576
80.2296 14.8423
80.0616 15.0795
85.437 14.9913
84.3286 14.7291
76.4751 14.3337
83.5267 14.294
78.0646 14.8761
80.8502 15.1797
86.2513 15.6425
82.7578 15.8321
87.8371 15.2298
87.2005 15.0549
93.2881 14.9551
90.1547 14.826
85.1398 15.6416
84.2713 15.2484
79.5957 14.2798
78.6835 14.3785
75.2634 15.7242
73.3734 15.491
81.3776 15.7102
82.5464 15.0916
83.7678 14.5724
93.068 14.8944
88.3751 15.5741
87.7026 14.3755
87.0633 14.2937
87.0633 14.4569
90.7658 15.0186
90.6442 15.3587
85.2781 15.4207
79.031 15.4517
79.031 15.2845
80.6434 15.8009
92.4655 15.4377
84.4426 15.7334
82.4554 15.1249
78.5093 15.767
78.5093 14.2277
86.1319 14.4376
88.1843 13.8776
90.2128 14.4584
93.6216 15.0635
96.6405 14.8165
92.1486 15.3158
94.2868 14.8643
89.4008 14.9221
87.7883 14.9225
91.4686 14.9216
92.8618 14.2779
93.7549 14.1723
105.709 15.8671
106.163 14.9511
105.796 14.7101
101.501 14.6997
96.9943 14.989
101.652 15.1013
101.652 14.5001
101.051 15.1616
99.7829 15.2132
96.0806 14.8417
102.155 15.0104
102.155 14.0376
97.0778 15.4122
95.8431 15.515
92.2259 15.0054
98.5082 15.7041
88.8827 13.9365
88.8827 15.2826
88.1029 15.2636
88.2539 14.7239
89.2183 15.5678
87.3191 15.7251
85.7952 14.2157
86.349 15.3468
84.1458 14.8072
84.7738 14.5169
86.5762 14.5478
89.6855 14.7289
93.892 14.7736
95.1281 14.7438
95.3375 14.9301
93.7672 14.9594
94.1231 14.3335
93.2498 15.0323
90.5337 15.8071
90.0068 15.5369
95.5197 15.6183
83.1301 14.6579
90.7741 15.1812
90.7741 15.1866
90.2505 14.6615
91.016 14.6685
89.5603 14.9333
90.0275 15.1375
90.5422 14.9396
92.8988 15.542
95.2289 14.9738
98.1087 15.0914
98.1087 15.4058
96.248 15.4216
92.7355 15.1758
93.3088 15.3884
94.3162 15.0701
89.7903 14.908
88.649 14.6112
93.683 14.6135
95.1693 14.7486
94.5695 14.7255
96.9071 15.4215
96.9871 15.2233
110.897 14.8612
103.76 15.831
103.76 16.0844
112.286 15.5785
115.73 14.9097
110.264 15.0922
127.061 14.7844
123.999 14.5774
130.32 15.1808
130.32 15.1255
130.32 15.2031
130.678 14.5501
127.302 14.7177
129.805 15.0855
138.327 15.0473
135.791 15.9403
132.295 14.3498
129.66 14.9525
127.265 14.5333
127.265 15.0012
127.232 14.7217
124.528 14.9523
119.031 15.1842
135.608 15.3212
132.117 15.2795
140.348 15.1399
137.531 14.7772
140.571 14.2699
140.571 14.5054
140.744 15.1739
130.864 15.1606
132.956 14.7028
128.509 14.6378
125.672 14.9015
114.809 15.8316
104.673 14.791
110.711 15.4513
108.55 14.5966
118.386 14.6409
117.754 15.4548
112.457 14.9791
109.728 15.5436
107.883 15.1151
96.9564 14.7804
106.426 14.5072
111.217 15.3421
102.164 15.4476
103.169 13.7839
103.546 15.3019
114.04 15.1507
108.511 15.4006
115.501 14.9918
103.4 15.038
112.631 16.5353
100.998 14.2738
102.644 14.1643
105.779 14.418
98.5771 14.7411
98.5771 14.712
97.3041 14.8614
97.3041 15.5713
85.7796 14.757
89.6235 14.6858
90.4673 15.0101
86.1719 15.1903
84.1828 14.8293
85.2826 15.9063
90.5796 15.5197
85.9786 14.063
83.2869 15.3984
80.9402 15.8147
78.1157 16.007
77.8889 15.358
80.2111 15.4727
76.9267 14.8978
86.7547 14.2192
91.8241 15.2084
91.2695 15.1833
95.6371 15.3343
103.141 15.289
103.136 15.2531
107.154 14.9577
92.459 15.0677
99.0171 14.897
99.3364 15.6025
104.602 15.3448
107.417 15.3283
109.533 15.6174
108.828 14.83
100.858 15.316
106.901 16.0034
108.125 15.1312
103.161 15.5699
105.587 14.822
106.549 14.2769
100.314 15.0637
92.6943 14.9616
87.1657 15.0843
87.1657 15.6359
86.1105 14.5831
82.6223 14.7467
87.3782 15.8046
91.4843 14.6664
96.3926 15.4795
92.8873 14.946
93.9911 13.8795
97.6864 13.8843
97.0221 14.5498
93.8013 15.5471
86.2465 15.5068
90.7836 14.2153
90.7836 15.5794
87.7199 15.5143
92.388 15.2111
89.8754 15.3883
100.087 15.13
97.8092 15.0208
96.4456 14.8629
93.0813 14.0955
94.4612 14.467
100.428 15.162
96.5062 14.354
94.873 15.3969
94.2513 14.8843
94.2417 14.6729
92.6622 14.6535
89.4547 14.6903
90.5329 15.3375
87.234 15.1221
87.4228 14.5334
86.9677 14.7025
86.519 15.872
91.6273 15.1282
87.4451 14.6982
91.55 15.0957
84.1812 15.5873
95.874 15.4874
92.5804 13.8828
91.5019 14.8468
90.3143 14.8109
87.5201 14.9229
77.7408 15.4562
77.1225 15.4104
78.6514 14.9995
86.1953 14.7356
81.1546 14.3311
79.7396 14.4986
82.4115 15.7217
81.6571 14.8668
74.9244 14.6328
78.3685 14.8457
76.6 14.994
76.6 15.078
76.6 14.9673
82.698 14.8299
76.6144 14.7475
74.2999 14.7595
75.5064 15.4304
83.1407 14.1898
85.1525 15.4545
97.8632 15.7817
91.9223 15.4601
89.0731 14.0964
98.2562 15.5048
99.455 15.6176
87.2243 14.5181
85.4189 15.1902
83.9746 15.1392
84.3069 15.0906
84.7959 14.4983
87.396 15.0884
94.1469 15.57
90.689 15.4497
92.3178 14.4751
95.7907 15.3387
102.766 14.814
102.348 14.5121
104.27 14.2758
106.23 15.0996
103.594 15.1412
112.646 15.081
107.77 14.7825
109.362 14.6196
108.445 14.8898
99.4569 13.7736
76.7713 14.8295
76.7713 15.5163
80.1363 15.5596
77.9027 15.4145
82.4662 14.9915
82.4662 13.9974
85.7983 15.4331
85.3888 15.3688
86.1138 15.3813
84.5425 15.6688
92.8489 15.003
83.3072 14.9414
78.9486 15.8573
83.404 14.5951
83.0499 15.033
87.7201 15.2337
80.3269 13.8867
81.1479 13.8922
88.1981 13.6067
89.1805 15.4078
91.382 14.4301
87.314 15.0463
88.6205 15.135
88.7829 15.0358
91.176 14.5621
90.8887 14.8184
87.7478 15.8725
98.3261 14.4261
84.5358 14.7283
85.3407 15.0332
72.9339 14.9597
80.8263 14.2084
83.5105 15.6194
74.8505 15.0426
72.8408 15.3573
71.4039 14.157
82.8077 14.9023
75.7321 14.7485
78.8888 15.5053
69.7112 15.1198
69.7112 15.4433
71.0416 15.2195
70.0052 15.3671
71.4341 15.3662
71.4341 14.5402
70.5281 14.8104
72.1842 14.5815
72.1842 14.5341
78.5525 14.8937
73.5129 15.4629
77.1493 14.801
77.8958 16.0189
83.4649 15.8453
77.4653 15.5911
72.3253 15.0018
71.1059 15.0326
69.7728 15.0844
81.8021 15.0963
77.1713 15.1683
83.3957 14.726
84.7673 15.0962
85.1467 14.7078
85.3369 14.6762
91.998 15.0655
91.5099 14.9579
88.4032 14.8058
85.5838 15.1859
81.5145 15.2007
86.3191 15.1394
94.5997 14.4905
102.561 14.537
102.561 14.7603
104.483 14.2651
114.608 14.8037
111.252 14.7227
106.868 15.2394
111.979 14.6892
108.992 14.3669
102.428 15.5197
109.238 15.2945
106.136 14.9377
99.5635 15.1554
98.271 15.2477
97.6656 15.1659
101.7 15.1631
99.7095 15.1785
96.7445 14.8245
102.799 14.6948
97.1536 15.1717
99.0749 14.6031
92.9277 15.2674
90.2897 15.0218
87.1824 15.4333
89.2177 15.2855
87.0568 14.9411
86.9954 14.8025
84.7901 15.1714
81.4505 14.9694
79.3375 15.6652
82.2738 15.4502
87.9051 15.1877
90.5062 15.1871
87.8617 15.1904
87.4593 15.0145
84.5657 14.0033
88.1927 14.6813
93.0993 14.7096
98.1531 14.211
95.9418 15.2248
96.9702 15.571
99.7597 15.1305
106.028 15.0415
103.879 14.7186
106.748 14.5327
110.697 15.1519
105.449 15.9705
103.316 15.0826
99.2123 15.1335
100.852 14.5185
96.7578 15.856
95.5188 13.5967
99.4626 15.4993
95.8297 14.0339
91.2813 14.7668
90.7161 15.0745
90.176 15.1161
92.2614 15.4674
92.2614 14.6177
90.6604 14.7368
92.8549 14.8463
92.8549 15.2731
89.6444 15.4705
92.0379 15.259
92.2172 15.2719
86.6644 15.5446
93.6682 15.291
99.0365 15.4744
103.796 15.2714
98.9751 15.393
105.19 14.8937
105.575 14.9679
107.584 15.0127
106.959 15.0975
120.291 14.4824
110.964 15.494
98.1146 15.1982
99.1323 14.1125
102.255 15.2489
100.405 15.8138
96.905 14.3963
94.8172 14.4695
97.1062 15.2565
102.733 14.8493
105.241 14.7914
96.6619 15.2036
97.1395 14.5331
99.2408 14.4416
97.9139 14.9158
97.4375 14.9662
88.796 15.1188
84.4422 14.6996
90.572 15.6606
84.8629 14.678
82.546 15.2455
89.9018 14.9829
88.8189 15.2885
92.1025 14.1835
96.9719 14.317
96.7438 14.8465
100.317 14.3803
96.6816 14.2567
93.8816 15.5887
91.2788 15.0506
95.0855 15.0158
93.0009 14.4969
92.4206 14.5325
94.7602 15.2823
96.566 14.0917
94.5788 14.9192
100.754 15.9775
91.7369 15.0559
90.5886 14.6215
89.7124 15.2293
90.6512 14.4453
90.7285 15.3569
84.6031 15.2468
82.7411 15.0887
82.7208 15.1459
91.0964 15.2698
85.66 14.5344
89.0639 15.9324
87.4927 15.3187
82.8368 15.9707
84.4908 15.9773
86.0945 14.954
85.5184 14.5079
92.4256 14.4265
95.4873 14.9647
87.4717 15.2429
82.1067 15.4082
80.4425 14.5458
82.1635 15.958
86.951 14.9718
92.2085 14.3504
95.886 15.5234
106.199 14.7533
101.015 15.534
111.332 15.1873
101.571 15.0661
100.109 15.4573
105.627 14.9553
107.176 14.6793
107.468 13.4613
102.715 15.686
95.6396 14.9911
87.4633 14.768
88.0568 15.4225
81.5051 15.2153
81.6254 14.9465
72.8037 15.3282
70.817 15.2562
70.7551 15.5646
70.7551 15.1751
68.4494 15.3746
72.7169 14.5644
74.9341 13.932
70.5201 15.474
78.7434 15.1634
77.8042 14.9154
77.7842 15.2423
80.3666 15.0352
77.3909 15.2112
86.1732 14.9625
90.8151 14.8913
86.2622 16.3262
88.3306 14.669
90.7475 14.5657
94.209 14.7895
92.5122 14.7184
91.4701 14.9144
87.5385 14.5375
83.531 14.4717
95.4994 15.0641
89.2656 14.6109
86.7393 14.4423
85.6203 15.5659
83.426 15.6495
82.1397 15.9712
79.1883 15.5291
70.6294 15.5281
71.1425 15.0124
73.3108 15.2565
73.4376 14.9457
72.9712 15.2963
72.1449 14.7688
72.8253 15.0599
69.7431 15.1061
73.474 14.7325
78.868 15.3164
83.1285 15.7571
81.4822 14.2527
83.2308 15.3363
87.6362 16.0314
73.4354 14.6041
76.9243 14.6135
75.7665 15.4222
77.4093 14.6148
84.5847 15.6367
84.3462 14.4319
87.6402 14.5107
86.387 14.9521
90.9246 15.0769
92.3314 15.0759
95.6845 15.12
95.5107 15.1743
96.9302 14.7379
96.9302 14.6916
97.6192 14.5876
98.3562 15.2859
90.1004 15.4282
96.6246 15.675
90.2192 15.2633
87.7664 14.9549
86.2299 14.4634
89.555 14.9201
89.398 15.3467
93.5612 14.6619
90.8881 15.4845
87.5717 14.9557
81.1203 15.0934
81.1203 15.2071
81.1203 14.1701
81.1865 15.9997
92.1304 15.8437
93.0497 14.6121
100.047 15.3431
98.3125 15.0273
94.1488 15.3096
91.6121 15.2042
94.4068 15.7096
92.2953 14.6317
85.8914 15.5892
85.2394 14.7839
84.2604 14.5846
84.8278 15.0187
82.3706 14.9809
81.4689 15.2611
82.5899 14.4817
76.8153 15.582
74.6299 14.9905
69.79 14.1216
69.79 14.8227
73.9739 15.3288
74.6258 15.3381
82.7846 14.9819
89.0987 14.1292
91.2364 15.5543
91.5024 16.2556
87.2277 15.666
86.9289 15.0745
92.5044 15.771
91.0893 14.8267
96.243 14.782
99.389 15.5916
100.005 15.4469
100.4 15.0972
105.117 14.062
114.379 15.8191
110.507 14.4736
108.311 13.7595
106.78 14.9748
116.677 14.6812
110.06 15.7365
109.538 15.2316
105.47 15.6907
105.918 14.3374
104.892 14.6999
108.696 15.6202
104.816 15.6247
120.085 14.5554
112.446 14.3511
106.71 15.3131
100.788 15.2743
93.335 14.312
96.3859 14.8695
97.8676 15.5396
101.663 15.5114
94.9413 15.7548
95.8027 14.6841
97.2151 14.4295
92.4335 14.4163
92.963 14.3302
95.5057 15.0261
101.476 14.9091
102.765 14.7235
113.967 14.8088
124.081 14.4773
124.081 14.9192
123.412 14.451
123.412 14.8689
113.607 15.5736
120.388 15.5439
123.499 14.3585
114.422 14.1873
111.395 15.4796
116.169 14.1051
126.149 14.4774
133.697 14.8311
117.843 14.9748
126.449 15.1259
137.571 14.64
137.219 14.3579
133.11 14.8304
124.017 15.3694
110.866 15.1343
106.155 15.058
101.896 14.9216
102.096 14.5062
99.943 14.9965
99.5147 14.6734
94.5025 15.2224
86.603 15.523
90.418 14.1373
86.9989 15.0279
83.9055 15.2542
88.078 15.0359
97.7499 14.5579
95.6468 14.5467
90.0437 15.432
93.4112 14.6152
90.7033 14.3359
88.6432 14.6303
89.2047 14.7274
86.4091 14.8498
88.1845 14.3672
85.4977 14.599
84.8677 14.252
88.7682 15.0171
89.7161 14.841
92.9401 14.8847
91.4813 14.7891
89.0994 14.7756
88.2583 14.7055
86.0714 14.0775
81.8489 14.6148
76.9525 14.4062
76.9525 14.5546
78.0974 14.9484
73.4083 14.9255
71.9382 15.7783
74.907 14.6619
75.323 14.5465
76.1393 15.3607
73.7381 15.0167
80.8055 14.5382
82.576 14.4278
79.7694 14.3893
82.1572 14.9052
81.5968 14.7434
80.9586 15.0664
75.3527 14.8687
81.8933 14.9004
78.5614 14.8888
78.5614 14.8841
82.656 14.8091
82.656 14.809
82.656 15.1424
82.656 15.2518
76.2231 14.9168
76.2231 14.8663
76.2231 15.2867
78.7822 15.0924
80.0616 14.4963
81.306 14.5038
82.6499 14.9807
79.4842 15.0686
79.4842 14.7217
79.4842 14.4639
77.9358 14.1114
78.2071 14.2143
78.2071 14.2227
79.9602 15.4105
80.7405 14.3431
78.7462 14.2946
82.4061 15.5231
82.4061 14.5246
77.9333 14.2329
75.2188 15.1245
75.2188 13.9937
78.8949 15.3943
79.2817 14.8652
79.2817 14.7725
78.1909 15.1672
81.6701 15.2215
90.371 15.1333
81.8759 14.9124
88.069 14.8144
88.824 14.5243
86.0196 14.5039
113.109 15.1286
110.056 14.9301
103.175 15.2148
113.65 14.687
103.467 15.169
102.441 15.2531
105.091 14.9865
108.481 15.3529
104.155 15.9286
104.398 15.4861
103.427 15.5433
92.9079 15.4436
96.1684 15.032
99.7425 14.8942
99.0069 15.2556
101.499 14.8439
91.278 14.6764
92.8636 15.312
96.7576 14.5873
94.8427 14.8563
95.1176 15.3883
112.623 15.2514
112.623 14.4379
109.479 15.7154
117.642 14.8321
102.33 15.3769
94.1332 15.0603
85.2899 15.2042
86.2426 15.5475
90.6222 15.2489
94.7389 15.0108
98.9825 15.4883
98.0466 16.2087
89.5193 14.754
89.3437 15
93.6849 15.0677
100.556 15.031
91.9911 16.0359
87.7714 14.6646
83.5991 14.8771
83.5991 14.5343
83.5991 14.0064
82.4705 15.4888
74.9171 14.6673
85.9314 14.5889
85.9314 14.1059
85.78 15.1642
88.9077 14.9019
89.8485 15.5864
90.4894 14.747
91.1748 14.4311
91.1748 15.3057
92.9026 15.2217
92.4742 15.0566
92.4742 14.4357
92.7359 14.7824
92.7359 15.0633
92.7977 15.8665
88.4162 15.8827
95.0605 14.0549
95.0605 15.2293
90.8916 15.1281
92.804 15.1884
83.1574 15.7533
87.7787 14.949
87.7787 16.1126
87.7787 14.5284
83.4017 14.3248
83.9066 15.6602
86.4047 14.5613
83.518 14.5872
82.1884 14.6157
83.9871 15.4121
83.9871 15.3224
85.4964 15.0916
85.9571 15.9522
90.083 15.6568
90.083 14.9318
90.083 14.6334
91.6846 14.5723
91.4888 14.4984
87.6165 15.002
87.6165 14.5241
91.5379 15.544
97.2697 15.4751
100.145 15.7527
96.0212 14.8317
81.1586 14.3984
85.0574 15.2327
85.0574 14.9178
79.8639 15.0217
79.8639 15.0962
79.7219 15.3015
85.7958 15.0265
84.9903 14.6494
82.1049 15.3093
84.1939 14.3942
83.5907 15.0362
91.5224 14.4109
99.3267 14.9564
94.4854 14.8338
97.6649 15.1987
87.6593 14.9202
91.9509 14.6272
87.4465 15.5238
79.8168 14.5936
81.2343 15.37
81.2343 15.3582
76.0021 15.4115
72.127 15.4693
69.3437 15.2074
68.5988 15.4434
71.5592 15.4663
73.5942 14.5357
78.6748 14.74
77.3042 14.312
78.0515 15.1145
79.6023 15.1111
81.7476 14.6313
83.5549 15.0643
93.0315 15.0058
106.823 14.7292
112.101 14.4764
106.299 13.924
106.299 14.8933
99.6049 15.4893
97.4585 14.7093
99.015 14.8929
100.16 14.5286
99.6334 15.2738
101.282 15.6492
97.947 16.0865
94.5128 14.6775
94.3604 14.8838
98.5901 15.1025
94.5247 15.073
98.403 15.4441
101.929 15.068
101.441 15.196
99.7851 14.8962
99.4722 15.1496
93.1921 14.6264
99.096 14.8577
102.741 15.77
101.776 15.0504
95.2568 15.0653
98.4116 14.7761
98.5491 13.7021
103.395 15.5376
99.2094 15.8164
104.127 15.6908
100.318 15.492
106.704 15.8642
103.078 15.2835
99.6966 14.918
95.3433 15.1922
98.3061 14.6866
88.3213 15.2896
89.7605 15.9593
87.5689 15.2185
95.4143 15.5764
97.1792 14.9975
93.8589 15.3833
96.2234 14.5467
103.113 14.666
97.0436 15.3482
95.672 14.8721
99.2805 15.1512
98.9216 14.9267
99.2333 15.6697
99.9084 15.5762
102.754 15.3295
96.4375 14.5618
93.4599 15.7008
100.094 15.2404
96.096 15.0223
99.7624 14.1087
99.6238 15.023
103.076 15.5254
95.0555 15.7083
93.2295 15.6406
95.4663 14.7936
101.226 14.9563
101.663 14.3782
98.9075 15.3232
101.401 14.9813
95.6442 14.9992
96.2348 14.9847
95.5922 14.4518
98.0887 15.1361
99.9672 14.6854
110.01 15.0608
107.937 15.2254
104.716 15.2317
101.7 15.8306
96.5728 15.0973
93.5087 14.7047
89.2893 15.2305
87.6433 14.9369
90.7554 15.8159
94.1268 15.7877
90.9734 14.8825
90.1494 16.0402
88.1785 15.8187
88.4719 15.7119
93.2185 15.5228
90.3391 15.0031
85.3067 14.5475
88.472 14.5314
94.5716 14.6888
93.6844 15.102
94.0518 13.8505
101.556 15.5748
89.1802 15.0398
82.5585 15.4814
80.4705 14.0067
77.979 15.1657
85.9641 15.1063
94.1302 15.4078
91.9124 15.5968
101.275 14.5934
90.3105 13.9974
85.773 15.0145
98.1537 14.7058
99.3257 14.9837
98.5306 14.8455
94.1469 16.3431
88.4098 14.8195
82.2651 14.0847
87.8325 14.9689
97.2877 14.94
107.888 15.0089
105.778 14.9679
93.7249 15.0764
91.9226 14.7856
89.8853 14.7487
90.9962 15.2506
82.2167 14.9102
89.6364 15.0586
88.0806 14.9752
92.551 14.4995
97.2291 15.3881
94.3762 15.7902
97.0961 15.6323
100.388 15.0658
101.314 15.101
107.488 15.2872
100.227 15.8231
115.43 15.0881
116.138 15.4762
105.054 15.362
105.102 15.3276
100.75 14.4679
94.0444 14.5586
93.2624 14.8326
96.0596 15.1366
90.4963 15.274
97.8361 14.6331
109.998 15.1405
113.794 15.3441
103.311 15.1747
106.843 15.4006
107.264 15.1301
105.011 14.8823
110.771 15.0716
127.443 14.3046
131.009 15.2461
128.456 14.7211
119.47 14.6984
124.468 15.7205
127.682 13.8117
127.682 15.13
121.924 15.0767
117.473 15.2001
116.897 13.7349
127.763 15.3213
136.599 15.075
133.806 14.5281
121.975 15.0898
120.468 15.1805
118.574 14.8384
116.913 15.245
140.591 14.8098
128.514 15.3737
129.7 14.8588
131.531 14.2977
121.939 14.2376
113.07 15.9863
117.396 14.6516
112.847 15.126
108.837 14.8508
99.5274 15.006
92.9408 15.1179
90.6853 15.7335
86.1675 13.8648
95.6287 15.0196
102.858 14.7561
104.682 15.229
103.39 15.2173
90.1593 14.967
89.9536 15.369
91.2737 14.6351
89.7851 15.169
86.6029 16.2923
89.0862 15.0399
88.9611 15.6889
89.5194 15.9828
90.5489 14.5486
92.898 15.5332
91.5266 14.9139
87.4317 15.2917
82.4227 14.8088
89.1762 14.815
91.2456 14.4694
90.2476 15.1567
85.3787 15.2598
82.9747 14.5782
79.675 15.4836
83.3066 15.2866
91.9626 15.2391
89.4675 15.2069
92.318 15.4503
88.7599 15.6118
87.5321 14.6189
83.7006 14.7317
84.7876 14.1436
82.4078 15.4257
88.9839 15.2034
91.2268 15.3061
92.4849 14.9315
82.3627 15.4517
83.0491 14.4964
89.0487 14.9152
81.504 14.3347
82.9623 14.5672
83.3608 14.7053
81.5681 14.8223
81.0485 15.229
86.9888 14.9537
112.121 14.6745
108.506 14.9868
108.506 15.1508
115.388 15.5522
120.281 15.0254
118.3 15.1379
113.293 15.0614
95.0373 16.3504
104.619 15.1573
99.7443 15.8744
104.081 15.3261
99.5071 14.109
104.66 14.7416
102.312 14.8777
102.932 14.9396
96.3639 14.1666
100.769 15.4362
106.428 15.4808
110.759 14.5016
113.411 15.6941
110.029 15.074
104.423 14.6066
107.926 15.2542
108.559 15.4206
108.995 15.0595
106.674 15.1969
102.273 13.8181
100.011 14.6868
98.477 15.1816
95.371 14.9982
97.473 14.9762
98.6231 14.3909
107.959 15.1141
102.437 14.2441
103.642 15.1157
103.642 15.8498
97.0058 14.7809
104.682 14.9862
111.591 15.0481
105.723 14.8941
100.222 15.2515
98.8676 15.6286
99.1286 15.4048
97.3263 15.3551
91.0973 15.5594
88.2545 14.7217
88.2545 14.5605
88.6286 15.6292
84.8504 15.3142
89.4366 15.0605
91.2026 14.5677
90.5343 14.607
96.7564 14.4663
98.4645 15.048
95.8922 14.732
90.9087 15.0102
83.3326 14.765
86.9835 15.2528
81.9023 15.0842
82.5786 14.0836
80.9506 14.8488
83.5357 14.196
76.9818 14.0795
82.1877 14.5088
85.9544 15.7013
89.256 14.003
109.172 14.612
89.6829 15.8054
84.0002 15.2772
82.2936 14.6871
70.2967 14.9037
73.8467 15.4871
73.8467 15.0314
72.6265 15.4737
72.6007 15.9006
79.3104 14.2333
79.3363 15.0868
78.156 14.7622
89.886 14.54
92.5554 15.0459
98.8558 13.3199
95.8306 15.288
91.9893 14.7831
100.621 15.0258
96.9475 15.0702
103.389 14.604
109.25 14.5133
121.609 14.0177
105.307 15.244
104.06 15.1368
99.6993 14.477
95.1979 16.9363
90.5869 15.5631
95.492 14.3189
86.9077 14.6942
89.5876 15.3398
81.3882 15.2531
83.458 15.1149
80.6734 15.1794
80.9732 15.4655
75.3619 15.7476
71.6446 15.635
77.6402 15.2544
78.5784 14.4884
75.9015 15.0384
79.3099 14.3153
83.8032 14.4699
80.9276 15.9578
79.0234 14.9681
80.2172 14.6094
77.5757 15.2563
81.2844 14.477
84.8828 14.8819
87.9454 13.981
84.1967 14.6032
81.4189 14.3737
82.6242 14.8248
86.5801 14.7358
81.1465 15.4762
85.1794 14.6799
90.0564 14.6938
88.6315 14.5532
88.8909 15.0492
91.6558 15.7865
93.8598 14.2274
93.6324 13.7181
99.0724 14.22
93.4654 14.9516
102.311 15.095
97.6111 14.9123
102.595 15.8935
112.193 15.0889
110.875 13.8952
105.463 14.9783
98.2075 15.4143
103.894 14.3672
108.545 14.6942
98.1045 15.1849
101.099 15.3558
100.065 14.6323
100.123 15.3624
97.1748 13.7173
103.143 15.2031
96.1381 15.9635
97.0908 14.3112
93.8516 13.819
90.2041 13.36
93.2202 15.7158
94.1319 15.4503
92.8612 15.3412
95.6061 15.3954
103.244 15.6583
100.369 14.6365
95.8392 15.8624
100.879 14.5081
110.724 15.9177
109.91 15.2665
101.39 15.1719
100.462 14.8686
105.897 14.7007
117.483 14.7805
105.331 15.2002
114.778 14.8386
114.424 14.4773
109.591 15.5264
110.392 15.4913
114.663 16.1244
111.251 15.3715
105.426 15.0607
103.051 15.3205
98.7498 14.9822
104.205 15.2315
115.218 13.9488
106.643 14.4253
114.527 14.8442
110.438 14.8385
102.328 14.9074
95.7477 14.9089
101.781 14.9152
101.673 14.9367
97.7564 15.4977
108.537 14.3182
108.537 15.0556
106.462 14.3636
107.973 15.9202
106.995 15.5128
108.829 15.3959
91.6522 15.475
90.5913 15.0218
87.391 14.8775
88.2371 15.3085
91.2037 14.2844
92.8859 14.8772
91.9359 15.271
92.0382 15.6167
86.9961 15.1141
83.9172 15.8224
79.6259 15.6766
84.1722 14.9065
76.7307 14.41
83.724 15.6356
95.6071 15.2902
95.2526 15.7064
99.6729 15.8149
101.554 15.3807
105.857 14.4172
119.6 15.7255
118.265 15.1359
108.631 15.1825
109.657 15.009
104.725 14.4401
104.725 14.8342
110.365 15.0244
122.484 14.1781
124.117 15.4155
130.428 14.4995
130.896 14.6378
121.821 15.316
121.821 15.4086
122.946 14.9313
119.972 15.0022
135.378 15.4309
124.867 14.2592
124.867 15.193
128.741 15.5466
125.425 15.2978
125.425 15.8077
128.34 15.3856
124.682 14.6839
114.589 15.1599
121.709 14.923
121.709 14.9037
117.599 14.3619
117.599 14.2568
123.741 15.4435
110.356 15.086
102.897 14.6861
109.682 14.9331
115.342 16.1853
118.133 14.8679
113.351 14.8866
102.599 15.1225
107.327 14.431
109.815 14.2145
105.042 14.7201
89.8162 15.2025
96.4249 14.9409
93.9894 16.2662
90.1978 15.1366
93.9066 15.2871
96.3409 14.6348
91.2067 14.4503
97.0684 14.765
102.058 14.7078
103.701 15.1775
104.535 15.5107
105.413 15.3921
97.4873 15.321
89.9196 15.6602
92.8176 14.6901
89.2441 15.1285
87.3168 15.3267
96.3007 15.7993
94.4336 15.376
94.7651 15.1463
94.1655 14.0546
91.8043 14.7036
92.6413 15.2338
93.9886 15.2817
93.7784 15.9476
91.8528 14.9522
90.9028 14.4868
89.4236 14.5357
87.3462 14.2816
89.2768 15.2043
87.8274 15.5193
91.1681 15.5111
89.1517 14.5414
95.6801 14.1555
88.9172 15.5996
88.0585 14.3005
82.5147 15.3418
87.5288 15.2664
87.9433 14.4238
84.8936 14.8675
85.081 14.69
85.1633 14.6589
96.7032 14.0829
98.7609 15.0672
96.5572 15.5047
102.072 15.9768
102.696 15.1686
97.4039 15.4915
105.315 14.7305
105.315 14.8679
102.643 14.9984
103.212 14.9502
109.962 14.9274
120.29 15.0765
118.382 15.845
115.689 15.372
115.689 14.7074
104.274 14.8062
107.203 14.6507
107.203 14.7101
104.833 14.9601
111.475 14.7967
126.708 14.3993
123.677 14.9738
124.295 15.6256
124.295 15.047
124.92 14.7635
122.018 15.3895
115.48 14.9828
102.305 15.2164
103.851 15.5534
97.9451 14.7141
103.191 15.5734
90.9544 15.0505
89.0616 15.1382
87.8211 16.1035
89.6347 14.3536
86.5517 14.4235
82.5092 15.2897
82.7327 15.0703
77.1802 15.0182
82.5116 14.9399
77.2377 14.9909
81.5273 15.1875
82.6192 14.2946
86.1168 14.7963
81.7314 14.9216
82.2232 14.8661
82.3136 14.5308
81.8908 14.4362
77.8177 15.4918
81.607 14.9903
87.1147 14.6837
84.8063 14.506
89.346 14.4726
85.9398 15.2054
83.1031 16.0089
82.3311 15.3556
70.7481 15.5335
73.0802 15.7097
68.2237 14.865
68.2237 16.3347
66.3752 15.8875
65.4035 15.2192
69.7667 15.1989
67.8198 15.0673
69.9863 15.5295
69.9863 14.981
69.739 15.042
69.739 14.6089
69.739 14.6105
71.0574 15.4326
69.7146 14.9166
66.2697 14.4502
64.1799 14.7157
66.2033 15.1066
74.8319 15.1264
74.8319 15.0859
74.8319 15.312
80.1151 14.8191
79.4888 15.14
75.0304 14.7372
75.0304 14.5497
75.06 14.419
84.6386 15.252
91.3612 14.9933
92.1398 14.6599
91.393 14.2547
91.5731 14.7233
91.2349 14.6757
85.7336 15.7089
96.9925 15.9532
96.094 14.06
97.0219 14.5438
105.273 15.6624
94.5061 15.3369
91.5639 15.0063
100.671 15.9984
101.895 14.9042
103.728 14.6535
105.217 14.9617
107.289 14.0012
113.866 15.6459
127.641 14.692
135.733 14.1817
134.061 14.6784
134.061 15.2975
134.061 15.2653
118.108 15.4812
122.523 15.0689
137.944 14.8183
139.504 15.2311
133.947 15.0975
125.154 15.1231
125.829 14.1902
128.782 14.7744
117.064 15.1336
123.759 14.6373
105.718 14.2181
111.522 15.5319
111.967 15.4382
103.578 14.1577
104.9 14.4287
109.02 15.0806
105.561 14.285
108.563 14.3492
105.919 14.6341
108.771 14.8093
109.975 15.4646
98.5702 15.1274
95.6467 15.1998
92.058 15.4755
89.0859 14.7939
89.0859 15.6157
91.3164 15.5538
94.5924 15.1151
96.2732 14.9778
96.2239 14.8556
95.8338 14.2545
96.5582 15.8426
96.7783 15.393
89.3334 14.8836
88.8402 14.9122
85.2354 14.7288
86.1437 15.3833
79.4085 15.0521
87.1258 14.4076
88.1907 15.0456
89.1467 14.8738
88.1377 15.1976
94.2537 15.4677
99.7275 15.4956
96.6378 15.4919
91.222 13.9109
91.2487 14.6576
93.2493 14.5479
90.6662 15.7379
91.5044 14.9764
91.4214 15.4799
99.2508 15.5423
89.7237 15.4211
88.9967 14.8811
83.7224 15.1085
80.7918 13.9357
76.9064 16.4363
82.784 15.5772
81.6311 15.6832
81.1956 15.1994
85.5094 15.1754
89.5599 14.8081
98.7956 15.2211
105.091 14.4822
111.087 15.6299
111.087 15.2869
99.3999 14.5671
112.817 16.0888
118.434 15.4761
127.73 15.2577
132.798 14.3346
137.978 15.0836
140.89 14.9874
140.89 14.2226
140.89 14.1848
140.89 14.4544
143.743 14.5729
146.709 15.0829
144.495 14.7591
144.566 14.5441
140.999 14.499
137.683 15.0513
147.883 15.1941
147.883 15.4867
147.883 14.8424
138.002 14.9569
138.002 14.1918
136.376 14.1296
136.376 14.6295
138.007 14.821
132.84 15.2458
132.84 14.8917
132.84 14.8602
135.925 15.1246
132.998 14.5836
132.998 15.102
132.998 15.4205
160.925 15.6413
160.925 14.704
160.925 15.8615
160.925 15.2551
143.225 15.3284
143.225 14.6261
143.225 15.2979
135.82 15.3736
139.434 14.9503
139.434 14.4954
139.434 14.01
139.434 14.6968
144.302 15.2647
144.302 14.3813
141.182 15.234
141.182 14.4299
154.52 14.0853
150.525 14.6727
148.7 15.2852
152.995 15.0528
164.996 15.4921
164.996 15.2438
164.996 14.6387
163.671 14.7274
169.229 14.6334
159.943 14.6525
149.074 15.124
149.074 14.2641
146.02 15.5758
144.27 14.8867
144.27 15.1571
144.27 14.6973
144.27 14.9571
144.27 14.9206
123.087 15.4788
123.087 15.541
123.087 15.6448
117.978 15.5988
112.279 15.6661
112.279 14.7991
115.948 15.0773
117.436 14.7209
117.436 15.7155
117.436 14.563
118.356 14.4141
118.356 14.5309
117.795 14.077
124.577 14.7029
125.162 15.2866
123.202 15.0876
118.661 14.6586
122.838 15.3689
122.105 15.7306
125.905 15.2962
131.852 15.2604
123.45 15.132
123.45 15.0821
123.45 15.1924
123.45 15.2249
103.325 15.1314
105.107 15.7105
107.295 14.8793
108.834 15.0687
101.162 14.5455
95.9054 15.3284
92.6638 14.0749
77.8744 15.4502
84.6537 14.832
79.8406 14.9398
86.7325 15.6975
86.8572 15.047
82.07 15.1648
92.786 15.023
89.7926 15.3606
95.4081 15.3636
88.1156 15.3831
96.0479 15.2251
99.3615 14.948
102.336 14.295
102.336 14.9872
103.393 15.1001
105.319 15.236
101.713 15.159
110.77 15.1837
110.608 14.9969
111.627 15.7659
112.62 14.9534
114.81 15.6598
118.379 15.0292
115.291 14.6348
115.53 15.1378
107.937 15.1978
101.09 14.7932
108.653 14.682
106.154 14.034
106.154 14.6173
96.6014 14.3814
96.2909 15.1026
101.36 15.5715
93.4667 14.5996
91.7573 14.0032
95.2913 15.7971
96.7281 15.3805
98.8778 15.2696
105.633 15.5371
110.098 15.1179
109.885 14.6414
109.219 14.8029
111.733 15.4629
103.274 15.5991
98.867 15.0157
103.383 15.6889
113.749 15.8028
120.539 15.8364
108.441 15.2605
100.453 14.8832
107.222 14.4837
96.6935 14.7047
87.3014 15.113
84.3742 15.3971
79.6611 15.4691
82.8092 15.409
78.6619 14.6421
76.9545 14.9411
76.7836 15.2778
75.1626 15.7748
88.1948 15.0471
89.7092 15.4459
87.3277 14.1061
89.8895 15.5055
92.6352 15.5745
88.3995 15.0495
